{"meta": {"format": 3, "version": "7.10.7", "timestamp": "2025-11-09T15:31:25.429942", "branch_coverage": false, "show_contexts": false}, "files": {"backend/__init__.py": {"executed_lines": [1], "summary": {"covered_lines": 0, "num_statements": 0, "percent_covered": 100.0, "percent_covered_display": "100", "missing_lines": 0, "excluded_lines": 0}, "missing_lines": [], "excluded_lines": [], "functions": {"": {"executed_lines": [], "summary": {"covered_lines": 0, "num_statements": 0, "percent_covered": 100.0, "percent_covered_display": "100", "missing_lines": 0, "excluded_lines": 0}, "missing_lines": [], "excluded_lines": []}}, "classes": {"": {"executed_lines": [], "summary": {"covered_lines": 0, "num_statements": 0, "percent_covered": 100.0, "percent_covered_display": "100", "missing_lines": 0, "excluded_lines": 0}, "missing_lines": [], "excluded_lines": []}}}, "backend/app.py": {"executed_lines": [], "summary": {"covered_lines": 0, "num_statements": 36, "percent_covered": 0.0, "percent_covered_display": "0", "missing_lines": 36, "excluded_lines": 0}, "missing_lines": [8, 9, 10, 11, 14, 17, 21, 24, 34, 43, 44, 50, 51, 52, 53, 54, 57, 58, 59, 62, 63, 65, 68, 69, 76, 84, 85, 92, 99, 100, 110, 111, 113, 128, 129, 132], "excluded_lines": [], "functions": {"startup_event": {"executed_lines": [], "summary": {"covered_lines": 0, "num_statements": 8, "percent_covered": 0.0, "percent_covered_display": "0", "missing_lines": 8, "excluded_lines": 0}, "missing_lines": [50, 51, 52, 53, 54, 57, 58, 59], "excluded_lines": []}, "shutdown_event": {"executed_lines": [], "summary": {"covered_lines": 0, "num_statements": 1, "percent_covered": 0.0, "percent_covered_display": "0", "missing_lines": 1, "excluded_lines": 0}, "missing_lines": [65], "excluded_lines": []}, "root": {"executed_lines": [], "summary": {"covered_lines": 0, "num_statements": 1, "percent_covered": 0.0, "percent_covered_display": "0", "missing_lines": 1, "excluded_lines": 0}, "missing_lines": [76], "excluded_lines": []}, "health_check": {"executed_lines": [], "summary": {"covered_lines": 0, "num_statements": 1, "percent_covered": 0.0, "percent_covered_display": "0", "missing_lines": 1, "excluded_lines": 0}, "missing_lines": [92], "excluded_lines": []}, "config_info": {"executed_lines": [], "summary": {"covered_lines": 0, "num_statements": 3, "percent_covered": 0.0, "percent_covered_display": "0", "missing_lines": 3, "excluded_lines": 0}, "missing_lines": [110, 111, 113], "excluded_lines": []}, "": {"executed_lines": [], "summary": {"covered_lines": 0, "num_statements": 22, "percent_covered": 0.0, "percent_covered_display": "0", "missing_lines": 22, "excluded_lines": 0}, "missing_lines": [8, 9, 10, 11, 14, 17, 21, 24, 34, 43, 44, 62, 63, 68, 69, 84, 85, 99, 100, 128, 129, 132], "excluded_lines": []}}, "classes": {"": {"executed_lines": [], "summary": {"covered_lines": 0, "num_statements": 36, "percent_covered": 0.0, "percent_covered_display": "0", "missing_lines": 36, "excluded_lines": 0}, "missing_lines": [8, 9, 10, 11, 14, 17, 21, 24, 34, 43, 44, 50, 51, 52, 53, 54, 57, 58, 59, 62, 63, 65, 68, 69, 76, 84, 85, 92, 99, 100, 110, 111, 113, 128, 129, 132], "excluded_lines": []}}}, "backend/config.py": {"executed_lines": [], "summary": {"covered_lines": 0, "num_statements": 77, "percent_covered": 0.0, "percent_covered_display": "0", "missing_lines": 77, "excluded_lines": 0}, "missing_lines": [15, 16, 17, 18, 21, 32, 40, 46, 51, 56, 64, 70, 75, 82, 92, 100, 106, 112, 120, 126, 134, 140, 148, 154, 160, 168, 177, 185, 195, 206, 207, 208, 210, 211, 212, 214, 215, 216, 218, 219, 222, 227, 228, 230, 232, 233, 235, 237, 238, 240, 242, 243, 245, 247, 248, 250, 251, 256, 257, 262, 269, 270, 272, 273, 274, 275, 277, 279, 286, 293, 300, 306, 313, 319, 320, 341, 345], "excluded_lines": [], "functions": {"Settings.validate_jwt_secret": {"executed_lines": [], "summary": {"covered_lines": 0, "num_statements": 3, "percent_covered": 0.0, "percent_covered_display": "0", "missing_lines": 3, "excluded_lines": 0}, "missing_lines": [210, 211, 212], "excluded_lines": []}, "Settings.validate_environment": {"executed_lines": [], "summary": {"covered_lines": 0, "num_statements": 3, "percent_covered": 0.0, "percent_covered_display": "0", "missing_lines": 3, "excluded_lines": 0}, "missing_lines": [218, 219, 222], "excluded_lines": []}, "Settings.is_development": {"executed_lines": [], "summary": {"covered_lines": 0, "num_statements": 1, "percent_covered": 0.0, "percent_covered_display": "0", "missing_lines": 1, "excluded_lines": 0}, "missing_lines": [230], "excluded_lines": []}, "Settings.is_staging": {"executed_lines": [], "summary": {"covered_lines": 0, "num_statements": 1, "percent_covered": 0.0, "percent_covered_display": "0", "missing_lines": 1, "excluded_lines": 0}, "missing_lines": [235], "excluded_lines": []}, "Settings.is_production": {"executed_lines": [], "summary": {"covered_lines": 0, "num_statements": 1, "percent_covered": 0.0, "percent_covered_display": "0", "missing_lines": 1, "excluded_lines": 0}, "missing_lines": [240], "excluded_lines": []}, "Settings.debug": {"executed_lines": [], "summary": {"covered_lines": 0, "num_statements": 1, "percent_covered": 0.0, "percent_covered_display": "0", "missing_lines": 1, "excluded_lines": 0}, "missing_lines": [245], "excluded_lines": []}, "Settings.cors_origins": {"executed_lines": [], "summary": {"covered_lines": 0, "num_statements": 5, "percent_covered": 0.0, "percent_covered_display": "0", "missing_lines": 5, "excluded_lines": 0}, "missing_lines": [250, 251, 256, 257, 262], "excluded_lines": []}, "Settings.log_level": {"executed_lines": [], "summary": {"covered_lines": 0, "num_statements": 5, "percent_covered": 0.0, "percent_covered_display": "0", "missing_lines": 5, "excluded_lines": 0}, "missing_lines": [272, 273, 274, 275, 277], "excluded_lines": []}, "Settings.get_database_config": {"executed_lines": [], "summary": {"covered_lines": 0, "num_statements": 1, "percent_covered": 0.0, "percent_covered_display": "0", "missing_lines": 1, "excluded_lines": 0}, "missing_lines": [286], "excluded_lines": []}, "Settings.get_stripe_config": {"executed_lines": [], "summary": {"covered_lines": 0, "num_statements": 1, "percent_covered": 0.0, "percent_covered_display": "0", "missing_lines": 1, "excluded_lines": 0}, "missing_lines": [300], "excluded_lines": []}, "Settings.get_email_config": {"executed_lines": [], "summary": {"covered_lines": 0, "num_statements": 1, "percent_covered": 0.0, "percent_covered_display": "0", "missing_lines": 1, "excluded_lines": 0}, "missing_lines": [313], "excluded_lines": []}, "get_settings": {"executed_lines": [], "summary": {"covered_lines": 0, "num_statements": 1, "percent_covered": 0.0, "percent_covered_display": "0", "missing_lines": 1, "excluded_lines": 0}, "missing_lines": [341], "excluded_lines": []}, "": {"executed_lines": [], "summary": {"covered_lines": 0, "num_statements": 53, "percent_covered": 0.0, "percent_covered_display": "0", "missing_lines": 53, "excluded_lines": 0}, "missing_lines": [15, 16, 17, 18, 21, 32, 40, 46, 51, 56, 64, 70, 75, 82, 92, 100, 106, 112, 120, 126, 134, 140, 148, 154, 160, 168, 177, 185, 195, 206, 207, 208, 214, 215, 216, 227, 228, 232, 233, 237, 238, 242, 243, 247, 248, 269, 270, 279, 293, 306, 319, 320, 345], "excluded_lines": []}}, "classes": {"Settings": {"executed_lines": [], "summary": {"covered_lines": 0, "num_statements": 23, "percent_covered": 0.0, "percent_covered_display": "0", "missing_lines": 23, "excluded_lines": 0}, "missing_lines": [210, 211, 212, 218, 219, 222, 230, 235, 240, 245, 250, 251, 256, 257, 262, 272, 273, 274, 275, 277, 286, 300, 313], "excluded_lines": []}, "": {"executed_lines": [], "summary": {"covered_lines": 0, "num_statements": 54, "percent_covered": 0.0, "percent_covered_display": "0", "missing_lines": 54, "excluded_lines": 0}, "missing_lines": [15, 16, 17, 18, 21, 32, 40, 46, 51, 56, 64, 70, 75, 82, 92, 100, 106, 112, 120, 126, 134, 140, 148, 154, 160, 168, 177, 185, 195, 206, 207, 208, 214, 215, 216, 227, 228, 232, 233, 237, 238, 242, 243, 247, 248, 269, 270, 279, 293, 306, 319, 320, 341, 345], "excluded_lines": []}}}, "backend/models/__init__.py": {"executed_lines": [1, 28, 67], "summary": {"covered_lines": 2, "num_statements": 2, "percent_covered": 100.0, "percent_covered_display": "100", "missing_lines": 0, "excluded_lines": 0}, "missing_lines": [], "excluded_lines": [], "functions": {"": {"executed_lines": [1, 28, 67], "summary": {"covered_lines": 2, "num_statements": 2, "percent_covered": 100.0, "percent_covered_display": "100", "missing_lines": 0, "excluded_lines": 0}, "missing_lines": [], "excluded_lines": []}}, "classes": {"": {"executed_lines": [1, 28, 67], "summary": {"covered_lines": 2, "num_statements": 2, "percent_covered": 100.0, "percent_covered_display": "100", "missing_lines": 0, "excluded_lines": 0}, "missing_lines": [], "excluded_lines": []}}}, "backend/models/schemas.py": {"executed_lines": [1, 24, 25, 26, 27, 28, 35, 36, 37, 38, 39, 40, 41, 44, 45, 46, 47, 48, 49, 50, 51, 54, 55, 56, 57, 58, 61, 62, 63, 64, 65, 66, 69, 70, 71, 72, 73, 74, 77, 78, 79, 80, 81, 82, 83, 86, 87, 88, 89, 90, 91, 92, 93, 96, 97, 98, 99, 100, 103, 104, 105, 106, 107, 108, 109, 112, 113, 114, 115, 116, 117, 120, 121, 122, 123, 124, 125, 126, 127, 130, 131, 132, 133, 134, 135, 136, 137, 138, 139, 140, 147, 148, 149, 151, 152, 153, 160, 161, 162, 163, 164, 165, 166, 167, 168, 170, 171, 172, 174, 181, 182, 183, 184, 187, 188, 189, 190, 191, 194, 195, 196, 197, 198, 199, 202, 203, 204, 205, 206, 209, 210, 211, 214, 215, 216, 217, 220, 221, 228, 229, 230, 231, 232, 233, 234, 235, 236, 243, 244, 245, 246, 247, 250, 251, 254, 255, 256, 257, 260, 261, 262, 265, 266, 273, 274, 275, 276, 279, 280, 281, 284, 285, 286, 289, 290, 293, 294, 295, 298, 299, 306, 307, 308, 311, 312, 313, 314, 315, 318, 319, 322, 323, 324, 327, 328, 329, 330, 333, 334, 335, 338, 341, 342, 349, 350, 351, 352, 355, 356, 359, 360, 361, 362, 365, 366, 367, 368, 369, 370, 373, 374, 375, 378, 379, 382, 383, 386, 387, 388, 391, 392, 393, 396, 399, 400, 407, 408, 409, 410, 411, 414, 415, 418, 419, 422, 423, 430, 431, 432, 433, 434, 437, 438, 441, 442, 445, 446, 447, 450, 451, 452, 453, 456, 457, 460, 461, 468, 469, 470, 471, 472, 475, 476, 479, 480, 483, 484, 491, 492, 493, 494, 497, 498, 501, 502, 505, 508, 509, 512, 513, 514, 521, 522, 523, 524, 527, 528, 529, 532, 533, 536, 537, 538, 541, 544, 545, 548, 549, 556, 557, 558, 561, 562, 563, 566, 567, 568, 571, 572, 575, 576, 579, 580, 581, 584, 585, 586, 589, 590, 597, 598, 599, 600, 603, 604, 607, 608, 611, 612, 613, 616, 617, 620, 621, 622, 629, 631, 649, 651, 652], "summary": {"covered_lines": 322, "num_statements": 322, "percent_covered": 100.0, "percent_covered_display": "100", "missing_lines": 0, "excluded_lines": 0}, "missing_lines": [], "excluded_lines": [], "functions": {"User.email_lowercase": {"executed_lines": [174], "summary": {"covered_lines": 1, "num_statements": 1, "percent_covered": 100.0, "percent_covered_display": "100", "missing_lines": 0, "excluded_lines": 0}, "missing_lines": [], "excluded_lines": []}, "get_all_models": {"executed_lines": [631], "summary": {"covered_lines": 1, "num_statements": 1, "percent_covered": 100.0, "percent_covered_display": "100", "missing_lines": 0, "excluded_lines": 0}, "missing_lines": [], "excluded_lines": []}, "get_model_by_collection": {"executed_lines": [651, 652], "summary": {"covered_lines": 2, "num_statements": 2, "percent_covered": 100.0, "percent_covered_display": "100", "missing_lines": 0, "excluded_lines": 0}, "missing_lines": [], "excluded_lines": []}, "": {"executed_lines": [1, 24, 25, 26, 27, 28, 35, 36, 37, 38, 39, 40, 41, 44, 45, 46, 47, 48, 49, 50, 51, 54, 55, 56, 57, 58, 61, 62, 63, 64, 65, 66, 69, 70, 71, 72, 73, 74, 77, 78, 79, 80, 81, 82, 83, 86, 87, 88, 89, 90, 91, 92, 93, 96, 97, 98, 99, 100, 103, 104, 105, 106, 107, 108, 109, 112, 113, 114, 115, 116, 117, 120, 121, 122, 123, 124, 125, 126, 127, 130, 131, 132, 133, 134, 135, 136, 137, 138, 139, 140, 147, 148, 149, 151, 152, 153, 160, 161, 162, 163, 164, 165, 166, 167, 168, 170, 171, 172, 181, 182, 183, 184, 187, 188, 189, 190, 191, 194, 195, 196, 197, 198, 199, 202, 203, 204, 205, 206, 209, 210, 211, 214, 215, 216, 217, 220, 221, 228, 229, 230, 231, 232, 233, 234, 235, 236, 243, 244, 245, 246, 247, 250, 251, 254, 255, 256, 257, 260, 261, 262, 265, 266, 273, 274, 275, 276, 279, 280, 281, 284, 285, 286, 289, 290, 293, 294, 295, 298, 299, 306, 307, 308, 311, 312, 313, 314, 315, 318, 319, 322, 323, 324, 327, 328, 329, 330, 333, 334, 335, 338, 341, 342, 349, 350, 351, 352, 355, 356, 359, 360, 361, 362, 365, 366, 367, 368, 369, 370, 373, 374, 375, 378, 379, 382, 383, 386, 387, 388, 391, 392, 393, 396, 399, 400, 407, 408, 409, 410, 411, 414, 415, 418, 419, 422, 423, 430, 431, 432, 433, 434, 437, 438, 441, 442, 445, 446, 447, 450, 451, 452, 453, 456, 457, 460, 461, 468, 469, 470, 471, 472, 475, 476, 479, 480, 483, 484, 491, 492, 493, 494, 497, 498, 501, 502, 505, 508, 509, 512, 513, 514, 521, 522, 523, 524, 527, 528, 529, 532, 533, 536, 537, 538, 541, 544, 545, 548, 549, 556, 557, 558, 561, 562, 563, 566, 567, 568, 571, 572, 575, 576, 579, 580, 581, 584, 585, 586, 589, 590, 597, 598, 599, 600, 603, 604, 607, 608, 611, 612, 613, 616, 617, 620, 621, 622, 629, 649], "summary": {"covered_lines": 318, "num_statements": 318, "percent_covered": 100.0, "percent_covered_display": "100", "missing_lines": 0, "excluded_lines": 0}, "missing_lines": [], "excluded_lines": []}}, "classes": {"UserRole": {"executed_lines": [], "summary": {"covered_lines": 0, "num_statements": 0, "percent_covered": 100.0, "percent_covered_display": "100", "missing_lines": 0, "excluded_lines": 0}, "missing_lines": [], "excluded_lines": []}, "ApplicationStatus": {"executed_lines": [], "summary": {"covered_lines": 0, "num_statements": 0, "percent_covered": 100.0, "percent_covered_display": "100", "missing_lines": 0, "excluded_lines": 0}, "missing_lines": [], "excluded_lines": []}, "ApprovalStatus": {"executed_lines": [], "summary": {"covered_lines": 0, "num_statements": 0, "percent_covered": 100.0, "percent_covered_display": "100", "missing_lines": 0, "excluded_lines": 0}, "missing_lines": [], "excluded_lines": []}, "SubscriptionTier": {"executed_lines": [], "summary": {"covered_lines": 0, "num_statements": 0, "percent_covered": 100.0, "percent_covered_display": "100", "missing_lines": 0, "excluded_lines": 0}, "missing_lines": [], "excluded_lines": []}, "SubscriptionStatus": {"executed_lines": [], "summary": {"covered_lines": 0, "num_statements": 0, "percent_covered": 100.0, "percent_covered_display": "100", "missing_lines": 0, "excluded_lines": 0}, "missing_lines": [], "excluded_lines": []}, "PaymentStatus": {"executed_lines": [], "summary": {"covered_lines": 0, "num_statements": 0, "percent_covered": 100.0, "percent_covered_display": "100", "missing_lines": 0, "excluded_lines": 0}, "missing_lines": [], "excluded_lines": []}, "EventType": {"executed_lines": [], "summary": {"covered_lines": 0, "num_statements": 0, "percent_covered": 100.0, "percent_covered_display": "100", "missing_lines": 0, "excluded_lines": 0}, "missing_lines": [], "excluded_lines": []}, "EventVisibility": {"executed_lines": [], "summary": {"covered_lines": 0, "num_statements": 0, "percent_covered": 100.0, "percent_covered_display": "100", "missing_lines": 0, "excluded_lines": 0}, "missing_lines": [], "excluded_lines": []}, "RSVPStatus": {"executed_lines": [], "summary": {"covered_lines": 0, "num_statements": 0, "percent_covered": 100.0, "percent_covered_display": "100", "missing_lines": 0, "excluded_lines": 0}, "missing_lines": [], "excluded_lines": []}, "AttendanceStatus": {"executed_lines": [], "summary": {"covered_lines": 0, "num_statements": 0, "percent_covered": 100.0, "percent_covered_display": "100", "missing_lines": 0, "excluded_lines": 0}, "missing_lines": [], "excluded_lines": []}, "MediaType": {"executed_lines": [], "summary": {"covered_lines": 0, "num_statements": 0, "percent_covered": 100.0, "percent_covered_display": "100", "missing_lines": 0, "excluded_lines": 0}, "missing_lines": [], "excluded_lines": []}, "AuditAction": {"executed_lines": [], "summary": {"covered_lines": 0, "num_statements": 0, "percent_covered": 100.0, "percent_covered_display": "100", "missing_lines": 0, "excluded_lines": 0}, "missing_lines": [], "excluded_lines": []}, "BaseDocument": {"executed_lines": [], "summary": {"covered_lines": 0, "num_statements": 0, "percent_covered": 100.0, "percent_covered_display": "100", "missing_lines": 0, "excluded_lines": 0}, "missing_lines": [], "excluded_lines": []}, "User": {"executed_lines": [174], "summary": {"covered_lines": 1, "num_statements": 1, "percent_covered": 100.0, "percent_covered_display": "100", "missing_lines": 0, "excluded_lines": 0}, "missing_lines": [], "excluded_lines": []}, "Application": {"executed_lines": [], "summary": {"covered_lines": 0, "num_statements": 0, "percent_covered": 100.0, "percent_covered_display": "100", "missing_lines": 0, "excluded_lines": 0}, "missing_lines": [], "excluded_lines": []}, "Approval": {"executed_lines": [], "summary": {"covered_lines": 0, "num_statements": 0, "percent_covered": 100.0, "percent_covered_display": "100", "missing_lines": 0, "excluded_lines": 0}, "missing_lines": [], "excluded_lines": []}, "Subscription": {"executed_lines": [], "summary": {"covered_lines": 0, "num_statements": 0, "percent_covered": 100.0, "percent_covered_display": "100", "missing_lines": 0, "excluded_lines": 0}, "missing_lines": [], "excluded_lines": []}, "Payment": {"executed_lines": [], "summary": {"covered_lines": 0, "num_statements": 0, "percent_covered": 100.0, "percent_covered_display": "100", "missing_lines": 0, "excluded_lines": 0}, "missing_lines": [], "excluded_lines": []}, "Profile": {"executed_lines": [], "summary": {"covered_lines": 0, "num_statements": 0, "percent_covered": 100.0, "percent_covered_display": "100", "missing_lines": 0, "excluded_lines": 0}, "missing_lines": [], "excluded_lines": []}, "Event": {"executed_lines": [], "summary": {"covered_lines": 0, "num_statements": 0, "percent_covered": 100.0, "percent_covered_display": "100", "missing_lines": 0, "excluded_lines": 0}, "missing_lines": [], "excluded_lines": []}, "RSVP": {"executed_lines": [], "summary": {"covered_lines": 0, "num_statements": 0, "percent_covered": 100.0, "percent_covered_display": "100", "missing_lines": 0, "excluded_lines": 0}, "missing_lines": [], "excluded_lines": []}, "TrainingSession": {"executed_lines": [], "summary": {"covered_lines": 0, "num_statements": 0, "percent_covered": 100.0, "percent_covered_display": "100", "missing_lines": 0, "excluded_lines": 0}, "missing_lines": [], "excluded_lines": []}, "SessionAttendance": {"executed_lines": [], "summary": {"covered_lines": 0, "num_statements": 0, "percent_covered": 100.0, "percent_covered_display": "100", "missing_lines": 0, "excluded_lines": 0}, "missing_lines": [], "excluded_lines": []}, "SearchQuery": {"executed_lines": [], "summary": {"covered_lines": 0, "num_statements": 0, "percent_covered": 100.0, "percent_covered_display": "100", "missing_lines": 0, "excluded_lines": 0}, "missing_lines": [], "excluded_lines": []}, "ContentIndex": {"executed_lines": [], "summary": {"covered_lines": 0, "num_statements": 0, "percent_covered": 100.0, "percent_covered_display": "100", "missing_lines": 0, "excluded_lines": 0}, "missing_lines": [], "excluded_lines": []}, "MediaAsset": {"executed_lines": [], "summary": {"covered_lines": 0, "num_statements": 0, "percent_covered": 100.0, "percent_covered_display": "100", "missing_lines": 0, "excluded_lines": 0}, "missing_lines": [], "excluded_lines": []}, "AuditLog": {"executed_lines": [], "summary": {"covered_lines": 0, "num_statements": 0, "percent_covered": 100.0, "percent_covered_display": "100", "missing_lines": 0, "excluded_lines": 0}, "missing_lines": [], "excluded_lines": []}, "": {"executed_lines": [1, 24, 25, 26, 27, 28, 35, 36, 37, 38, 39, 40, 41, 44, 45, 46, 47, 48, 49, 50, 51, 54, 55, 56, 57, 58, 61, 62, 63, 64, 65, 66, 69, 70, 71, 72, 73, 74, 77, 78, 79, 80, 81, 82, 83, 86, 87, 88, 89, 90, 91, 92, 93, 96, 97, 98, 99, 100, 103, 104, 105, 106, 107, 108, 109, 112, 113, 114, 115, 116, 117, 120, 121, 122, 123, 124, 125, 126, 127, 130, 131, 132, 133, 134, 135, 136, 137, 138, 139, 140, 147, 148, 149, 151, 152, 153, 160, 161, 162, 163, 164, 165, 166, 167, 168, 170, 171, 172, 181, 182, 183, 184, 187, 188, 189, 190, 191, 194, 195, 196, 197, 198, 199, 202, 203, 204, 205, 206, 209, 210, 211, 214, 215, 216, 217, 220, 221, 228, 229, 230, 231, 232, 233, 234, 235, 236, 243, 244, 245, 246, 247, 250, 251, 254, 255, 256, 257, 260, 261, 262, 265, 266, 273, 274, 275, 276, 279, 280, 281, 284, 285, 286, 289, 290, 293, 294, 295, 298, 299, 306, 307, 308, 311, 312, 313, 314, 315, 318, 319, 322, 323, 324, 327, 328, 329, 330, 333, 334, 335, 338, 341, 342, 349, 350, 351, 352, 355, 356, 359, 360, 361, 362, 365, 366, 367, 368, 369, 370, 373, 374, 375, 378, 379, 382, 383, 386, 387, 388, 391, 392, 393, 396, 399, 400, 407, 408, 409, 410, 411, 414, 415, 418, 419, 422, 423, 430, 431, 432, 433, 434, 437, 438, 441, 442, 445, 446, 447, 450, 451, 452, 453, 456, 457, 460, 461, 468, 469, 470, 471, 472, 475, 476, 479, 480, 483, 484, 491, 492, 493, 494, 497, 498, 501, 502, 505, 508, 509, 512, 513, 514, 521, 522, 523, 524, 527, 528, 529, 532, 533, 536, 537, 538, 541, 544, 545, 548, 549, 556, 557, 558, 561, 562, 563, 566, 567, 568, 571, 572, 575, 576, 579, 580, 581, 584, 585, 586, 589, 590, 597, 598, 599, 600, 603, 604, 607, 608, 611, 612, 613, 616, 617, 620, 621, 622, 629, 631, 649, 651, 652], "summary": {"covered_lines": 321, "num_statements": 321, "percent_covered": 100.0, "percent_covered_display": "100", "missing_lines": 0, "excluded_lines": 0}, "missing_lines": [], "excluded_lines": []}}}, "backend/tests/__init__.py": {"executed_lines": [1, 15], "summary": {"covered_lines": 1, "num_statements": 1, "percent_covered": 100.0, "percent_covered_display": "100", "missing_lines": 0, "excluded_lines": 0}, "missing_lines": [], "excluded_lines": [], "functions": {"": {"executed_lines": [1, 15], "summary": {"covered_lines": 1, "num_statements": 1, "percent_covered": 100.0, "percent_covered_display": "100", "missing_lines": 0, "excluded_lines": 0}, "missing_lines": [], "excluded_lines": []}}, "classes": {"": {"executed_lines": [1, 15], "summary": {"covered_lines": 1, "num_statements": 1, "percent_covered": 100.0, "percent_covered_display": "100", "missing_lines": 0, "excluded_lines": 0}, "missing_lines": [], "excluded_lines": []}}}, "backend/tests/conftest.py": {"executed_lines": [1, 8, 9, 10, 11, 12, 14, 15, 18, 25, 26, 44, 45, 50, 77, 78, 83, 84, 91, 92, 114, 115, 141, 142, 170, 171, 190, 191, 217, 218, 238, 239, 256, 257, 277, 278, 298, 299, 324, 325, 354, 355, 360, 368, 373, 376, 379, 384, 390, 391, 393], "summary": {"covered_lines": 50, "num_statements": 109, "percent_covered": 45.87155963302752, "percent_covered_display": "46", "missing_lines": 59, "excluded_lines": 0}, "missing_lines": [35, 36, 37, 101, 104, 105, 106, 107, 108, 109, 111, 124, 127, 128, 129, 130, 131, 132, 134, 150, 153, 154, 161, 162, 167, 179, 181, 182, 183, 184, 185, 187, 199, 201, 205, 210, 225, 243, 261, 282, 309, 310, 311, 313, 314, 315, 317, 335, 336, 337, 338, 339, 341, 342, 343, 345, 347, 392, 394], "excluded_lines": [], "functions": {"faker_instance": {"executed_lines": [], "summary": {"covered_lines": 0, "num_statements": 3, "percent_covered": 0.0, "percent_covered_display": "0", "missing_lines": 3, "excluded_lines": 0}, "missing_lines": [35, 36, 37], "excluded_lines": []}, "test_env_vars": {"executed_lines": [50], "summary": {"covered_lines": 1, "num_statements": 1, "percent_covered": 100.0, "percent_covered_display": "100", "missing_lines": 0, "excluded_lines": 0}, "missing_lines": [], "excluded_lines": []}, "setup_test_env": {"executed_lines": [83, 84], "summary": {"covered_lines": 2, "num_statements": 2, "percent_covered": 100.0, "percent_covered_display": "100", "missing_lines": 0, "excluded_lines": 0}, "missing_lines": [], "excluded_lines": []}, "mock_zerodb_client": {"executed_lines": [], "summary": {"covered_lines": 0, "num_statements": 8, "percent_covered": 0.0, "percent_covered_display": "0", "missing_lines": 8, "excluded_lines": 0}, "missing_lines": [101, 104, 105, 106, 107, 108, 109, 111], "excluded_lines": []}, "mock_async_zerodb_client": {"executed_lines": [], "summary": {"covered_lines": 0, "num_statements": 8, "percent_covered": 0.0, "percent_covered_display": "0", "missing_lines": 8, "excluded_lines": 0}, "missing_lines": [124, 127, 128, 129, 130, 131, 132, 134], "excluded_lines": []}, "mock_stripe_client": {"executed_lines": [], "summary": {"covered_lines": 0, "num_statements": 6, "percent_covered": 0.0, "percent_covered_display": "0", "missing_lines": 6, "excluded_lines": 0}, "missing_lines": [150, 153, 154, 161, 162, 167], "excluded_lines": []}, "mock_redis_client": {"executed_lines": [], "summary": {"covered_lines": 0, "num_statements": 7, "percent_covered": 0.0, "percent_covered_display": "0", "missing_lines": 7, "excluded_lines": 0}, "missing_lines": [179, 181, 182, 183, 184, 185, 187], "excluded_lines": []}, "mock_email_service": {"executed_lines": [], "summary": {"covered_lines": 0, "num_statements": 4, "percent_covered": 0.0, "percent_covered_display": "0", "missing_lines": 4, "excluded_lines": 0}, "missing_lines": [199, 201, 205, 210], "excluded_lines": []}, "sample_user_data": {"executed_lines": [], "summary": {"covered_lines": 0, "num_statements": 1, "percent_covered": 0.0, "percent_covered_display": "0", "missing_lines": 1, "excluded_lines": 0}, "missing_lines": [225], "excluded_lines": []}, "sample_admin_data": {"executed_lines": [], "summary": {"covered_lines": 0, "num_statements": 1, "percent_covered": 0.0, "percent_covered_display": "0", "missing_lines": 1, "excluded_lines": 0}, "missing_lines": [243], "excluded_lines": []}, "sample_promotion_data": {"executed_lines": [], "summary": {"covered_lines": 0, "num_statements": 1, "percent_covered": 0.0, "percent_covered_display": "0", "missing_lines": 1, "excluded_lines": 0}, "missing_lines": [261], "excluded_lines": []}, "sample_approval_workflow_data": {"executed_lines": [], "summary": {"covered_lines": 0, "num_statements": 1, "percent_covered": 0.0, "percent_covered_display": "0", "missing_lines": 1, "excluded_lines": 0}, "missing_lines": [282], "excluded_lines": []}, "async_client": {"executed_lines": [], "summary": {"covered_lines": 0, "num_statements": 7, "percent_covered": 0.0, "percent_covered_display": "0", "missing_lines": 7, "excluded_lines": 0}, "missing_lines": [309, 310, 311, 313, 314, 315, 317], "excluded_lines": []}, "freeze_time": {"executed_lines": [], "summary": {"covered_lines": 0, "num_statements": 2, "percent_covered": 0.0, "percent_covered_display": "0", "missing_lines": 2, "excluded_lines": 0}, "missing_lines": [335, 347], "excluded_lines": []}, "freeze_time._freeze": {"executed_lines": [], "summary": {"covered_lines": 0, "num_statements": 6, "percent_covered": 0.0, "percent_covered_display": "0", "missing_lines": 6, "excluded_lines": 0}, "missing_lines": [336, 337, 338, 341, 342, 345], "excluded_lines": []}, "freeze_time._freeze.FrozenDatetime.utcnow": {"executed_lines": [], "summary": {"covered_lines": 0, "num_statements": 1, "percent_covered": 0.0, "percent_covered_display": "0", "missing_lines": 1, "excluded_lines": 0}, "missing_lines": [339], "excluded_lines": []}, "freeze_time._freeze.FrozenDatetime.now": {"executed_lines": [], "summary": {"covered_lines": 0, "num_statements": 1, "percent_covered": 0.0, "percent_covered_display": "0", "missing_lines": 1, "excluded_lines": 0}, "missing_lines": [343], "excluded_lines": []}, "reset_mocks": {"executed_lines": [360], "summary": {"covered_lines": 1, "num_statements": 1, "percent_covered": 100.0, "percent_covered_display": "100", "missing_lines": 0, "excluded_lines": 0}, "missing_lines": [], "excluded_lines": []}, "pytest_configure": {"executed_lines": [373, 376, 379], "summary": {"covered_lines": 3, "num_statements": 3, "percent_covered": 100.0, "percent_covered_display": "100", "missing_lines": 0, "excluded_lines": 0}, "missing_lines": [], "excluded_lines": []}, "pytest_collection_modifyitems": {"executed_lines": [390, 391, 393], "summary": {"covered_lines": 3, "num_statements": 5, "percent_covered": 60.0, "percent_covered_display": "60", "missing_lines": 2, "excluded_lines": 0}, "missing_lines": [392, 394], "excluded_lines": []}, "": {"executed_lines": [1, 8, 9, 10, 11, 12, 14, 15, 18, 25, 26, 44, 45, 77, 78, 91, 92, 114, 115, 141, 142, 170, 171, 190, 191, 217, 218, 238, 239, 256, 257, 277, 278, 298, 299, 324, 325, 354, 355, 368, 384], "summary": {"covered_lines": 40, "num_statements": 40, "percent_covered": 100.0, "percent_covered_display": "100", "missing_lines": 0, "excluded_lines": 0}, "missing_lines": [], "excluded_lines": []}}, "classes": {"freeze_time._freeze.FrozenDatetime": {"executed_lines": [], "summary": {"covered_lines": 0, "num_statements": 2, "percent_covered": 0.0, "percent_covered_display": "0", "missing_lines": 2, "excluded_lines": 0}, "missing_lines": [339, 343], "excluded_lines": []}, "": {"executed_lines": [1, 8, 9, 10, 11, 12, 14, 15, 18, 25, 26, 44, 45, 50, 77, 78, 83, 84, 91, 92, 114, 115, 141, 142, 170, 171, 190, 191, 217, 218, 238, 239, 256, 257, 277, 278, 298, 299, 324, 325, 354, 355, 360, 368, 373, 376, 379, 384, 390, 391, 393], "summary": {"covered_lines": 50, "num_statements": 107, "percent_covered": 46.728971962616825, "percent_covered_display": "47", "missing_lines": 57, "excluded_lines": 0}, "missing_lines": [35, 36, 37, 101, 104, 105, 106, 107, 108, 109, 111, 124, 127, 128, 129, 130, 131, 132, 134, 150, 153, 154, 161, 162, 167, 179, 181, 182, 183, 184, 185, 187, 199, 201, 205, 210, 225, 243, 261, 282, 309, 310, 311, 313, 314, 315, 317, 335, 336, 337, 338, 341, 342, 345, 347, 392, 394], "excluded_lines": []}}}, "backend/tests/fixtures/__init__.py": {"executed_lines": [], "summary": {"covered_lines": 0, "num_statements": 0, "percent_covered": 100.0, "percent_covered_display": "100", "missing_lines": 0, "excluded_lines": 0}, "missing_lines": [], "excluded_lines": [], "functions": {"": {"executed_lines": [], "summary": {"covered_lines": 0, "num_statements": 0, "percent_covered": 100.0, "percent_covered_display": "100", "missing_lines": 0, "excluded_lines": 0}, "missing_lines": [], "excluded_lines": []}}, "classes": {"": {"executed_lines": [], "summary": {"covered_lines": 0, "num_statements": 0, "percent_covered": 100.0, "percent_covered_display": "100", "missing_lines": 0, "excluded_lines": 0}, "missing_lines": [], "excluded_lines": []}}}, "backend/tests/test_config.py": {"executed_lines": [], "summary": {"covered_lines": 0, "num_statements": 238, "percent_covered": 0.0, "percent_covered_display": "0", "missing_lines": 238, "excluded_lines": 0}, "missing_lines": [15, 16, 17, 18, 19, 22, 25, 28, 43, 44, 47, 49, 50, 51, 52, 53, 55, 58, 59, 60, 63, 68, 71, 72, 75, 77, 78, 80, 81, 83, 84, 86, 88, 103, 104, 106, 108, 109, 111, 112, 114, 116, 131, 132, 134, 136, 137, 139, 140, 142, 144, 159, 160, 162, 164, 165, 167, 168, 171, 174, 177, 179, 194, 195, 197, 199, 200, 202, 204, 219, 220, 222, 224, 225, 226, 227, 229, 231, 246, 247, 249, 251, 252, 254, 257, 259, 274, 275, 277, 279, 280, 282, 284, 299, 300, 302, 304, 305, 308, 311, 313, 328, 329, 330, 331, 332, 333, 334, 336, 338, 353, 354, 355, 356, 357, 358, 359, 361, 363, 378, 379, 380, 381, 382, 383, 384, 386, 388, 403, 404, 405, 406, 407, 410, 411, 412, 413, 414, 417, 420, 422, 437, 438, 440, 442, 443, 445, 446, 447, 448, 450, 452, 467, 468, 470, 472, 473, 475, 476, 478, 480, 495, 496, 498, 500, 501, 503, 504, 505, 508, 511, 513, 528, 529, 531, 533, 534, 536, 538, 553, 554, 556, 558, 559, 561, 563, 578, 579, 581, 583, 584, 587, 590, 592, 609, 610, 612, 614, 615, 617, 618, 619, 620, 622, 624, 640, 641, 643, 645, 646, 648, 649, 650, 652, 654, 670, 671, 673, 675, 676, 678, 679, 682, 685, 687, 702, 703, 705, 707, 708, 710, 712, 727, 728, 730, 733, 734, 737], "excluded_lines": [], "functions": {"TestSettingsValidation.test_valid_configuration": {"executed_lines": [], "summary": {"covered_lines": 0, "num_statements": 9, "percent_covered": 0.0, "percent_covered_display": "0", "missing_lines": 9, "excluded_lines": 0}, "missing_lines": [28, 43, 44, 47, 49, 50, 51, 52, 53], "excluded_lines": []}, "TestSettingsValidation.test_missing_required_field": {"executed_lines": [], "summary": {"covered_lines": 0, "num_statements": 14, "percent_covered": 0.0, "percent_covered_display": "0", "missing_lines": 14, "excluded_lines": 0}, "missing_lines": [58, 59, 60, 63, 68, 71, 72, 75, 77, 78, 80, 81, 83, 84], "excluded_lines": []}, "TestSettingsValidation.test_jwt_secret_too_short": {"executed_lines": [], "summary": {"covered_lines": 0, "num_statements": 8, "percent_covered": 0.0, "percent_covered_display": "0", "missing_lines": 8, "excluded_lines": 0}, "missing_lines": [88, 103, 104, 106, 108, 109, 111, 112], "excluded_lines": []}, "TestSettingsValidation.test_invalid_python_env": {"executed_lines": [], "summary": {"covered_lines": 0, "num_statements": 8, "percent_covered": 0.0, "percent_covered_display": "0", "missing_lines": 8, "excluded_lines": 0}, "missing_lines": [116, 131, 132, 134, 136, 137, 139, 140], "excluded_lines": []}, "TestSettingsValidation.test_api_key_minimum_length": {"executed_lines": [], "summary": {"covered_lines": 0, "num_statements": 8, "percent_covered": 0.0, "percent_covered_display": "0", "missing_lines": 8, "excluded_lines": 0}, "missing_lines": [144, 159, 160, 162, 164, 165, 167, 168], "excluded_lines": []}, "TestDefaultValues.test_default_python_env": {"executed_lines": [], "summary": {"covered_lines": 0, "num_statements": 7, "percent_covered": 0.0, "percent_covered_display": "0", "missing_lines": 7, "excluded_lines": 0}, "missing_lines": [177, 179, 194, 195, 197, 199, 200], "excluded_lines": []}, "TestDefaultValues.test_default_jwt_settings": {"executed_lines": [], "summary": {"covered_lines": 0, "num_statements": 8, "percent_covered": 0.0, "percent_covered_display": "0", "missing_lines": 8, "excluded_lines": 0}, "missing_lines": [204, 219, 220, 222, 224, 225, 226, 227], "excluded_lines": []}, "TestDefaultValues.test_default_backend_url": {"executed_lines": [], "summary": {"covered_lines": 0, "num_statements": 6, "percent_covered": 0.0, "percent_covered_display": "0", "missing_lines": 6, "excluded_lines": 0}, "missing_lines": [231, 246, 247, 249, 251, 252], "excluded_lines": []}, "TestDefaultValues.test_default_from_email": {"executed_lines": [], "summary": {"covered_lines": 0, "num_statements": 7, "percent_covered": 0.0, "percent_covered_display": "0", "missing_lines": 7, "excluded_lines": 0}, "missing_lines": [257, 259, 274, 275, 277, 279, 280], "excluded_lines": []}, "TestDefaultValues.test_default_test_coverage": {"executed_lines": [], "summary": {"covered_lines": 0, "num_statements": 6, "percent_covered": 0.0, "percent_covered_display": "0", "missing_lines": 6, "excluded_lines": 0}, "missing_lines": [284, 299, 300, 302, 304, 305], "excluded_lines": []}, "TestEnvironmentProperties.test_is_development_property": {"executed_lines": [], "summary": {"covered_lines": 0, "num_statements": 8, "percent_covered": 0.0, "percent_covered_display": "0", "missing_lines": 8, "excluded_lines": 0}, "missing_lines": [313, 328, 329, 330, 331, 332, 333, 334], "excluded_lines": []}, "TestEnvironmentProperties.test_is_staging_property": {"executed_lines": [], "summary": {"covered_lines": 0, "num_statements": 8, "percent_covered": 0.0, "percent_covered_display": "0", "missing_lines": 8, "excluded_lines": 0}, "missing_lines": [338, 353, 354, 355, 356, 357, 358, 359], "excluded_lines": []}, "TestEnvironmentProperties.test_is_production_property": {"executed_lines": [], "summary": {"covered_lines": 0, "num_statements": 8, "percent_covered": 0.0, "percent_covered_display": "0", "missing_lines": 8, "excluded_lines": 0}, "missing_lines": [363, 378, 379, 380, 381, 382, 383, 384], "excluded_lines": []}, "TestEnvironmentProperties.test_debug_property": {"executed_lines": [], "summary": {"covered_lines": 0, "num_statements": 11, "percent_covered": 0.0, "percent_covered_display": "0", "missing_lines": 11, "excluded_lines": 0}, "missing_lines": [388, 403, 404, 405, 406, 407, 410, 411, 412, 413, 414], "excluded_lines": []}, "TestCorsOrigins.test_cors_origins_development": {"executed_lines": [], "summary": {"covered_lines": 0, "num_statements": 10, "percent_covered": 0.0, "percent_covered_display": "0", "missing_lines": 10, "excluded_lines": 0}, "missing_lines": [422, 437, 438, 440, 442, 443, 445, 446, 447, 448], "excluded_lines": []}, "TestCorsOrigins.test_cors_origins_staging": {"executed_lines": [], "summary": {"covered_lines": 0, "num_statements": 8, "percent_covered": 0.0, "percent_covered_display": "0", "missing_lines": 8, "excluded_lines": 0}, "missing_lines": [452, 467, 468, 470, 472, 473, 475, 476], "excluded_lines": []}, "TestCorsOrigins.test_cors_origins_production": {"executed_lines": [], "summary": {"covered_lines": 0, "num_statements": 9, "percent_covered": 0.0, "percent_covered_display": "0", "missing_lines": 9, "excluded_lines": 0}, "missing_lines": [480, 495, 496, 498, 500, 501, 503, 504, 505], "excluded_lines": []}, "TestLogLevel.test_log_level_development": {"executed_lines": [], "summary": {"covered_lines": 0, "num_statements": 6, "percent_covered": 0.0, "percent_covered_display": "0", "missing_lines": 6, "excluded_lines": 0}, "missing_lines": [513, 528, 529, 531, 533, 534], "excluded_lines": []}, "TestLogLevel.test_log_level_staging": {"executed_lines": [], "summary": {"covered_lines": 0, "num_statements": 6, "percent_covered": 0.0, "percent_covered_display": "0", "missing_lines": 6, "excluded_lines": 0}, "missing_lines": [538, 553, 554, 556, 558, 559], "excluded_lines": []}, "TestLogLevel.test_log_level_production": {"executed_lines": [], "summary": {"covered_lines": 0, "num_statements": 6, "percent_covered": 0.0, "percent_covered_display": "0", "missing_lines": 6, "excluded_lines": 0}, "missing_lines": [563, 578, 579, 581, 583, 584], "excluded_lines": []}, "TestHelperMethods.test_get_database_config": {"executed_lines": [], "summary": {"covered_lines": 0, "num_statements": 10, "percent_covered": 0.0, "percent_covered_display": "0", "missing_lines": 10, "excluded_lines": 0}, "missing_lines": [592, 609, 610, 612, 614, 615, 617, 618, 619, 620], "excluded_lines": []}, "TestHelperMethods.test_get_stripe_config": {"executed_lines": [], "summary": {"covered_lines": 0, "num_statements": 9, "percent_covered": 0.0, "percent_covered_display": "0", "missing_lines": 9, "excluded_lines": 0}, "missing_lines": [624, 640, 641, 643, 645, 646, 648, 649, 650], "excluded_lines": []}, "TestHelperMethods.test_get_email_config": {"executed_lines": [], "summary": {"covered_lines": 0, "num_statements": 8, "percent_covered": 0.0, "percent_covered_display": "0", "missing_lines": 8, "excluded_lines": 0}, "missing_lines": [654, 670, 671, 673, 675, 676, 678, 679], "excluded_lines": []}, "TestGetSettingsFunction.test_get_settings_returns_settings_instance": {"executed_lines": [], "summary": {"covered_lines": 0, "num_statements": 6, "percent_covered": 0.0, "percent_covered_display": "0", "missing_lines": 6, "excluded_lines": 0}, "missing_lines": [687, 702, 703, 705, 707, 708], "excluded_lines": []}, "TestGetSettingsFunction.test_get_settings_caches_instance": {"executed_lines": [], "summary": {"covered_lines": 0, "num_statements": 7, "percent_covered": 0.0, "percent_covered_display": "0", "missing_lines": 7, "excluded_lines": 0}, "missing_lines": [712, 727, 728, 730, 733, 734, 737], "excluded_lines": []}, "": {"executed_lines": [], "summary": {"covered_lines": 0, "num_statements": 37, "percent_covered": 0.0, "percent_covered_display": "0", "missing_lines": 37, "excluded_lines": 0}, "missing_lines": [15, 16, 17, 18, 19, 22, 25, 55, 86, 114, 142, 171, 174, 202, 229, 254, 282, 308, 311, 336, 361, 386, 417, 420, 450, 478, 508, 511, 536, 561, 587, 590, 622, 652, 682, 685, 710], "excluded_lines": []}}, "classes": {"TestSettingsValidation": {"executed_lines": [], "summary": {"covered_lines": 0, "num_statements": 47, "percent_covered": 0.0, "percent_covered_display": "0", "missing_lines": 47, "excluded_lines": 0}, "missing_lines": [28, 43, 44, 47, 49, 50, 51, 52, 53, 58, 59, 60, 63, 68, 71, 72, 75, 77, 78, 80, 81, 83, 84, 88, 103, 104, 106, 108, 109, 111, 112, 116, 131, 132, 134, 136, 137, 139, 140, 144, 159, 160, 162, 164, 165, 167, 168], "excluded_lines": []}, "TestDefaultValues": {"executed_lines": [], "summary": {"covered_lines": 0, "num_statements": 34, "percent_covered": 0.0, "percent_covered_display": "0", "missing_lines": 34, "excluded_lines": 0}, "missing_lines": [177, 179, 194, 195, 197, 199, 200, 204, 219, 220, 222, 224, 225, 226, 227, 231, 246, 247, 249, 251, 252, 257, 259, 274, 275, 277, 279, 280, 284, 299, 300, 302, 304, 305], "excluded_lines": []}, "TestEnvironmentProperties": {"executed_lines": [], "summary": {"covered_lines": 0, "num_statements": 35, "percent_covered": 0.0, "percent_covered_display": "0", "missing_lines": 35, "excluded_lines": 0}, "missing_lines": [313, 328, 329, 330, 331, 332, 333, 334, 338, 353, 354, 355, 356, 357, 358, 359, 363, 378, 379, 380, 381, 382, 383, 384, 388, 403, 404, 405, 406, 407, 410, 411, 412, 413, 414], "excluded_lines": []}, "TestCorsOrigins": {"executed_lines": [], "summary": {"covered_lines": 0, "num_statements": 27, "percent_covered": 0.0, "percent_covered_display": "0", "missing_lines": 27, "excluded_lines": 0}, "missing_lines": [422, 437, 438, 440, 442, 443, 445, 446, 447, 448, 452, 467, 468, 470, 472, 473, 475, 476, 480, 495, 496, 498, 500, 501, 503, 504, 505], "excluded_lines": []}, "TestLogLevel": {"executed_lines": [], "summary": {"covered_lines": 0, "num_statements": 18, "percent_covered": 0.0, "percent_covered_display": "0", "missing_lines": 18, "excluded_lines": 0}, "missing_lines": [513, 528, 529, 531, 533, 534, 538, 553, 554, 556, 558, 559, 563, 578, 579, 581, 583, 584], "excluded_lines": []}, "TestHelperMethods": {"executed_lines": [], "summary": {"covered_lines": 0, "num_statements": 27, "percent_covered": 0.0, "percent_covered_display": "0", "missing_lines": 27, "excluded_lines": 0}, "missing_lines": [592, 609, 610, 612, 614, 615, 617, 618, 619, 620, 624, 640, 641, 643, 645, 646, 648, 649, 650, 654, 670, 671, 673, 675, 676, 678, 679], "excluded_lines": []}, "TestGetSettingsFunction": {"executed_lines": [], "summary": {"covered_lines": 0, "num_statements": 13, "percent_covered": 0.0, "percent_covered_display": "0", "missing_lines": 13, "excluded_lines": 0}, "missing_lines": [687, 702, 703, 705, 707, 708, 712, 727, 728, 730, 733, 734, 737], "excluded_lines": []}, "": {"executed_lines": [], "summary": {"covered_lines": 0, "num_statements": 37, "percent_covered": 0.0, "percent_covered_display": "0", "missing_lines": 37, "excluded_lines": 0}, "missing_lines": [15, 16, 17, 18, 19, 22, 25, 55, 86, 114, 142, 171, 174, 202, 229, 254, 282, 308, 311, 336, 361, 386, 417, 420, 450, 478, 508, 511, 536, 561, 587, 590, 622, 652, 682, 685, 710], "excluded_lines": []}}}, "backend/tests/test_integration/__init__.py": {"executed_lines": [], "summary": {"covered_lines": 0, "num_statements": 0, "percent_covered": 100.0, "percent_covered_display": "100", "missing_lines": 0, "excluded_lines": 0}, "missing_lines": [], "excluded_lines": [], "functions": {"": {"executed_lines": [], "summary": {"covered_lines": 0, "num_statements": 0, "percent_covered": 100.0, "percent_covered_display": "100", "missing_lines": 0, "excluded_lines": 0}, "missing_lines": [], "excluded_lines": []}}, "classes": {"": {"executed_lines": [], "summary": {"covered_lines": 0, "num_statements": 0, "percent_covered": 100.0, "percent_covered_display": "100", "missing_lines": 0, "excluded_lines": 0}, "missing_lines": [], "excluded_lines": []}}}, "backend/tests/test_models.py": {"executed_lines": [1, 14, 15, 16, 17, 20, 37, 38, 40, 42, 43, 44, 45, 47, 49, 50, 51, 53, 55, 56, 57, 58, 59, 61, 63, 64, 65, 66, 73, 74, 76, 78, 82, 83, 84, 85, 86, 88, 90, 94, 96, 98, 99, 101, 103, 112, 113, 114, 115, 117, 119, 121, 122, 129, 130, 132, 134, 140, 141, 142, 143, 145, 147, 155, 156, 157, 159, 161, 171, 172, 173, 175, 177, 178, 186, 188, 199, 200, 201, 208, 209, 211, 213, 217, 218, 219, 221, 223, 230, 231, 233, 235, 236, 247, 248, 250, 252, 258, 259, 260, 261, 262, 264, 266, 268, 274, 276, 278, 286, 287, 289, 291, 292, 304, 305, 307, 309, 314, 315, 316, 318, 320, 328, 329, 330, 332, 334, 342, 343, 350, 351, 353, 355, 360, 361, 362, 363, 364, 366, 368, 377, 378, 379, 381, 383, 393, 394, 401, 402, 404, 406, 413, 414, 415, 416, 418, 420, 429, 430, 432, 434, 444, 445, 446, 448, 450, 453, 460, 467, 468, 470, 472, 476, 477, 478, 479, 481, 483, 489, 490, 492, 494, 495, 506, 507, 509, 511, 518, 519, 520, 521, 522, 524, 526, 537, 538, 540, 542, 543, 556, 557, 559, 561, 566, 568, 570, 578, 579, 580, 582, 584, 585, 597, 598, 600, 602, 605, 606, 607, 609, 611, 612, 620, 621, 622, 624, 627, 628, 633, 634, 641, 642, 644, 647, 648, 655, 656, 657, 658, 659, 661, 663, 664, 677, 678, 679, 686, 687, 689, 691, 700, 701, 702, 703, 705, 707, 717, 718, 719, 721, 723, 732, 733, 740, 741, 743, 745, 752, 753, 754, 756, 758, 771, 772, 773, 775, 777, 787, 788, 789, 796, 797, 799, 801, 802, 803, 804, 805, 806, 808, 810, 811, 813, 814, 816, 817, 824, 825, 827, 829, 830, 832, 834, 835, 837, 839, 840, 842, 844, 845, 852, 853, 855, 857, 858, 860, 866, 873, 874, 876, 878, 880, 888, 893, 898, 899, 901, 903, 905, 914, 915, 917, 918, 925, 926, 928, 932, 933, 935, 938, 939, 944, 947, 948, 954, 957, 964, 967, 968, 976, 978, 983, 984, 985, 987, 989, 995, 996, 1003], "summary": {"covered_lines": 339, "num_statements": 340, "percent_covered": 99.70588235294117, "percent_covered_display": "99", "missing_lines": 1, "excluded_lines": 0}, "missing_lines": [1004], "excluded_lines": [], "functions": {"TestBaseDocument.test_base_document_default_fields": {"executed_lines": [42, 43, 44, 45], "summary": {"covered_lines": 4, "num_statements": 4, "percent_covered": 100.0, "percent_covered_display": "100", "missing_lines": 0, "excluded_lines": 0}, "missing_lines": [], "excluded_lines": []}, "TestBaseDocument.test_base_document_custom_id": {"executed_lines": [49, 50, 51], "summary": {"covered_lines": 3, "num_statements": 3, "percent_covered": 100.0, "percent_covered_display": "100", "missing_lines": 0, "excluded_lines": 0}, "missing_lines": [], "excluded_lines": []}, "TestBaseDocument.test_base_document_timestamps": {"executed_lines": [55, 56, 57, 58, 59], "summary": {"covered_lines": 5, "num_statements": 5, "percent_covered": 100.0, "percent_covered_display": "100", "missing_lines": 0, "excluded_lines": 0}, "missing_lines": [], "excluded_lines": []}, "TestBaseDocument.test_base_document_json_encoding": {"executed_lines": [63, 64, 65, 66], "summary": {"covered_lines": 4, "num_statements": 4, "percent_covered": 100.0, "percent_covered_display": "100", "missing_lines": 0, "excluded_lines": 0}, "missing_lines": [], "excluded_lines": []}, "TestUser.test_user_creation_minimal": {"executed_lines": [78, 82, 83, 84, 85, 86], "summary": {"covered_lines": 6, "num_statements": 6, "percent_covered": 100.0, "percent_covered_display": "100", "missing_lines": 0, "excluded_lines": 0}, "missing_lines": [], "excluded_lines": []}, "TestUser.test_user_email_lowercase": {"executed_lines": [90, 94], "summary": {"covered_lines": 2, "num_statements": 2, "percent_covered": 100.0, "percent_covered_display": "100", "missing_lines": 0, "excluded_lines": 0}, "missing_lines": [], "excluded_lines": []}, "TestUser.test_user_invalid_email": {"executed_lines": [98, 99], "summary": {"covered_lines": 2, "num_statements": 2, "percent_covered": 100.0, "percent_covered_display": "100", "missing_lines": 0, "excluded_lines": 0}, "missing_lines": [], "excluded_lines": []}, "TestUser.test_user_all_fields": {"executed_lines": [103, 112, 113, 114, 115], "summary": {"covered_lines": 5, "num_statements": 5, "percent_covered": 100.0, "percent_covered_display": "100", "missing_lines": 0, "excluded_lines": 0}, "missing_lines": [], "excluded_lines": []}, "TestUser.test_user_role_enum_values": {"executed_lines": [119, 121, 122], "summary": {"covered_lines": 3, "num_statements": 3, "percent_covered": 100.0, "percent_covered_display": "100", "missing_lines": 0, "excluded_lines": 0}, "missing_lines": [], "excluded_lines": []}, "TestApplication.test_application_creation_minimal": {"executed_lines": [134, 140, 141, 142, 143], "summary": {"covered_lines": 5, "num_statements": 5, "percent_covered": 100.0, "percent_covered_display": "100", "missing_lines": 0, "excluded_lines": 0}, "missing_lines": [], "excluded_lines": []}, "TestApplication.test_application_status_workflow": {"executed_lines": [147, 155, 156, 157], "summary": {"covered_lines": 4, "num_statements": 4, "percent_covered": 100.0, "percent_covered_display": "100", "missing_lines": 0, "excluded_lines": 0}, "missing_lines": [], "excluded_lines": []}, "TestApplication.test_application_martial_arts_info": {"executed_lines": [161, 171, 172, 173], "summary": {"covered_lines": 4, "num_statements": 4, "percent_covered": 100.0, "percent_covered_display": "100", "missing_lines": 0, "excluded_lines": 0}, "missing_lines": [], "excluded_lines": []}, "TestApplication.test_application_invalid_experience_years": {"executed_lines": [177, 178], "summary": {"covered_lines": 2, "num_statements": 2, "percent_covered": 100.0, "percent_covered_display": "100", "missing_lines": 0, "excluded_lines": 0}, "missing_lines": [], "excluded_lines": []}, "TestApplication.test_application_address_fields": {"executed_lines": [188, 199, 200, 201], "summary": {"covered_lines": 4, "num_statements": 4, "percent_covered": 100.0, "percent_covered_display": "100", "missing_lines": 0, "excluded_lines": 0}, "missing_lines": [], "excluded_lines": []}, "TestApproval.test_approval_creation": {"executed_lines": [213, 217, 218, 219], "summary": {"covered_lines": 4, "num_statements": 4, "percent_covered": 100.0, "percent_covered_display": "100", "missing_lines": 0, "excluded_lines": 0}, "missing_lines": [], "excluded_lines": []}, "TestApproval.test_approval_with_conditions": {"executed_lines": [223, 230, 231], "summary": {"covered_lines": 3, "num_statements": 3, "percent_covered": 100.0, "percent_covered_display": "100", "missing_lines": 0, "excluded_lines": 0}, "missing_lines": [], "excluded_lines": []}, "TestApproval.test_approval_invalid_priority": {"executed_lines": [235, 236], "summary": {"covered_lines": 2, "num_statements": 2, "percent_covered": 100.0, "percent_covered_display": "100", "missing_lines": 0, "excluded_lines": 0}, "missing_lines": [], "excluded_lines": []}, "TestSubscription.test_subscription_creation": {"executed_lines": [252, 258, 259, 260, 261, 262], "summary": {"covered_lines": 6, "num_statements": 6, "percent_covered": 100.0, "percent_covered_display": "100", "missing_lines": 0, "excluded_lines": 0}, "missing_lines": [], "excluded_lines": []}, "TestSubscription.test_subscription_all_tiers": {"executed_lines": [266, 268, 274], "summary": {"covered_lines": 3, "num_statements": 3, "percent_covered": 100.0, "percent_covered_display": "100", "missing_lines": 0, "excluded_lines": 0}, "missing_lines": [], "excluded_lines": []}, "TestSubscription.test_subscription_stripe_integration": {"executed_lines": [278, 286, 287], "summary": {"covered_lines": 3, "num_statements": 3, "percent_covered": 100.0, "percent_covered_display": "100", "missing_lines": 0, "excluded_lines": 0}, "missing_lines": [], "excluded_lines": []}, "TestSubscription.test_subscription_invalid_amount": {"executed_lines": [291, 292], "summary": {"covered_lines": 2, "num_statements": 2, "percent_covered": 100.0, "percent_covered_display": "100", "missing_lines": 0, "excluded_lines": 0}, "missing_lines": [], "excluded_lines": []}, "TestPayment.test_payment_creation": {"executed_lines": [309, 314, 315, 316], "summary": {"covered_lines": 4, "num_statements": 4, "percent_covered": 100.0, "percent_covered_display": "100", "missing_lines": 0, "excluded_lines": 0}, "missing_lines": [], "excluded_lines": []}, "TestPayment.test_payment_refund": {"executed_lines": [320, 328, 329, 330], "summary": {"covered_lines": 4, "num_statements": 4, "percent_covered": 100.0, "percent_covered_display": "100", "missing_lines": 0, "excluded_lines": 0}, "missing_lines": [], "excluded_lines": []}, "TestPayment.test_payment_stripe_fields": {"executed_lines": [334, 342, 343], "summary": {"covered_lines": 3, "num_statements": 3, "percent_covered": 100.0, "percent_covered_display": "100", "missing_lines": 0, "excluded_lines": 0}, "missing_lines": [], "excluded_lines": []}, "TestProfile.test_profile_creation_minimal": {"executed_lines": [355, 360, 361, 362, 363, 364], "summary": {"covered_lines": 6, "num_statements": 6, "percent_covered": 100.0, "percent_covered_display": "100", "missing_lines": 0, "excluded_lines": 0}, "missing_lines": [], "excluded_lines": []}, "TestProfile.test_profile_martial_arts_data": {"executed_lines": [368, 377, 378, 379], "summary": {"covered_lines": 4, "num_statements": 4, "percent_covered": 100.0, "percent_covered_display": "100", "missing_lines": 0, "excluded_lines": 0}, "missing_lines": [], "excluded_lines": []}, "TestProfile.test_profile_social_links": {"executed_lines": [383, 393, 394], "summary": {"covered_lines": 3, "num_statements": 3, "percent_covered": 100.0, "percent_covered_display": "100", "missing_lines": 0, "excluded_lines": 0}, "missing_lines": [], "excluded_lines": []}, "TestEvent.test_event_creation_minimal": {"executed_lines": [406, 413, 414, 415, 416], "summary": {"covered_lines": 5, "num_statements": 5, "percent_covered": 100.0, "percent_covered_display": "100", "missing_lines": 0, "excluded_lines": 0}, "missing_lines": [], "excluded_lines": []}, "TestEvent.test_event_virtual_event": {"executed_lines": [420, 429, 430], "summary": {"covered_lines": 3, "num_statements": 3, "percent_covered": 100.0, "percent_covered_display": "100", "missing_lines": 0, "excluded_lines": 0}, "missing_lines": [], "excluded_lines": []}, "TestEvent.test_event_capacity_management": {"executed_lines": [434, 444, 445, 446], "summary": {"covered_lines": 4, "num_statements": 4, "percent_covered": 100.0, "percent_covered_display": "100", "missing_lines": 0, "excluded_lines": 0}, "missing_lines": [], "excluded_lines": []}, "TestEvent.test_event_all_types": {"executed_lines": [450, 453, 460], "summary": {"covered_lines": 3, "num_statements": 3, "percent_covered": 100.0, "percent_covered_display": "100", "missing_lines": 0, "excluded_lines": 0}, "missing_lines": [], "excluded_lines": []}, "TestRSVP.test_rsvp_creation": {"executed_lines": [472, 476, 477, 478, 479], "summary": {"covered_lines": 5, "num_statements": 5, "percent_covered": 100.0, "percent_covered_display": "100", "missing_lines": 0, "excluded_lines": 0}, "missing_lines": [], "excluded_lines": []}, "TestRSVP.test_rsvp_with_guests": {"executed_lines": [483, 489, 490], "summary": {"covered_lines": 3, "num_statements": 3, "percent_covered": 100.0, "percent_covered_display": "100", "missing_lines": 0, "excluded_lines": 0}, "missing_lines": [], "excluded_lines": []}, "TestRSVP.test_rsvp_invalid_guests_count": {"executed_lines": [494, 495], "summary": {"covered_lines": 2, "num_statements": 2, "percent_covered": 100.0, "percent_covered_display": "100", "missing_lines": 0, "excluded_lines": 0}, "missing_lines": [], "excluded_lines": []}, "TestTrainingSession.test_training_session_creation": {"executed_lines": [511, 518, 519, 520, 521, 522], "summary": {"covered_lines": 6, "num_statements": 6, "percent_covered": 100.0, "percent_covered_display": "100", "missing_lines": 0, "excluded_lines": 0}, "missing_lines": [], "excluded_lines": []}, "TestTrainingSession.test_training_session_with_video": {"executed_lines": [526, 537, 538], "summary": {"covered_lines": 3, "num_statements": 3, "percent_covered": 100.0, "percent_covered_display": "100", "missing_lines": 0, "excluded_lines": 0}, "missing_lines": [], "excluded_lines": []}, "TestTrainingSession.test_training_session_invalid_duration": {"executed_lines": [542, 543], "summary": {"covered_lines": 2, "num_statements": 2, "percent_covered": 100.0, "percent_covered_display": "100", "missing_lines": 0, "excluded_lines": 0}, "missing_lines": [], "excluded_lines": []}, "TestSessionAttendance.test_session_attendance_creation": {"executed_lines": [561, 566], "summary": {"covered_lines": 2, "num_statements": 2, "percent_covered": 100.0, "percent_covered_display": "100", "missing_lines": 0, "excluded_lines": 0}, "missing_lines": [], "excluded_lines": []}, "TestSessionAttendance.test_session_attendance_with_video_tracking": {"executed_lines": [570, 578, 579, 580], "summary": {"covered_lines": 4, "num_statements": 4, "percent_covered": 100.0, "percent_covered_display": "100", "missing_lines": 0, "excluded_lines": 0}, "missing_lines": [], "excluded_lines": []}, "TestSessionAttendance.test_session_attendance_invalid_score": {"executed_lines": [584, 585], "summary": {"covered_lines": 2, "num_statements": 2, "percent_covered": 100.0, "percent_covered_display": "100", "missing_lines": 0, "excluded_lines": 0}, "missing_lines": [], "excluded_lines": []}, "TestSearchQuery.test_search_query_creation": {"executed_lines": [602, 605, 606, 607], "summary": {"covered_lines": 4, "num_statements": 4, "percent_covered": 100.0, "percent_covered_display": "100", "missing_lines": 0, "excluded_lines": 0}, "missing_lines": [], "excluded_lines": []}, "TestSearchQuery.test_search_query_with_results": {"executed_lines": [611, 612, 620, 621, 622], "summary": {"covered_lines": 5, "num_statements": 5, "percent_covered": 100.0, "percent_covered_display": "100", "missing_lines": 0, "excluded_lines": 0}, "missing_lines": [], "excluded_lines": []}, "TestSearchQuery.test_search_query_with_embedding": {"executed_lines": [627, 628, 633, 634], "summary": {"covered_lines": 4, "num_statements": 4, "percent_covered": 100.0, "percent_covered_display": "100", "missing_lines": 0, "excluded_lines": 0}, "missing_lines": [], "excluded_lines": []}, "TestContentIndex.test_content_index_creation": {"executed_lines": [647, 648, 655, 656, 657, 658, 659], "summary": {"covered_lines": 7, "num_statements": 7, "percent_covered": 100.0, "percent_covered_display": "100", "missing_lines": 0, "excluded_lines": 0}, "missing_lines": [], "excluded_lines": []}, "TestContentIndex.test_content_index_with_metadata": {"executed_lines": [663, 664, 677, 678, 679], "summary": {"covered_lines": 5, "num_statements": 5, "percent_covered": 100.0, "percent_covered_display": "100", "missing_lines": 0, "excluded_lines": 0}, "missing_lines": [], "excluded_lines": []}, "TestMediaAsset.test_media_asset_image": {"executed_lines": [691, 700, 701, 702, 703], "summary": {"covered_lines": 5, "num_statements": 5, "percent_covered": 100.0, "percent_covered_display": "100", "missing_lines": 0, "excluded_lines": 0}, "missing_lines": [], "excluded_lines": []}, "TestMediaAsset.test_media_asset_video": {"executed_lines": [707, 717, 718, 719], "summary": {"covered_lines": 4, "num_statements": 4, "percent_covered": 100.0, "percent_covered_display": "100", "missing_lines": 0, "excluded_lines": 0}, "missing_lines": [], "excluded_lines": []}, "TestMediaAsset.test_media_asset_access_control": {"executed_lines": [723, 732, 733], "summary": {"covered_lines": 3, "num_statements": 3, "percent_covered": 100.0, "percent_covered_display": "100", "missing_lines": 0, "excluded_lines": 0}, "missing_lines": [], "excluded_lines": []}, "TestAuditLog.test_audit_log_creation": {"executed_lines": [745, 752, 753, 754], "summary": {"covered_lines": 4, "num_statements": 4, "percent_covered": 100.0, "percent_covered_display": "100", "missing_lines": 0, "excluded_lines": 0}, "missing_lines": [], "excluded_lines": []}, "TestAuditLog.test_audit_log_with_changes": {"executed_lines": [758, 771, 772, 773], "summary": {"covered_lines": 4, "num_statements": 4, "percent_covered": 100.0, "percent_covered_display": "100", "missing_lines": 0, "excluded_lines": 0}, "missing_lines": [], "excluded_lines": []}, "TestAuditLog.test_audit_log_failed_action": {"executed_lines": [777, 787, 788, 789], "summary": {"covered_lines": 4, "num_statements": 4, "percent_covered": 100.0, "percent_covered_display": "100", "missing_lines": 0, "excluded_lines": 0}, "missing_lines": [], "excluded_lines": []}, "TestHelperFunctions.test_get_all_models": {"executed_lines": [801, 802, 803, 804, 805, 806], "summary": {"covered_lines": 6, "num_statements": 6, "percent_covered": 100.0, "percent_covered_display": "100", "missing_lines": 0, "excluded_lines": 0}, "missing_lines": [], "excluded_lines": []}, "TestHelperFunctions.test_get_model_by_collection": {"executed_lines": [810, 811, 813, 814, 816, 817], "summary": {"covered_lines": 6, "num_statements": 6, "percent_covered": 100.0, "percent_covered_display": "100", "missing_lines": 0, "excluded_lines": 0}, "missing_lines": [], "excluded_lines": []}, "TestEnums.test_user_role_enum": {"executed_lines": [829, 830], "summary": {"covered_lines": 2, "num_statements": 2, "percent_covered": 100.0, "percent_covered_display": "100", "missing_lines": 0, "excluded_lines": 0}, "missing_lines": [], "excluded_lines": []}, "TestEnums.test_application_status_enum": {"executed_lines": [834, 835], "summary": {"covered_lines": 2, "num_statements": 2, "percent_covered": 100.0, "percent_covered_display": "100", "missing_lines": 0, "excluded_lines": 0}, "missing_lines": [], "excluded_lines": []}, "TestEnums.test_payment_status_enum": {"executed_lines": [839, 840], "summary": {"covered_lines": 2, "num_statements": 2, "percent_covered": 100.0, "percent_covered_display": "100", "missing_lines": 0, "excluded_lines": 0}, "missing_lines": [], "excluded_lines": []}, "TestEnums.test_event_type_enum": {"executed_lines": [844, 845], "summary": {"covered_lines": 2, "num_statements": 2, "percent_covered": 100.0, "percent_covered_display": "100", "missing_lines": 0, "excluded_lines": 0}, "missing_lines": [], "excluded_lines": []}, "TestModelRelationships.test_user_to_profile_relationship": {"executed_lines": [857, 858, 860, 866, 873, 874], "summary": {"covered_lines": 6, "num_statements": 6, "percent_covered": 100.0, "percent_covered_display": "100", "missing_lines": 0, "excluded_lines": 0}, "missing_lines": [], "excluded_lines": []}, "TestModelRelationships.test_application_to_approval_relationship": {"executed_lines": [878, 880, 888, 893, 898, 899], "summary": {"covered_lines": 6, "num_statements": 6, "percent_covered": 100.0, "percent_covered_display": "100", "missing_lines": 0, "excluded_lines": 0}, "missing_lines": [], "excluded_lines": []}, "TestModelRelationships.test_event_to_rsvp_relationship": {"executed_lines": [903, 905, 914, 915, 917, 918], "summary": {"covered_lines": 6, "num_statements": 6, "percent_covered": 100.0, "percent_covered_display": "100", "missing_lines": 0, "excluded_lines": 0}, "missing_lines": [], "excluded_lines": []}, "TestEdgeCases.test_empty_string_validation": {"executed_lines": [932, 933], "summary": {"covered_lines": 2, "num_statements": 2, "percent_covered": 100.0, "percent_covered_display": "100", "missing_lines": 0, "excluded_lines": 0}, "missing_lines": [], "excluded_lines": []}, "TestEdgeCases.test_uuid_validation": {"executed_lines": [938, 939, 944, 947, 948], "summary": {"covered_lines": 5, "num_statements": 5, "percent_covered": 100.0, "percent_covered_display": "100", "missing_lines": 0, "excluded_lines": 0}, "missing_lines": [], "excluded_lines": []}, "TestEdgeCases.test_datetime_validation": {"executed_lines": [957, 964, 967, 968], "summary": {"covered_lines": 4, "num_statements": 4, "percent_covered": 100.0, "percent_covered_display": "100", "missing_lines": 0, "excluded_lines": 0}, "missing_lines": [], "excluded_lines": []}, "TestEdgeCases.test_array_field_defaults": {"executed_lines": [978, 983, 984, 985], "summary": {"covered_lines": 4, "num_statements": 4, "percent_covered": 100.0, "percent_covered_display": "100", "missing_lines": 0, "excluded_lines": 0}, "missing_lines": [], "excluded_lines": []}, "TestEdgeCases.test_dict_field_defaults": {"executed_lines": [989, 995, 996], "summary": {"covered_lines": 3, "num_statements": 3, "percent_covered": 100.0, "percent_covered_display": "100", "missing_lines": 0, "excluded_lines": 0}, "missing_lines": [], "excluded_lines": []}, "": {"executed_lines": [1, 14, 15, 16, 17, 20, 37, 38, 40, 47, 53, 61, 73, 74, 76, 88, 96, 101, 117, 129, 130, 132, 145, 159, 175, 186, 208, 209, 211, 221, 233, 247, 248, 250, 264, 276, 289, 304, 305, 307, 318, 332, 350, 351, 353, 366, 381, 401, 402, 404, 418, 432, 448, 467, 468, 470, 481, 492, 506, 507, 509, 524, 540, 556, 557, 559, 568, 582, 597, 598, 600, 609, 624, 641, 642, 644, 661, 686, 687, 689, 705, 721, 740, 741, 743, 756, 775, 796, 797, 799, 808, 824, 825, 827, 832, 837, 842, 852, 853, 855, 876, 901, 925, 926, 928, 935, 954, 976, 987, 1003], "summary": {"covered_lines": 90, "num_statements": 91, "percent_covered": 98.9010989010989, "percent_covered_display": "99", "missing_lines": 1, "excluded_lines": 0}, "missing_lines": [1004], "excluded_lines": []}}, "classes": {"TestBaseDocument": {"executed_lines": [42, 43, 44, 45, 49, 50, 51, 55, 56, 57, 58, 59, 63, 64, 65, 66], "summary": {"covered_lines": 16, "num_statements": 16, "percent_covered": 100.0, "percent_covered_display": "100", "missing_lines": 0, "excluded_lines": 0}, "missing_lines": [], "excluded_lines": []}, "TestUser": {"executed_lines": [78, 82, 83, 84, 85, 86, 90, 94, 98, 99, 103, 112, 113, 114, 115, 119, 121, 122], "summary": {"covered_lines": 18, "num_statements": 18, "percent_covered": 100.0, "percent_covered_display": "100", "missing_lines": 0, "excluded_lines": 0}, "missing_lines": [], "excluded_lines": []}, "TestApplication": {"executed_lines": [134, 140, 141, 142, 143, 147, 155, 156, 157, 161, 171, 172, 173, 177, 178, 188, 199, 200, 201], "summary": {"covered_lines": 19, "num_statements": 19, "percent_covered": 100.0, "percent_covered_display": "100", "missing_lines": 0, "excluded_lines": 0}, "missing_lines": [], "excluded_lines": []}, "TestApproval": {"executed_lines": [213, 217, 218, 219, 223, 230, 231, 235, 236], "summary": {"covered_lines": 9, "num_statements": 9, "percent_covered": 100.0, "percent_covered_display": "100", "missing_lines": 0, "excluded_lines": 0}, "missing_lines": [], "excluded_lines": []}, "TestSubscription": {"executed_lines": [252, 258, 259, 260, 261, 262, 266, 268, 274, 278, 286, 287, 291, 292], "summary": {"covered_lines": 14, "num_statements": 14, "percent_covered": 100.0, "percent_covered_display": "100", "missing_lines": 0, "excluded_lines": 0}, "missing_lines": [], "excluded_lines": []}, "TestPayment": {"executed_lines": [309, 314, 315, 316, 320, 328, 329, 330, 334, 342, 343], "summary": {"covered_lines": 11, "num_statements": 11, "percent_covered": 100.0, "percent_covered_display": "100", "missing_lines": 0, "excluded_lines": 0}, "missing_lines": [], "excluded_lines": []}, "TestProfile": {"executed_lines": [355, 360, 361, 362, 363, 364, 368, 377, 378, 379, 383, 393, 394], "summary": {"covered_lines": 13, "num_statements": 13, "percent_covered": 100.0, "percent_covered_display": "100", "missing_lines": 0, "excluded_lines": 0}, "missing_lines": [], "excluded_lines": []}, "TestEvent": {"executed_lines": [406, 413, 414, 415, 416, 420, 429, 430, 434, 444, 445, 446, 450, 453, 460], "summary": {"covered_lines": 15, "num_statements": 15, "percent_covered": 100.0, "percent_covered_display": "100", "missing_lines": 0, "excluded_lines": 0}, "missing_lines": [], "excluded_lines": []}, "TestRSVP": {"executed_lines": [472, 476, 477, 478, 479, 483, 489, 490, 494, 495], "summary": {"covered_lines": 10, "num_statements": 10, "percent_covered": 100.0, "percent_covered_display": "100", "missing_lines": 0, "excluded_lines": 0}, "missing_lines": [], "excluded_lines": []}, "TestTrainingSession": {"executed_lines": [511, 518, 519, 520, 521, 522, 526, 537, 538, 542, 543], "summary": {"covered_lines": 11, "num_statements": 11, "percent_covered": 100.0, "percent_covered_display": "100", "missing_lines": 0, "excluded_lines": 0}, "missing_lines": [], "excluded_lines": []}, "TestSessionAttendance": {"executed_lines": [561, 566, 570, 578, 579, 580, 584, 585], "summary": {"covered_lines": 8, "num_statements": 8, "percent_covered": 100.0, "percent_covered_display": "100", "missing_lines": 0, "excluded_lines": 0}, "missing_lines": [], "excluded_lines": []}, "TestSearchQuery": {"executed_lines": [602, 605, 606, 607, 611, 612, 620, 621, 622, 627, 628, 633, 634], "summary": {"covered_lines": 13, "num_statements": 13, "percent_covered": 100.0, "percent_covered_display": "100", "missing_lines": 0, "excluded_lines": 0}, "missing_lines": [], "excluded_lines": []}, "TestContentIndex": {"executed_lines": [647, 648, 655, 656, 657, 658, 659, 663, 664, 677, 678, 679], "summary": {"covered_lines": 12, "num_statements": 12, "percent_covered": 100.0, "percent_covered_display": "100", "missing_lines": 0, "excluded_lines": 0}, "missing_lines": [], "excluded_lines": []}, "TestMediaAsset": {"executed_lines": [691, 700, 701, 702, 703, 707, 717, 718, 719, 723, 732, 733], "summary": {"covered_lines": 12, "num_statements": 12, "percent_covered": 100.0, "percent_covered_display": "100", "missing_lines": 0, "excluded_lines": 0}, "missing_lines": [], "excluded_lines": []}, "TestAuditLog": {"executed_lines": [745, 752, 753, 754, 758, 771, 772, 773, 777, 787, 788, 789], "summary": {"covered_lines": 12, "num_statements": 12, "percent_covered": 100.0, "percent_covered_display": "100", "missing_lines": 0, "excluded_lines": 0}, "missing_lines": [], "excluded_lines": []}, "TestHelperFunctions": {"executed_lines": [801, 802, 803, 804, 805, 806, 810, 811, 813, 814, 816, 817], "summary": {"covered_lines": 12, "num_statements": 12, "percent_covered": 100.0, "percent_covered_display": "100", "missing_lines": 0, "excluded_lines": 0}, "missing_lines": [], "excluded_lines": []}, "TestEnums": {"executed_lines": [829, 830, 834, 835, 839, 840, 844, 845], "summary": {"covered_lines": 8, "num_statements": 8, "percent_covered": 100.0, "percent_covered_display": "100", "missing_lines": 0, "excluded_lines": 0}, "missing_lines": [], "excluded_lines": []}, "TestModelRelationships": {"executed_lines": [857, 858, 860, 866, 873, 874, 878, 880, 888, 893, 898, 899, 903, 905, 914, 915, 917, 918], "summary": {"covered_lines": 18, "num_statements": 18, "percent_covered": 100.0, "percent_covered_display": "100", "missing_lines": 0, "excluded_lines": 0}, "missing_lines": [], "excluded_lines": []}, "TestEdgeCases": {"executed_lines": [932, 933, 938, 939, 944, 947, 948, 957, 964, 967, 968, 978, 983, 984, 985, 989, 995, 996], "summary": {"covered_lines": 18, "num_statements": 18, "percent_covered": 100.0, "percent_covered_display": "100", "missing_lines": 0, "excluded_lines": 0}, "missing_lines": [], "excluded_lines": []}, "": {"executed_lines": [1, 14, 15, 16, 17, 20, 37, 38, 40, 47, 53, 61, 73, 74, 76, 88, 96, 101, 117, 129, 130, 132, 145, 159, 175, 186, 208, 209, 211, 221, 233, 247, 248, 250, 264, 276, 289, 304, 305, 307, 318, 332, 350, 351, 353, 366, 381, 401, 402, 404, 418, 432, 448, 467, 468, 470, 481, 492, 506, 507, 509, 524, 540, 556, 557, 559, 568, 582, 597, 598, 600, 609, 624, 641, 642, 644, 661, 686, 687, 689, 705, 721, 740, 741, 743, 756, 775, 796, 797, 799, 808, 824, 825, 827, 832, 837, 842, 852, 853, 855, 876, 901, 925, 926, 928, 935, 954, 976, 987, 1003], "summary": {"covered_lines": 90, "num_statements": 91, "percent_covered": 98.9010989010989, "percent_covered_display": "99", "missing_lines": 1, "excluded_lines": 0}, "missing_lines": [1004], "excluded_lines": []}}}, "backend/tests/test_services/__init__.py": {"executed_lines": [], "summary": {"covered_lines": 0, "num_statements": 0, "percent_covered": 100.0, "percent_covered_display": "100", "missing_lines": 0, "excluded_lines": 0}, "missing_lines": [], "excluded_lines": [], "functions": {"": {"executed_lines": [], "summary": {"covered_lines": 0, "num_statements": 0, "percent_covered": 100.0, "percent_covered_display": "100", "missing_lines": 0, "excluded_lines": 0}, "missing_lines": [], "excluded_lines": []}}, "classes": {"": {"executed_lines": [], "summary": {"covered_lines": 0, "num_statements": 0, "percent_covered": 100.0, "percent_covered_display": "100", "missing_lines": 0, "excluded_lines": 0}, "missing_lines": [], "excluded_lines": []}}}, "backend/tests/test_services/test_zerodb_service.py": {"executed_lines": [], "summary": {"covered_lines": 0, "num_statements": 141, "percent_covered": 0.0, "percent_covered_display": "0", "missing_lines": 141, "excluded_lines": 0}, "missing_lines": [14, 15, 16, 20, 23, 24, 25, 26, 28, 31, 32, 33, 35, 37, 38, 41, 49, 51, 52, 55, 60, 62, 63, 66, 72, 74, 75, 78, 80, 87, 88, 91, 103, 104, 105, 108, 109, 111, 116, 117, 120, 123, 124, 125, 127, 128, 131, 134, 137, 138, 139, 140, 141, 143, 144, 147, 155, 158, 159, 160, 162, 163, 166, 167, 173, 176, 177, 178, 180, 181, 184, 187, 190, 192, 193, 196, 197, 200, 203, 204, 205, 206, 208, 209, 212, 218, 221, 222, 224, 225, 228, 231, 234, 235, 242, 243, 244, 247, 248, 251, 252, 258, 261, 264, 265, 267, 268, 271, 276, 277, 280, 283, 284, 285, 287, 288, 291, 295, 298, 301, 302, 303, 310, 311, 312, 315, 316, 319, 322, 323, 325, 326, 329, 332, 335, 337, 338, 341, 342, 345, 346], "excluded_lines": [], "functions": {"ZeroDBService.__init__": {"executed_lines": [], "summary": {"covered_lines": 0, "num_statements": 3, "percent_covered": 0.0, "percent_covered_display": "0", "missing_lines": 3, "excluded_lines": 0}, "missing_lines": [24, 25, 26], "excluded_lines": []}, "ZeroDBService.authenticate": {"executed_lines": [], "summary": {"covered_lines": 0, "num_statements": 3, "percent_covered": 0.0, "percent_covered_display": "0", "missing_lines": 3, "excluded_lines": 0}, "missing_lines": [31, 32, 33], "excluded_lines": []}, "ZeroDBService.get_user": {"executed_lines": [], "summary": {"covered_lines": 0, "num_statements": 3, "percent_covered": 0.0, "percent_covered_display": "0", "missing_lines": 3, "excluded_lines": 0}, "missing_lines": [37, 38, 41], "excluded_lines": []}, "ZeroDBService.create_user": {"executed_lines": [], "summary": {"covered_lines": 0, "num_statements": 3, "percent_covered": 0.0, "percent_covered_display": "0", "missing_lines": 3, "excluded_lines": 0}, "missing_lines": [51, 52, 55], "excluded_lines": []}, "ZeroDBService.update_user": {"executed_lines": [], "summary": {"covered_lines": 0, "num_statements": 3, "percent_covered": 0.0, "percent_covered_display": "0", "missing_lines": 3, "excluded_lines": 0}, "missing_lines": [62, 63, 66], "excluded_lines": []}, "ZeroDBService.delete_user": {"executed_lines": [], "summary": {"covered_lines": 0, "num_statements": 3, "percent_covered": 0.0, "percent_covered_display": "0", "missing_lines": 3, "excluded_lines": 0}, "missing_lines": [74, 75, 78], "excluded_lines": []}, "ZeroDBService.query_users": {"executed_lines": [], "summary": {"covered_lines": 0, "num_statements": 3, "percent_covered": 0.0, "percent_covered_display": "0", "missing_lines": 3, "excluded_lines": 0}, "missing_lines": [87, 88, 91], "excluded_lines": []}, "TestZeroDBService.service": {"executed_lines": [], "summary": {"covered_lines": 0, "num_statements": 1, "percent_covered": 0.0, "percent_covered_display": "0", "missing_lines": 1, "excluded_lines": 0}, "missing_lines": [111], "excluded_lines": []}, "TestZeroDBService.test_authenticate": {"executed_lines": [], "summary": {"covered_lines": 0, "num_statements": 4, "percent_covered": 0.0, "percent_covered_display": "0", "missing_lines": 4, "excluded_lines": 0}, "missing_lines": [120, 123, 124, 125], "excluded_lines": []}, "TestZeroDBService.test_get_user": {"executed_lines": [], "summary": {"covered_lines": 0, "num_statements": 7, "percent_covered": 0.0, "percent_covered_display": "0", "missing_lines": 7, "excluded_lines": 0}, "missing_lines": [131, 134, 137, 138, 139, 140, 141], "excluded_lines": []}, "TestZeroDBService.test_create_user": {"executed_lines": [], "summary": {"covered_lines": 0, "num_statements": 5, "percent_covered": 0.0, "percent_covered_display": "0", "missing_lines": 5, "excluded_lines": 0}, "missing_lines": [147, 155, 158, 159, 160], "excluded_lines": []}, "TestZeroDBService.test_update_user": {"executed_lines": [], "summary": {"covered_lines": 0, "num_statements": 6, "percent_covered": 0.0, "percent_covered_display": "0", "missing_lines": 6, "excluded_lines": 0}, "missing_lines": [166, 167, 173, 176, 177, 178], "excluded_lines": []}, "TestZeroDBService.test_delete_user": {"executed_lines": [], "summary": {"covered_lines": 0, "num_statements": 3, "percent_covered": 0.0, "percent_covered_display": "0", "missing_lines": 3, "excluded_lines": 0}, "missing_lines": [184, 187, 190], "excluded_lines": []}, "TestZeroDBService.test_query_users_with_pagination": {"executed_lines": [], "summary": {"covered_lines": 0, "num_statements": 7, "percent_covered": 0.0, "percent_covered_display": "0", "missing_lines": 7, "excluded_lines": 0}, "missing_lines": [196, 197, 200, 203, 204, 205, 206], "excluded_lines": []}, "TestZeroDBService.test_query_users_with_filters": {"executed_lines": [], "summary": {"covered_lines": 0, "num_statements": 4, "percent_covered": 0.0, "percent_covered_display": "0", "missing_lines": 4, "excluded_lines": 0}, "missing_lines": [212, 218, 221, 222], "excluded_lines": []}, "TestZeroDBService.test_auto_authentication": {"executed_lines": [], "summary": {"covered_lines": 0, "num_statements": 4, "percent_covered": 0.0, "percent_covered_display": "0", "missing_lines": 4, "excluded_lines": 0}, "missing_lines": [228, 231, 234, 235], "excluded_lines": []}, "TestZeroDBServiceWithMocks.test_get_user_with_mock": {"executed_lines": [], "summary": {"covered_lines": 0, "num_statements": 6, "percent_covered": 0.0, "percent_covered_display": "0", "missing_lines": 6, "excluded_lines": 0}, "missing_lines": [251, 252, 258, 261, 264, 265], "excluded_lines": []}, "TestZeroDBServiceWithMocks.test_create_user_with_mock": {"executed_lines": [], "summary": {"covered_lines": 0, "num_statements": 7, "percent_covered": 0.0, "percent_covered_display": "0", "missing_lines": 7, "excluded_lines": 0}, "missing_lines": [271, 276, 277, 280, 283, 284, 285], "excluded_lines": []}, "TestZeroDBServiceWithMocks.test_query_with_mock": {"executed_lines": [], "summary": {"covered_lines": 0, "num_statements": 6, "percent_covered": 0.0, "percent_covered_display": "0", "missing_lines": 6, "excluded_lines": 0}, "missing_lines": [291, 295, 298, 301, 302, 303], "excluded_lines": []}, "TestZeroDBServiceErrorHandling.test_authentication_failure": {"executed_lines": [], "summary": {"covered_lines": 0, "num_statements": 3, "percent_covered": 0.0, "percent_covered_display": "0", "missing_lines": 3, "excluded_lines": 0}, "missing_lines": [319, 322, 323], "excluded_lines": []}, "TestZeroDBServiceErrorHandling.test_user_not_found": {"executed_lines": [], "summary": {"covered_lines": 0, "num_statements": 3, "percent_covered": 0.0, "percent_covered_display": "0", "missing_lines": 3, "excluded_lines": 0}, "missing_lines": [329, 332, 335], "excluded_lines": []}, "TestZeroDBServiceErrorHandling.test_create_user_validation_error": {"executed_lines": [], "summary": {"covered_lines": 0, "num_statements": 4, "percent_covered": 0.0, "percent_covered_display": "0", "missing_lines": 4, "excluded_lines": 0}, "missing_lines": [341, 342, 345, 346], "excluded_lines": []}, "": {"executed_lines": [], "summary": {"covered_lines": 0, "num_statements": 50, "percent_covered": 0.0, "percent_covered_display": "0", "missing_lines": 50, "excluded_lines": 0}, "missing_lines": [14, 15, 16, 20, 23, 28, 35, 49, 60, 72, 80, 103, 104, 105, 108, 109, 116, 117, 127, 128, 143, 1
[...]
 594, 595, 597, 599, 603, 606, 608, 609, 610, 612, 613, 616, 619, 622, 623, 625, 626, 627, 628, 630, 633, 634, 635, 636, 639, 640, 641, 642, 645, 646, 647, 648, 650, 651, 652, 654, 655, 656, 658, 659, 660, 662, 664, 665, 666, 667, 674, 675, 682, 683, 684, 687, 688], "excluded_lines": [], "functions": {"TestZeroDBClientInitialization.test_client_initialization_with_defaults": {"executed_lines": [], "summary": {"covered_lines": 0, "num_statements": 9, "percent_covered": 0.0, "percent_covered_display": "0", "missing_lines": 9, "excluded_lines": 0}, "missing_lines": [36, 37, 38, 40, 42, 43, 44, 45, 46], "excluded_lines": []}, "TestZeroDBClientInitialization.test_client_initialization_with_custom_values": {"executed_lines": [], "summary": {"covered_lines": 0, "num_statements": 4, "percent_covered": 0.0, "percent_covered_display": "0", "missing_lines": 4, "excluded_lines": 0}, "missing_lines": [50, 56, 57, 58], "excluded_lines": []}, "TestZeroDBClientInitialization.test_client_initialization_without_api_key": {"executed_lines": [], "summary": {"covered_lines": 0, "num_statements": 5, "percent_covered": 0.0, "percent_covered_display": "0", "missing_lines": 5, "excluded_lines": 0}, "missing_lines": [62, 63, 64, 66, 67], "excluded_lines": []}, "TestZeroDBClientInitialization.test_client_initialization_without_base_url": {"executed_lines": [], "summary": {"covered_lines": 0, "num_statements": 5, "percent_covered": 0.0, "percent_covered_display": "0", "missing_lines": 5, "excluded_lines": 0}, "missing_lines": [71, 72, 73, 75, 76], "excluded_lines": []}, "TestZeroDBClientInitialization.test_session_creation_with_retry_logic": {"executed_lines": [], "summary": {"covered_lines": 0, "num_statements": 6, "percent_covered": 0.0, "percent_covered_display": "0", "missing_lines": 6, "excluded_lines": 0}, "missing_lines": [80, 81, 82, 84, 86, 87], "excluded_lines": []}, "TestZeroDBClientInitialization.test_context_manager": {"executed_lines": [], "summary": {"covered_lines": 0, "num_statements": 5, "percent_covered": 0.0, "percent_covered_display": "0", "missing_lines": 5, "excluded_lines": 0}, "missing_lines": [91, 92, 93, 95, 96], "excluded_lines": []}, "TestZeroDBClientCRUD.client": {"executed_lines": [], "summary": {"covered_lines": 0, "num_statements": 4, "percent_covered": 0.0, "percent_covered_display": "0", "missing_lines": 4, "excluded_lines": 0}, "missing_lines": [107, 108, 109, 110], "excluded_lines": []}, "TestZeroDBClientCRUD.test_create_document_success": {"executed_lines": [], "summary": {"covered_lines": 0, "num_statements": 9, "percent_covered": 0.0, "percent_covered_display": "0", "missing_lines": 9, "excluded_lines": 0}, "missing_lines": [114, 115, 116, 117, 123, 124, 126, 127, 128], "excluded_lines": []}, "TestZeroDBClientCRUD.test_create_document_with_custom_id": {"executed_lines": [], "summary": {"covered_lines": 0, "num_statements": 9, "percent_covered": 0.0, "percent_covered_display": "0", "missing_lines": 9, "excluded_lines": 0}, "missing_lines": [132, 133, 134, 135, 137, 138, 144, 146, 147], "excluded_lines": []}, "TestZeroDBClientCRUD.test_create_document_validation_error": {"executed_lines": [], "summary": {"covered_lines": 0, "num_statements": 8, "percent_covered": 0.0, "percent_covered_display": "0", "missing_lines": 8, "excluded_lines": 0}, "missing_lines": [151, 152, 153, 154, 155, 157, 158, 159], "excluded_lines": []}, "TestZeroDBClientCRUD.test_get_document_success": {"executed_lines": [], "summary": {"covered_lines": 0, "num_statements": 8, "percent_covered": 0.0, "percent_covered_display": "0", "missing_lines": 8, "excluded_lines": 0}, "missing_lines": [163, 164, 165, 166, 172, 173, 175, 176], "excluded_lines": []}, "TestZeroDBClientCRUD.test_get_document_not_found": {"executed_lines": [], "summary": {"covered_lines": 0, "num_statements": 8, "percent_covered": 0.0, "percent_covered_display": "0", "missing_lines": 8, "excluded_lines": 0}, "missing_lines": [180, 181, 182, 183, 184, 186, 187, 188], "excluded_lines": []}, "TestZeroDBClientCRUD.test_query_documents_success": {"executed_lines": [], "summary": {"covered_lines": 0, "num_statements": 8, "percent_covered": 0.0, "percent_covered_display": "0", "missing_lines": 8, "excluded_lines": 0}, "missing_lines": [192, 193, 194, 195, 205, 206, 212, 213], "excluded_lines": []}, "TestZeroDBClientCRUD.test_query_documents_with_sorting": {"executed_lines": [], "summary": {"covered_lines": 0, "num_statements": 10, "percent_covered": 0.0, "percent_covered_display": "0", "missing_lines": 10, "excluded_lines": 0}, "missing_lines": [217, 218, 219, 220, 222, 223, 229, 230, 231, 232], "excluded_lines": []}, "TestZeroDBClientCRUD.test_update_document_success": {"executed_lines": [], "summary": {"covered_lines": 0, "num_statements": 7, "percent_covered": 0.0, "percent_covered_display": "0", "missing_lines": 7, "excluded_lines": 0}, "missing_lines": [236, 237, 238, 239, 245, 246, 252], "excluded_lines": []}, "TestZeroDBClientCRUD.test_update_document_with_merge_false": {"executed_lines": [], "summary": {"covered_lines": 0, "num_statements": 9, "percent_covered": 0.0, "percent_covered_display": "0", "missing_lines": 9, "excluded_lines": 0}, "missing_lines": [256, 257, 258, 259, 261, 262, 269, 270, 271], "excluded_lines": []}, "TestZeroDBClientCRUD.test_delete_document_success": {"executed_lines": [], "summary": {"covered_lines": 0, "num_statements": 8, "percent_covered": 0.0, "percent_covered_display": "0", "missing_lines": 8, "excluded_lines": 0}, "missing_lines": [275, 276, 277, 278, 280, 281, 283, 284], "excluded_lines": []}, "TestZeroDBClientCRUD.test_delete_document_not_found": {"executed_lines": [], "summary": {"covered_lines": 0, "num_statements": 8, "percent_covered": 0.0, "percent_covered_display": "0", "missing_lines": 8, "excluded_lines": 0}, "missing_lines": [288, 289, 290, 291, 292, 294, 295, 296], "excluded_lines": []}, "TestZeroDBClientVectorSearch.client": {"executed_lines": [], "summary": {"covered_lines": 0, "num_statements": 4, "percent_covered": 0.0, "percent_covered_display": "0", "missing_lines": 4, "excluded_lines": 0}, "missing_lines": [305, 306, 307, 308], "excluded_lines": []}, "TestZeroDBClientVectorSearch.test_vector_search_success": {"executed_lines": [], "summary": {"covered_lines": 0, "num_statements": 9, "percent_covered": 0.0, "percent_covered_display": "0", "missing_lines": 9, "excluded_lines": 0}, "missing_lines": [312, 313, 314, 315, 316, 324, 325, 327, 328], "excluded_lines": []}, "TestZeroDBClientVectorSearch.test_vector_search_with_filters": {"executed_lines": [], "summary": {"covered_lines": 0, "num_statements": 11, "percent_covered": 0.0, "percent_covered_display": "0", "missing_lines": 11, "excluded_lines": 0}, "missing_lines": [332, 333, 334, 335, 336, 338, 339, 346, 347, 348, 349], "excluded_lines": []}, "TestZeroDBClientVectorSearch.test_vector_search_validation_error": {"executed_lines": [], "summary": {"covered_lines": 0, "num_statements": 8, "percent_covered": 0.0, "percent_covered_display": "0", "missing_lines": 8, "excluded_lines": 0}, "missing_lines": [353, 354, 355, 356, 357, 359, 360, 361], "excluded_lines": []}, "TestZeroDBClientObjectStorage.client": {"executed_lines": [], "summary": {"covered_lines": 0, "num_statements": 4, "percent_covered": 0.0, "percent_covered_display": "0", "missing_lines": 4, "excluded_lines": 0}, "missing_lines": [370, 371, 372, 373], "excluded_lines": []}, "TestZeroDBClientObjectStorage.test_upload_object_success": {"executed_lines": [], "summary": {"covered_lines": 0, "num_statements": 13, "percent_covered": 0.0, "percent_covered_display": "0", "missing_lines": 13, "excluded_lines": 0}, "missing_lines": [378, 379, 380, 382, 383, 384, 385, 386, 392, 393, 395, 396, 398], "excluded_lines": []}, "TestZeroDBClientObjectStorage.test_upload_object_with_custom_name": {"executed_lines": [], "summary": {"covered_lines": 0, "num_statements": 12, "percent_covered": 0.0, "percent_covered_display": "0", "missing_lines": 12, "excluded_lines": 0}, "missing_lines": [402, 403, 404, 406, 407, 408, 409, 410, 412, 413, 415, 417], "excluded_lines": []}, "TestZeroDBClientObjectStorage.test_upload_object_file_not_found": {"executed_lines": [], "summary": {"covered_lines": 0, "num_statements": 2, "percent_covered": 0.0, "percent_covered_display": "0", "missing_lines": 2, "excluded_lines": 0}, "missing_lines": [421, 422], "excluded_lines": []}, "TestZeroDBClientObjectStorage.test_download_object_success": {"executed_lines": [], "summary": {"covered_lines": 0, "num_statements": 7, "percent_covered": 0.0, "percent_covered_display": "0", "missing_lines": 7, "excluded_lines": 0}, "missing_lines": [426, 427, 428, 429, 431, 432, 434], "excluded_lines": []}, "TestZeroDBClientObjectStorage.test_download_object_to_file": {"executed_lines": [], "summary": {"covered_lines": 0, "num_statements": 12, "percent_covered": 0.0, "percent_covered_display": "0", "missing_lines": 12, "excluded_lines": 0}, "missing_lines": [438, 439, 440, 441, 443, 444, 446, 447, 449, 450, 451, 452], "excluded_lines": []}, "TestZeroDBClientObjectStorage.test_download_object_not_found": {"executed_lines": [], "summary": {"covered_lines": 0, "num_statements": 7, "percent_covered": 0.0, "percent_covered_display": "0", "missing_lines": 7, "excluded_lines": 0}, "missing_lines": [456, 457, 458, 459, 461, 462, 463], "excluded_lines": []}, "TestZeroDBClientObjectStorage.test_delete_object_success": {"executed_lines": [], "summary": {"covered_lines": 0, "num_statements": 7, "percent_covered": 0.0, "percent_covered_display": "0", "missing_lines": 7, "excluded_lines": 0}, "missing_lines": [467, 468, 469, 470, 472, 473, 475], "excluded_lines": []}, "TestZeroDBClientObjectStorage.test_list_objects_success": {"executed_lines": [], "summary": {"covered_lines": 0, "num_statements": 8, "percent_covered": 0.0, "percent_covered_display": "0", "missing_lines": 8, "excluded_lines": 0}, "missing_lines": [479, 480, 481, 482, 490, 491, 493, 494], "excluded_lines": []}, "TestZeroDBClientErrorHandling.client": {"executed_lines": [], "summary": {"covered_lines": 0, "num_statements": 4, "percent_covered": 0.0, "percent_covered_display": "0", "missing_lines": 4, "excluded_lines": 0}, "missing_lines": [503, 504, 505, 506], "excluded_lines": []}, "TestZeroDBClientErrorHandling.test_authentication_error_401": {"executed_lines": [], "summary": {"covered_lines": 0, "num_statements": 8, "percent_covered": 0.0, "percent_covered_display": "0", "missing_lines": 8, "excluded_lines": 0}, "missing_lines": [510, 511, 512, 513, 514, 516, 517, 518], "excluded_lines": []}, "TestZeroDBClientErrorHandling.test_authentication_error_403": {"executed_lines": [], "summary": {"covered_lines": 0, "num_statements": 8, "percent_covered": 0.0, "percent_covered_display": "0", "missing_lines": 8, "excluded_lines": 0}, "missing_lines": [522, 523, 524, 525, 526, 528, 529, 530], "excluded_lines": []}, "TestZeroDBClientErrorHandling.test_connection_error": {"executed_lines": [], "summary": {"covered_lines": 0, "num_statements": 4, "percent_covered": 0.0, "percent_covered_display": "0", "missing_lines": 4, "excluded_lines": 0}, "missing_lines": [534, 537, 538, 539], "excluded_lines": []}, "TestZeroDBClientErrorHandling.test_connection_error.raise_connection_error": {"executed_lines": [], "summary": {"covered_lines": 0, "num_statements": 1, "percent_covered": 0.0, "percent_covered_display": "0", "missing_lines": 1, "excluded_lines": 0}, "missing_lines": [535], "excluded_lines": []}, "TestZeroDBClientErrorHandling.test_timeout_error": {"executed_lines": [], "summary": {"covered_lines": 0, "num_statements": 4, "percent_covered": 0.0, "percent_covered_display": "0", "missing_lines": 4, "excluded_lines": 0}, "missing_lines": [543, 546, 547, 548], "excluded_lines": []}, "TestZeroDBClientErrorHandling.test_timeout_error.raise_timeout_error": {"executed_lines": [], "summary": {"covered_lines": 0, "num_statements": 1, "percent_covered": 0.0, "percent_covered_display": "0", "missing_lines": 1, "excluded_lines": 0}, "missing_lines": [544], "excluded_lines": []}, "TestZeroDBClientErrorHandling.test_generic_http_error": {"executed_lines": [], "summary": {"covered_lines": 0, "num_statements": 8, "percent_covered": 0.0, "percent_covered_display": "0", "missing_lines": 8, "excluded_lines": 0}, "missing_lines": [552, 553, 554, 555, 556, 558, 559, 560], "excluded_lines": []}, "TestZeroDBClientErrorHandling.test_error_with_no_json_response": {"executed_lines": [], "summary": {"covered_lines": 0, "num_statements": 9, "percent_covered": 0.0, "percent_covered_display": "0", "missing_lines": 9, "excluded_lines": 0}, "missing_lines": [564, 565, 566, 567, 568, 569, 571, 572, 573], "excluded_lines": []}, "TestZeroDBClientUtilities.client": {"executed_lines": [], "summary": {"covered_lines": 0, "num_statements": 4, "percent_covered": 0.0, "percent_covered_display": "0", "missing_lines": 4, "excluded_lines": 0}, "missing_lines": [582, 583, 584, 585], "excluded_lines": []}, "TestZeroDBClientUtilities.test_build_url": {"executed_lines": [], "summary": {"covered_lines": 0, "num_statements": 2, "percent_covered": 0.0, "percent_covered_display": "0", "missing_lines": 2, "excluded_lines": 0}, "missing_lines": [589, 590], "excluded_lines": []}, "TestZeroDBClientUtilities.test_build_url_with_trailing_slashes": {"executed_lines": [], "summary": {"covered_lines": 0, "num_statements": 2, "percent_covered": 0.0, "percent_covered_display": "0", "missing_lines": 2, "excluded_lines": 0}, "missing_lines": [594, 595], "excluded_lines": []}, "TestZeroDBClientUtilities.test_close_session": {"executed_lines": [], "summary": {"covered_lines": 0, "num_statements": 1, "percent_covered": 0.0, "percent_covered_display": "0", "missing_lines": 1, "excluded_lines": 0}, "missing_lines": [599], "excluded_lines": []}, "TestZeroDBClientSingleton.test_get_zerodb_client": {"executed_lines": [], "summary": {"covered_lines": 0, "num_statements": 6, "percent_covered": 0.0, "percent_covered_display": "0", "missing_lines": 6, "excluded_lines": 0}, "missing_lines": [608, 609, 610, 612, 613, 616], "excluded_lines": []}, "TestZeroDBClientIntegration.client": {"executed_lines": [], "summary": {"covered_lines": 0, "num_statements": 4, "percent_covered": 0.0, "percent_covered_display": "0", "missing_lines": 4, "excluded_lines": 0}, "missing_lines": [625, 626, 627, 628], "excluded_lines": []}, "TestZeroDBClientIntegration.test_complete_document_lifecycle": {"executed_lines": [], "summary": {"covered_lines": 0, "num_statements": 21, "percent_covered": 0.0, "percent_covered_display": "0", "missing_lines": 21, "excluded_lines": 0}, "missing_lines": [633, 634, 635, 636, 639, 640, 641, 642, 645, 646, 647, 648, 650, 651, 652, 654, 655, 656, 658, 659, 660], "excluded_lines": []}, "TestZeroDBClientIntegration.test_query_with_pagination": {"executed_lines": [], "summary": {"covered_lines": 0, "num_statements": 9, "percent_covered": 0.0, "percent_covered_display": "0", "missing_lines": 9, "excluded_lines": 0}, "missing_lines": [664, 665, 666, 667, 674, 675, 682, 683, 684], "excluded_lines": []}, "": {"executed_lines": [], "summary": {"covered_lines": 0, "num_statements": 69, "percent_covered": 0.0, "percent_covered_display": "0", "missing_lines": 69, "excluded_lines": 0}, "missing_lines": [13, 14, 15, 16, 17, 18, 20, 31, 34, 48, 60, 69, 78, 89, 101, 104, 105, 112, 130, 149, 161, 178, 190, 215, 234, 254, 273, 286, 299, 302, 303, 310, 330, 351, 364, 367, 368, 375, 400, 419, 424, 436, 454, 465, 477, 497, 500, 501, 508, 520, 532, 541, 550, 562, 576, 579, 580, 587, 592, 597, 603, 606, 619, 622, 623, 630, 662, 687, 688], "excluded_lines": []}}, "classes": {"TestZeroDBClientInitialization": {"executed_lines": [], "summary": {"covered_lines": 0, "num_statements": 34, "percent_covered": 0.0, "percent_covered_display": "0", "missing_lines": 34, "excluded_lines": 0}, "missing_lines": [36, 37, 38, 40, 42, 43, 44, 45, 46, 50, 56, 57, 58, 62, 63, 64, 66, 67, 71, 72, 73, 75, 76, 80, 81, 82, 84, 86, 87, 91, 92, 93, 95, 96], "excluded_lines": []}, "TestZeroDBClientCRUD": {"executed_lines": [], "summary": {"covered_lines": 0, "num_statements": 96, "percent_covered": 0.0, "percent_covered_display": "0", "missing_lines": 96, "excluded_lines": 0}, "missing_lines": [107, 108, 109, 110, 114, 115, 116, 117, 123, 124, 126, 127, 128, 132, 133, 134, 135, 137, 138, 144, 146, 147, 151, 152, 153, 154, 155, 157, 158, 159, 163, 164, 165, 166, 172, 173, 175, 176, 180, 181, 182, 183, 184, 186, 187, 188, 192, 193, 194, 195, 205, 206, 212, 213, 217, 218, 219, 220, 222, 223, 229, 230, 231, 232, 236, 237, 238, 239, 245, 246, 252, 256, 257, 258, 259, 261, 262, 269, 270, 271, 275, 276, 277, 278, 280, 281, 283, 284, 288, 289, 290, 291, 292, 294, 295, 296], "excluded_lines": []}, "TestZeroDBClientVectorSearch": {"executed_lines": [], "summary": {"covered_lines": 0, "num_statements": 32, "percent_covered": 0.0, "percent_covered_display": "0", "missing_lines": 32, "excluded_lines": 0}, "missing_lines": [305, 306, 307, 308, 312, 313, 314, 315, 316, 324, 325, 327, 328, 332, 333, 334, 335, 336, 338, 339, 346, 347, 348, 349, 353, 354, 355, 356, 357, 359, 360, 361], "excluded_lines": []}, "TestZeroDBClientObjectStorage": {"executed_lines": [], "summary": {"covered_lines": 0, "num_statements": 72, "percent_covered": 0.0, "percent_covered_display": "0", "missing_lines": 72, "excluded_lines": 0}, "missing_lines": [370, 371, 372, 373, 378, 379, 380, 382, 383, 384, 385, 386, 392, 393, 395, 396, 398, 402, 403, 404, 406, 407, 408, 409, 410, 412, 413, 415, 417, 421, 422, 426, 427, 428, 429, 431, 432, 434, 438, 439, 440, 441, 443, 444, 446, 447, 449, 450, 451, 452, 456, 457, 458, 459, 461, 462, 463, 467, 468, 469, 470, 472, 473, 475, 479, 480, 481, 482, 490, 491, 493, 494], "excluded_lines": []}, "TestZeroDBClientErrorHandling": {"executed_lines": [], "summary": {"covered_lines": 0, "num_statements": 47, "percent_covered": 0.0, "percent_covered_display": "0", "missing_lines": 47, "excluded_lines": 0}, "missing_lines": [503, 504, 505, 506, 510, 511, 512, 513, 514, 516, 517, 518, 522, 523, 524, 525, 526, 528, 529, 530, 534, 535, 537, 538, 539, 543, 544, 546, 547, 548, 552, 553, 554, 555, 556, 558, 559, 560, 564, 565, 566, 567, 568, 569, 571, 572, 573], "excluded_lines": []}, "TestZeroDBClientUtilities": {"executed_lines": [], "summary": {"covered_lines": 0, "num_statements": 9, "percent_covered": 0.0, "percent_covered_display": "0", "missing_lines": 9, "excluded_lines": 0}, "missing_lines": [582, 583, 584, 585, 589, 590, 594, 595, 599], "excluded_lines": []}, "TestZeroDBClientSingleton": {"executed_lines": [], "summary": {"covered_lines": 0, "num_statements": 6, "percent_covered": 0.0, "percent_covered_display": "0", "missing_lines": 6, "excluded_lines": 0}, "missing_lines": [608, 609, 610, 612, 613, 616], "excluded_lines": []}, "TestZeroDBClientIntegration": {"executed_lines": [], "summary": {"covered_lines": 0, "num_statements": 34, "percent_covered": 0.0, "percent_covered_display": "0", "missing_lines": 34, "excluded_lines": 0}, "missing_lines": [625, 626, 627, 628, 633, 634, 635, 636, 639, 640, 641, 642, 645, 646, 647, 648, 650, 651, 652, 654, 655, 656, 658, 659, 660, 664, 665, 666, 667, 674, 675, 682, 683, 684], "excluded_lines": []}, "": {"executed_lines": [], "summary": {"covered_lines": 0, "num_statements": 69, "percent_covered": 0.0, "percent_covered_display": "0", "missing_lines": 69, "excluded_lines": 0}, "missing_lines": [13, 14, 15, 16, 17, 18, 20, 31, 34, 48, 60, 69, 78, 89, 101, 104, 105, 112, 130, 149, 161, 178, 190, 215, 234, 254, 273, 286, 299, 302, 303, 310, 330, 351, 364, 367, 368, 375, 400, 419, 424, 436, 454, 465, 477, 497, 500, 501, 508, 520, 532, 541, 550, 562, 576, 579, 580, 587, 592, 597, 603, 606, 619, 622, 623, 630, 662, 687, 688], "excluded_lines": []}}}}, "totals": {"covered_lines": 714, "num_statements": 2203, "percent_covered": 32.410349523377214, "percent_covered_display": "32", "missing_lines": 1489, "excluded_lines": 0}}