{"meta": {"format": 3, "version": "7.10.7", "timestamp": "2025-11-09T16:24:24.409492", "branch_coverage": true, "show_contexts": true}, "files": {"__init__.py": {"executed_lines": [1], "summary": {"covered_lines": 0, "num_statements": 0, "percent_covered": 100.0, "percent_covered_display": "100.00", "missing_lines": 0, "excluded_lines": 0, "num_branches": 0, "num_partial_branches": 0, "covered_branches": 0, "missing_branches": 0}, "missing_lines": [], "excluded_lines": [], "contexts": {"1": [""]}, "executed_branches": [], "missing_branches": [], "functions": {"": {"executed_lines": [], "summary": {"covered_lines": 0, "num_statements": 0, "percent_covered": 100.0, "percent_covered_display": "100.00", "missing_lines": 0, "excluded_lines": 0, "num_branches": 0, "num_partial_branches": 0, "covered_branches": 0, "missing_branches": 0}, "missing_lines": [], "excluded_lines": [], "contexts": {"1": [""]}, "executed_branches": [], "missing_branches": []}}, "classes": {"": {"executed_lines": [], "summary": {"covered_lines": 0, "num_statements": 0, "percent_covered": 100.0, "percent_covered_display": "100.00", "missing_lines": 0, "excluded_lines": 0, "num_branches": 0, "num_partial_branches": 0, "covered_branches": 0, "missing_branches": 0}, "missing_lines": [], "excluded_lines": [], "contexts": {"1": [""]}, "executed_branches": [], "missing_branches": []}}}, "app.py": {"executed_lines": [1, 8, 9, 11, 12, 13, 14, 15, 18, 21, 25, 28, 38, 47, 50, 51, 69, 70, 75, 76, 91, 92, 106, 107, 135], "summary": {"covered_lines": 23, "num_statements": 37, "percent_covered": 58.97435897435897, "percent_covered_display": "58.97", "missing_lines": 14, "excluded_lines": 3, "num_branches": 2, "num_partial_branches": 0, "covered_branches": 0, "missing_branches": 2}, "missing_lines": [57, 58, 59, 60, 61, 64, 65, 66, 72, 83, 99, 117, 118, 120], "excluded_lines": [135, 136, 139], "contexts": {"1": [""], "8": [""], "9": [""], "11": [""], "12": [""], "13": [""], "14": [""], "15": [""], "18": [""], "21": [""], "22": [""], "25": [""], "23": [""], "28": [""], "29": [""], "38": [""], "30": [""], "31": [""], "32": [""], "33": [""], "34": [""], "39": [""], "47": [""], "40": [""], "41": [""], "42": [""], "43": [""], "50": [""], "51": [""], "69": [""], "70": [""], "75": [""], "76": [""], "91": [""], "92": [""], "106": [""], "107": [""], "135": [""]}, "executed_branches": [], "missing_branches": [[117, 118], [117, 120]], "functions": {"startup_event": {"executed_lines": [], "summary": {"covered_lines": 0, "num_statements": 8, "percent_covered": 0.0, "percent_covered_display": "0.00", "missing_lines": 8, "excluded_lines": 0, "num_branches": 0, "num_partial_branches": 0, "covered_branches": 0, "missing_branches": 0}, "missing_lines": [57, 58, 59, 60, 61, 64, 65, 66], "excluded_lines": [], "contexts": {"1": [""], "8": [""], "9": [""], "11": [""], "12": [""], "13": [""], "14": [""], "15": [""], "18": [""], "21": [""], "22": [""], "25": [""], "23": [""], "28": [""], "29": [""], "38": [""], "30": [""], "31": [""], "32": [""], "33": [""], "34": [""], "39": [""], "47": [""], "40": [""], "41": [""], "42": [""], "43": [""], "50": [""], "51": [""], "69": [""], "70": [""], "75": [""], "76": [""], "91": [""], "92": [""], "106": [""], "107": [""], "135": [""]}, "executed_branches": [], "missing_branches": []}, "shutdown_event": {"executed_lines": [], "summary": {"covered_lines": 0, "num_statements": 1, "percent_covered": 0.0, "percent_covered_display": "0.00", "missing_lines": 1, "excluded_lines": 0, "num_branches": 0, "num_partial_branches": 0, "covered_branches": 0, "missing_branches": 0}, "missing_lines": [72], "excluded_lines": [], "contexts": {"1": [""], "8": [""], "9": [""], "11": [""], "12": [""], "13": [""], "14": [""], "15": [""], "18": [""], "21": [""], "22": [""], "25": [""], "23": [""], "28": [""], "29": [""], "38": [""], "30": [""], "31": [""], "32": [""], "33": [""], "34": [""], "39": [""], "47": [""], "40": [""], "41": [""], "42": [""], "43": [""], "50": [""], "51": [""], "69": [""], "70": [""], "75": [""], "76": [""], "91": [""], "92": [""], "106": [""], "107": [""], "135": [""]}, "executed_branches": [], "missing_branches": []}, "root": {"executed_lines": [], "summary": {"covered_lines": 0, "num_statements": 1, "percent_covered": 0.0, "percent_covered_display": "0.00", "missing_lines": 1, "excluded_lines": 0, "num_branches": 0, "num_partial_branches": 0, "covered_branches": 0, "missing_branches": 0}, "missing_lines": [83], "excluded_lines": [], "contexts": {"1": [""], "8": [""], "9": [""], "11": [""], "12": [""], "13": [""], "14": [""], "15": [""], "18": [""], "21": [""], "22": [""], "25": [""], "23": [""], "28": [""], "29": [""], "38": [""], "30": [""], "31": [""], "32": [""], "33": [""], "34": [""], "39": [""], "47": [""], "40": [""], "41": [""], "42": [""], "43": [""], "50": [""], "51": [""], "69": [""], "70": [""], "75": [""], "76": [""], "91": [""], "92": [""], "106": [""], "107": [""], "135": [""]}, "executed_branches": [], "missing_branches": []}, "health_check": {"executed_lines": [], "summary": {"covered_lines": 0, "num_statements": 1, "percent_covered": 0.0, "percent_covered_display": "0.00", "missing_lines": 1, "excluded_lines": 0, "num_branches": 0, "num_partial_branches": 0, "covered_branches": 0, "missing_branches": 0}, "missing_lines": [99], "excluded_lines": [], "contexts": {"1": [""], "8": [""], "9": [""], "11": [""], "12": [""], "13": [""], "14": [""], "15": [""], "18": [""], "21": [""], "22": [""], "25": [""], "23": [""], "28": [""], "29": [""], "38": [""], "30": [""], "31": [""], "32": [""], "33": [""], "34": [""], "39": [""], "47": [""], "40": [""], "41": [""], "42": [""], "43": [""], "50": [""], "51": [""], "69": [""], "70": [""], "75": [""], "76": [""], "91": [""], "92": [""], "106": [""], "107": [""], "135": [""]}, "executed_branches": [], "missing_branches": []}, "config_info": {"executed_lines": [], "summary": {"covered_lines": 0, "num_statements": 3, "percent_covered": 0.0, "percent_covered_display": "0.00", "missing_lines": 3, "excluded_lines": 0, "num_branches": 2, "num_partial_branches": 0, "covered_branches": 0, "missing_branches": 2}, "missing_lines": [117, 118, 120], "excluded_lines": [], "contexts": {"1": [""], "8": [""], "9": [""], "11": [""], "12": [""], "13": [""], "14": [""], "15": [""], "18": [""], "21": [""], "22": [""], "25": [""], "23": [""], "28": [""], "29": [""], "38": [""], "30": [""], "31": [""], "32": [""], "33": [""], "34": [""], "39": [""], "47": [""], "40": [""], "41": [""], "42": [""], "43": [""], "50": [""], "51": [""], "69": [""], "70": [""], "75": [""], "76": [""], "91": [""], "92": [""], "106": [""], "107": [""], "135": [""]}, "executed_branches": [], "missing_branches": [[117, 118], [117, 120]]}, "": {"executed_lines": [1, 8, 9, 11, 12, 13, 14, 15, 18, 21, 25, 28, 38, 47, 50, 51, 69, 70, 75, 76, 91, 92, 106, 107, 135], "summary": {"covered_lines": 23, "num_statements": 23, "percent_covered": 100.0, "percent_covered_display": "100.00", "missing_lines": 0, "excluded_lines": 3, "num_branches": 0, "num_partial_branches": 0, "covered_branches": 0, "missing_branches": 0}, "missing_lines": [], "excluded_lines": [135, 136, 139], "contexts": {"1": [""], "8": [""], "9": [""], "11": [""], "12": [""], "13": [""], "14": [""], "15": [""], "18": [""], "21": [""], "22": [""], "25": [""], "23": [""], "28": [""], "29": [""], "38": [""], "30": [""], "31": [""], "32": [""], "33": [""], "34": [""], "39": [""], "47": [""], "40": [""], "41": [""], "42": [""], "43": [""], "50": [""], "51": [""], "69": [""], "70": [""], "75": [""], "76": [""], "91": [""], "92": [""], "106": [""], "107": [""], "135": [""]}, "executed_branches": [], "missing_branches": []}}, "classes": {"": {"executed_lines": [1, 8, 9, 11, 12, 13, 14, 15, 18, 21, 25, 28, 38, 47, 50, 51, 69, 70, 75, 76, 91, 92, 106, 107, 135], "summary": {"covered_lines": 23, "num_statements": 37, "percent_covered": 58.97435897435897, "percent_covered_display": "58.97", "missing_lines": 14, "excluded_lines": 3, "num_branches": 2, "num_partial_branches": 0, "covered_branches": 0, "missing_branches": 2}, "missing_lines": [57, 58, 59, 60, 61, 64, 65, 66, 72, 83, 99, 117, 118, 120], "excluded_lines": [135, 136, 139], "contexts": {"1": [""], "8": [""], "9": [""], "11": [""], "12": [""], "13": [""], "14": [""], "15": [""], "18": [""], "21": [""], "22": [""], "25": [""], "23": [""], "28": [""], "29": [""], "38": [""], "30": [""], "31": [""], "32": [""], "33": [""], "34": [""], "39": [""], "47": [""], "40": [""], "41": [""], "42": [""], "43": [""], "50": [""], "51": [""], "69": [""], "70": [""], "75": [""], "76": [""], "91": [""], "92": [""], "106": [""], "107": [""], "135": [""]}, "executed_branches": [], "missing_branches": [[117, 118], [117, 120]]}}}, "config.py": {"executed_lines": [1, 15, 16, 17, 18, 21, 22, 32, 40, 46, 51, 56, 64, 70, 75, 82, 92, 100, 106, 112, 120, 126, 134, 140, 148, 154, 160, 168, 177, 185, 195, 206, 207, 208, 210, 212, 214, 215, 216, 218, 222, 227, 228, 230, 232, 233, 235, 237, 238, 240, 242, 243, 245, 247, 248, 250, 256, 262, 269, 270, 272, 274, 277, 279, 293, 306, 319, 320, 341, 345], "summary": {"covered_lines": 46, "num_statements": 52, "percent_covered": 83.33333333333333, "percent_covered_display": "83.33", "missing_lines": 6, "excluded_lines": 29, "num_branches": 8, "num_partial_branches": 4, "covered_branches": 4, "missing_branches": 4}, "missing_lines": [251, 257, 273, 275, 300, 313], "excluded_lines": [40, 46, 56, 64, 92, 100, 106, 120, 134, 148, 154, 168, 206, 207, 208, 209, 210, 211, 212, 214, 215, 216, 217, 218, 219, 220, 221, 222, 286], "contexts": {"341": [""], "272": [""], "250": [""], "245": [""], "240": [""], "235": [""], "230": [""], "218": [""], "210": [""], "21": [""], "1": [""], "15": [""], "16": [""], "17": [""], "18": [""], "22": [""], "319": [""], "32": [""], "33": [""], "40": [""], "34": [""], "41": [""], "46": [""], "42": [""], "43": [""], "47": [""], "51": [""], "48": [""], "52": [""], "56": [""], "53": [""], "57": [""], "64": [""], "58": [""], "65": [""], "70": [""], "66": [""], "67": [""], "71": [""], "75": [""], "72": [""], "76": [""], "82": [""], "77": [""], "78": [""], "79": [""], "83": [""], "92": [""], "84": [""], "85": [""], "86": [""], "93": [""], "100": [""], "94": [""], "101": [""], "106": [""], "102": [""], "103": [""], "107": [""], "112": [""], "108": [""], "109": [""], "113": [""], "120": [""], "114": [""], "121": [""], "126": [""], "122": [""], "123": [""], "127": [""], "134": [""], "128": [""], "135": [""], "140": [""], "136": [""], "137": [""], "141": [""], "148": [""], "142": [""], "149": [""], "154": [""], "150": [""], "151": [""], "155": [""], "160": [""], "156": [""], "157": [""], "161": [""], "168": [""], "162": [""], "169": [""], "177": [""], "170": [""], "171": [""], "178": [""], "185": [""], "179": [""], "186": [""], "195": [""], "187": [""], "188": [""], "189": [""], "196": [""], "206": [""], "197": [""], "198": [""], "199": [""], "200": [""], "207": [""], "208": [""], "214": [""], "212": [""], "215": [""], "216": [""], "227": [""], "222": [""], "228": [""], "232": [""], "233": [""], "237": [""], "238": [""], "242": [""], "243": [""], "247": [""], "248": [""], "269": [""], "256": [""], "262": [""], "270": [""], "279": [""], "274": [""], "277": [""], "293": [""], "306": [""], "320": [""], "345": [""]}, "executed_branches": [[250, 256], [256, 262], [272, 274], [274, 277]], "missing_branches": [[250, 251], [256, 257], [272, 273], [274, 275]], "functions": {"Settings.validate_jwt_secret": {"executed_lines": [210, 212], "summary": {"covered_lines": 0, "num_statements": 0, "percent_covered": 100.0, "percent_covered_display": "100.00", "missing_lines": 0, "excluded_lines": 4, "num_branches": 0, "num_partial_branches": 0, "covered_branches": 0, "missing_branches": 0}, "missing_lines": [], "excluded_lines": [209, 210, 211, 212], "contexts": {"341": [""], "272": [""], "250": [""], "245": [""], "240": [""], "235": [""], "230": [""], "218": [""], "210": [""], "21": [""], "1": [""], "15": [""], "16": [""], "17": [""], "18": [""], "22": [""], "319": [""], "32": [""], "33": [""], "40": [""], "34": [""], "41": [""], "46": [""], "42": [""], "43": [""], "47": [""], "51": [""], "48": [""], "52": [""], "56": [""], "53": [""], "57": [""], "64": [""], "58": [""], "65": [""], "70": [""], "66": [""], "67": [""], "71": [""], "75": [""], "72": [""], "76": [""], "82": [""], "77": [""], "78": [""], "79": [""], "83": [""], "92": [""], "84": [""], "85": [""], "86": [""], "93": [""], "100": [""], "94": [""], "101": [""], "106": [""], "102": [""], "103": [""], "107": [""], "112": [""], "108": [""], "109": [""], "113": [""], "120": [""], "114": [""], "121": [""], "126": [""], "122": [""], "123": [""], "127": [""], "134": [""], "128": [""], "135": [""], "140": [""], "136": [""], "137": [""], "141": [""], "148": [""], "142": [""], "149": [""], "154": [""], "150": [""], "151": [""], "155": [""], "160": [""], "156": [""], "157": [""], "161": [""], "168": [""], "162": [""], "169": [""], "177": [""], "170": [""], "171": [""], "178": [""], "185": [""], "179": [""], "186": [""], "195": [""], "187": [""], "188": [""], "189": [""], "196": [""], "206": [""], "197": [""], "198": [""], "199": [""], "200": [""], "207": [""], "208": [""], "214": [""], "212": [""], "215": [""], "216": [""], "227": [""], "222": [""], "228": [""], "232": [""], "233": [""], "237": [""], "238": [""], "242": [""], "243": [""], "247": [""], "248": [""], "269": [""], "256": [""], "262": [""], "270": [""], "279": [""], "274": [""], "277": [""], "293": [""], "306": [""], "320": [""], "345": [""]}, "executed_branches": [], "missing_branches": []}, "Settings.validate_environment": {"executed_lines": [218, 222], "summary": {"covered_lines": 0, "num_statements": 0, "percent_covered": 100.0, "percent_covered_display": "100.00", "missing_lines": 0, "excluded_lines": 6, "num_branches": 0, "num_partial_branches": 0, "covered_branches": 0, "missing_branches": 0}, "missing_lines": [], "excluded_lines": [217, 218, 219, 220, 221, 222], "contexts": {"341": [""], "272": [""], "250": [""], "245": [""], "240": [""], "235": [""], "230": [""], "218": [""], "210": [""], "21": [""], "1": [""], "15": [""], "16": [""], "17": [""], "18": [""], "22": [""], "319": [""], "32": [""], "33": [""], "40": [""], "34": [""], "41": [""], "46": [""], "42": [""], "43": [""], "47": [""], "51": [""], "48": [""], "52": [""], "56": [""], "53": [""], "57": [""], "64": [""], "58": [""], "65": [""], "70": [""], "66": [""], "67": [""], "71": [""], "75": [""], "72": [""], "76": [""], "82": [""], "77": [""], "78": [""], "79": [""], "83": [""], "92": [""], "84": [""], "85": [""], "86": [""], "93": [""], "100": [""], "94": [""], "101": [""], "106": [""], "102": [""], "103": [""], "107": [""], "112": [""], "108": [""], "109": [""], "113": [""], "120": [""], "114": [""], "121": [""], "126": [""], "122": [""], "123": [""], "127": [""], "134": [""], "128": [""], "135": [""], "140": [""], "136": [""], "137": [""], "141": [""], "148": [""], "142": [""], "149": [""], "154": [""], "150": [""], "151": [""], "155": [""], "160": [""], "156": [""], "157": [""], "161": [""], "168": [""], "162": [""], "169": [""], "177": [""], "170": [""], "171": [""], "178": [""], "185": [""], "179": [""], "186": [""], "195": [""], "187": [""], "188": [""], "189": [""], "196": [""], "206": [""], "197": [""], "198": [""], "199": [""], "200": [""], "207": [""], "208": [""], "214": [""], "212": [""], "215": [""], "216": [""], "227": [""], "222": [""], "228": [""], "232": [""], "233": [""], "237": [""], "238": [""], "242": [""], "243": [""], "247": [""], "248": [""], "269": [""], "256": [""], "262": [""], "270": [""], "279": [""], "274": [""], "277": [""], "293": [""], "306": [""], "320": [""], "345": [""]}, "executed_branches": [], "missing_branches": []}, "Settings.is_development": {"executed_lines": [230], "summary": {"covered_lines": 1, "num_statements": 1, "percent_covered": 100.0, "percent_covered_display": "100.00", "missing_lines": 0, "excluded_lines": 0, "num_branches": 0, "num_partial_branches": 0, "covered_branches": 0, "missing_branches": 0}, "missing_lines": [], "excluded_lines": [], "contexts": {"341": [""], "272": [""], "250": [""], "245": [""], "240": [""], "235": [""], "230": [""], "218": [""], "210": [""], "21": [""], "1": [""], "15": [""], "16": [""], "17": [""], "18": [""], "22": [""], "319": [""], "32": [""], "33": [""], "40": [""], "34": [""], "41": [""], "46": [""], "42": [""], "43": [""], "47": [""], "51": [""], "48": [""], "52": [""], "56": [""], "53": [""], "57": [""], "64": [""], "58": [""], "65": [""], "70": [""], "66": [""], "67": [""], "71": [""], "75": [""], "72": [""], "76": [""], "82": [""], "77": [""], "78": [""], "79": [""], "83": [""], "92": [""], "84": [""], "85": [""], "86": [""], "93": [""], "100": [""], "94": [""], "101": [""], "106": [""], "102": [""], "103": [""], "107": [""], "112": [""], "108": [""], "109": [""], "113": [""], "120": [""], "114": [""], "121": [""], "126": [""], "122": [""], "123": [""], "127": [""], "134": [""], "128": [""], "135": [""], "140": [""], "136": [""], "137": [""], "141": [""], "148": [""], "142": [""], "149": [""], "154": [""], "150": [""], "151": [""], "155": [""], "160": [""], "156": [""], "157": [""], "161": [""], "168": [""], "162": [""], "169": [""], "177": [""], "170": [""], "171": [""], "178": [""], "185": [""], "179": [""], "186": [""], "195": [""], "187": [""], "188": [""], "189": [""], "196": [""], "206": [""], "197": [""], "198": [""], "199": [""], "200": [""], "207": [""], "208": [""], "214": [""], "212": [""], "215": [""], "216": [""], "227": [""], "222": [""], "228": [""], "232": [""], "233": [""], "237": [""], "238": [""], "242": [""], "243": [""], "247": [""], "248": [""], "269": [""], "256": [""], "262": [""], "270": [""], "279": [""], "274": [""], "277": [""], "293": [""], "306": [""], "320": [""], "345": [""]}, "executed_branches": [], "missing_branches": []}, "Settings.is_staging": {"executed_lines": [235], "summary": {"covered_lines": 1, "num_statements": 1, "percent_covered": 100.0, "percent_covered_display": "100.00", "missing_lines": 0, "excluded_lines": 0, "num_branches": 0, "num_partial_branches": 0, "covered_branches": 0, "missing_branches": 0}, "missing_lines": [], "excluded_lines": [], "contexts": {"341": [""], "272": [""], "250": [""], "245": [""], "240": [""], "235": [""], "230": [""], "218": [""], "210": [""], "21": [""], "1": [""], "15": [""], "16": [""], "17": [""], "18": [""], "22": [""], "319": [""], "32": [""], "33": [""], "40": [""], "34": [""], "41": [""], "46": [""], "42": [""], "43": [""], "47": [""], "51": [""], "48": [""], "52": [""], "56": [""], "53": [""], "57": [""], "64": [""], "58": [""], "65": [""], "70": [""], "66": [""], "67": [""], "71": [""], "75": [""], "72": [""], "76": [""], "82": [""], "77": [""], "78": [""], "79": [""], "83": [""], "92": [""], "84": [""], "85": [""], "86": [""], "93": [""], "100": [""], "94": [""], "101": [""], "106": [""], "102": [""], "103": [""], "107": [""], "112": [""], "108": [""], "109": [""], "113": [""], "120": [""], "114": [""], "121": [""], "126": [""], "122": [""], "123": [""], "127": [""], "134": [""], "128": [""], "135": [""], "140": [""], "136": [""], "137": [""], "141": [""], "148": [""], "142": [""], "149": [""], "154": [""], "150": [""], "151": [""], "155": [""], "160": [""], "156": [""], "157": [""], "161": [""], "168": [""], "162": [""], "169": [""], "177": [""], "170": [""], "171": [""], "178": [""], "185": [""], "179": [""], "186": [""], "195": [""], "187": [""], "188": [""], "189": [""], "196": [""], "206": [""], "197": [""], "198": [""], "199": [""], "200": [""], "207": [""], "208": [""], "214": [""], "212": [""], "215": [""], "216": [""], "227": [""], "222": [""], "228": [""], "232": [""], "233": [""], "237": [""], "238": [""], "242": [""], "243": [""], "247": [""], "248": [""], "269": [""], "256": [""], "262": [""], "270": [""], "279": [""], "274": [""], "277": [""], "293": [""], "306": [""], "320": [""], "345": [""]}, "executed_branches": [], "missing_branches": []}, "Settings.is_production": {"executed_lines": [240], "summary": {"covered_lines": 1, "num_statements": 1, "percent_covered": 100.0, "percent_covered_display": "100.00", "missing_lines": 0, "excluded_lines": 0, "num_branches": 0, "num_partial_branches": 0, "covered_branches": 0, "missing_branches": 0}, "missing_lines": [], "excluded_lines": [], "contexts": {"341": [""], "272": [""], "250": [""], "245": [""], "240": [""], "235": [""], "230": [""], "218": [""], "210": [""], "21": [""], "1": [""], "15": [""], "16": [""], "17": [""], "18": [""], "22": [""], "319": [""], "32": [""], "33": [""], "40": [""], "34": [""], "41": [""], "46": [""], "42": [""], "43": [""], "47": [""], "51": [""], "48": [""], "52": [""], "56": [""], "53": [""], "57": [""], "64": [""], "58": [""], "65": [""], "70": [""], "66": [""], "67": [""], "71": [""], "75": [""], "72": [""], "76": [""], "82": [""], "77": [""], "78": [""], "79": [""], "83": [""], "92": [""], "84": [""], "85": [""], "86": [""], "93": [""], "100": [""], "94": [""], "101": [""], "106": [""], "102": [""], "103": [""], "107": [""], "112": [""], "108": [""], "109": [""], "113": [""], "120": [""], "114": [""], "121": [""], "126": [""], "122": [""], "123": [""], "127": [""], "134": [""], "128": [""], "135": [""], "140": [""], "136": [""], "137": [""], "141": [""], "148": [""], "142": [""], "149": [""], "154": [""], "150": [""], "151": [""], "155": [""], "160": [""], "156": [""], "157": [""], "161": [""], "168": [""], "162": [""], "169": [""], "177": [""], "170": [""], "171": [""], "178": [""], "185": [""], "179": [""], "186": [""], "195": [""], "187": [""], "188": [""], "189": [""], "196": [""], "206": [""], "197": [""], "198": [""], "199": [""], "200": [""], "207": [""], "208": [""], "214": [""], "212": [""], "215": [""], "216": [""], "227": [""], "222": [""], "228": [""], "232": [""], "233": [""], "237": [""], "238": [""], "242": [""], "243": [""], "247": [""], "248": [""], "269": [""], "256": [""], "262": [""], "270": [""], "279": [""], "274": [""], "277": [""], "293": [""], "306": [""], "320": [""], "345": [""]}, "executed_branches": [], "missing_branches": []}, "Settings.debug": {"executed_lines": [245], "summary": {"covered_lines": 1, "num_statements": 1, "percent_covered": 100.0, "percent_covered_display": "100.00", "missing_lines": 0, "excluded_lines": 0, "num_branches": 0, "num_partial_branches": 0, "covered_branches": 0, "missing_branches": 0}, "missing_lines": [], "excluded_lines": [], "contexts": {"341": [""], "272": [""], "250": [""], "245": [""], "240": [""], "235": [""], "230": [""], "218": [""], "210": [""], "21": [""], "1": [""], "15": [""], "16": [""], "17": [""], "18": [""], "22": [""], "319": [""], "32": [""], "33": [""], "40": [""], "34": [""], "41": [""], "46": [""], "42": [""], "43": [""], "47": [""], "51": [""], "48": [""], "52": [""], "56": [""], "53": [""], "57": [""], "64": [""], "58": [""], "65": [""], "70": [""], "66": [""], "67": [""], "71": [""], "75": [""], "72": [""], "76": [""], "82": [""], "77": [""], "78": [""], "79": [""], "83": [""], "92": [""], "84": [""], "85": [""], "86": [""], "93": [""], "100": [""], "94": [""], "101": [""], "106": [""], "102": [""], "103": [""], "107": [""], "112": [""], "108": [""], "109": [""], "113": [""], "120": [""], "114": [""], "121": [""], "126": [""], "122": [""], "123": [""], "127": [""], "134": [""], "128": [""], "135": [""], "140": [""], "136": [""], "137": [""], "141": [""], "148": [""], "142": [""], "149": [""], "154": [""], "150": [""], "151": [""], "155": [""], "160": [""], "156": [""], "157": [""], "161": [""], "168": [""], "162": [""], "169": [""], "177": [""], "170": [""], "171": [""], "178": [""], "185": [""], "179": [""], "186": [""], "195": [""], "187": [""], "188": [""], "189": [""], "196": [""], "206": [""], "197": [""], "198": [""], "199": [""], "200": [""], "207": [""], "208": [""], "214": [""], "212": [""], "215": [""], "216": [""], "227": [""], "222": [""], "228": [""], "232": [""], "233": [""], "237": [""], "238": [""], "242": [""], "243": [""], "247": [""], "248": [""], "269": [""], "256": [""], "262": [""], "270": [""], "279": [""], "274": [""], "277": [""], "293": [""], "306": [""], "320": [""], "345": [""]}, "executed_branches": [], "missing_branches": []}, "Settings.cors_origins": {"executed_lines": [250, 256, 262], "summary": {"covered_lines": 3, "num_statements": 5, "percent_covered": 55.55555555555556, "percent_covered_display": "55.56", "missing_lines": 2, "excluded_lines": 0, "num_branches": 4, "num_partial_branches": 2, "covered_branches": 2, "missing_branches": 2}, "missing_lines": [251, 257], "excluded_lines": [], "contexts": {"341": [""], "272": [""], "250": [""], "245": [""], "240": [""], "235": [""], "230": [""], "218": [""], "210": [""], "21": [""], "1": [""], "15": [""], "16": [""], "17": [""], "18": [""], "22": [""], "319": [""], "32": [""], "33": [""], "40": [""], "34": [""], "41": [""], "46": [""], "42": [""], "43": [""], "47": [""], "51": [""], "48": [""], "52": [""], "56": [""], "53": [""], "57": [""], "64": [""], "58": [""], "65": [""], "70": [""], "66": [""], "67": [""], "71": [""], "75": [""], "72": [""], "76": [""], "82": [""], "77": [""], "78": [""], "79": [""], "83": [""], "92": [""], "84": [""], "85": [""], "86": [""], "93": [""], "100": [""], "94": [""], "101": [""], "106": [""], "102": [""], "103": [""], "107": [""], "112": [""], "108": [""], "109": [""], "113": [""], "120": [""], "114": [""], "121": [""], "126": [""], "122": [""], "123": [""], "127": [""], "134": [""], "128": [""], "135": [""], "140": [""], "136": [""], "137": [""], "141": [""], "148": [""], "142": [""], "149": [""], "154": [""], "150": [""], "151": [""], "155": [""], "160": [""], "156": [""], "157": [""], "161": [""], "168": [""], "162": [""], "169": [""], "177": [""], "170": [""], "171": [""], "178": [""], "185": [""], "179": [""], "186": [""], "195": [""], "187": [""], "188": [""], "189": [""], "196": [""], "206": [""], "197": [""], "198": [""], "199": [""], "200": [""], "207": [""], "208": [""], "214": [""], "212": [""], "215": [""], "216": [""], "227": [""], "222": [""], "228": [""], "232": [""], "233": [""], "237": [""], "238": [""], "242": [""], "243": [""], "247": [""], "248": [""], "269": [""], "256": [""], "262": [""], "270": [""], "279": [""], "274": [""], "277": [""], "293": [""], "306": [""], "320": [""], "345": [""]}, "executed_branches": [[250, 256], [256, 262]], "missing_branches": [[250, 251], [256, 257]]}, "Settings.log_level": {"executed_lines": [272, 274, 277], "summary": {"covered_lines": 3, "num_statements": 5, "percent_covered": 55.55555555555556, "percent_covered_display": "55.56", "missing_lines": 2, "excluded_lines": 0, "num_branches": 4, "num_partial_branches": 2, "covered_branches": 2, "missing_branches": 2}, "missing_lines": [273, 275], "excluded_lines": [], "contexts": {"341": [""], "272": [""], "250": [""], "245": [""], "240": [""], "235": [""], "230": [""], "218": [""], "210": [""], "21": [""], "1": [""], "15": [""], "16": [""], "17": [""], "18": [""], "22": [""], "319": [""], "32": [""], "33": [""], "40": [""], "34": [""], "41": [""], "46": [""], "42": [""], "43": [""], "47": [""], "51": [""], "48": [""], "52": [""], "56": [""], "53": [""], "57": [""], "64": [""], "58": [""], "65": [""], "70": [""], "66": [""], "67": [""], "71": [""], "75": [""], "72": [""], "76": [""], "82": [""], "77": [""], "78": [""], "79": [""], "83": [""], "92": [""], "84": [""], "85": [""], "86": [""], "93": [""], "100": [""], "94": [""], "101": [""], "106": [""], "102": [""], "103": [""], "107": [""], "112": [""], "108": [""], "109": [""], "113": [""], "120": [""], "114": [""], "121": [""], "126": [""], "122": [""], "123": [""], "127": [""], "134": [""], "128": [""], "135": [""], "140": [""], "136": [""], "137": [""], "141": [""], "148": [""], "142": [""], "149": [""], "154": [""], "150": [""], "151": [""], "155": [""], "160": [""], "156": [""], "157": [""], "161": [""], "168": [""], "162": [""], "169": [""], "177": [""], "170": [""], "171": [""], "178": [""], "185": [""], "179": [""], "186": [""], "195": [""], "187": [""], "188": [""], "189": [""], "196": [""], "206": [""], "197": [""], "198": [""], "199": [""], "200": [""], "207": [""], "208": [""], "214": [""], "212": [""], "215": [""], "216": [""], "227": [""], "222": [""], "228": [""], "232": [""], "233": [""], "237": [""], "238": [""], "242": [""], "243": [""], "247": [""], "248": [""], "269": [""], "256": [""], "262": [""], "270": [""], "279": [""], "274": [""], "277": [""], "293": [""], "306": [""], "320": [""], "345": [""]}, "executed_branches": [[272, 274], [274, 277]], "missing_branches": [[272, 273], [274, 275]]}, "Settings.get_database_config": {"executed_lines": [], "summary": {"covered_lines": 0, "num_statements": 0, "percent_covered": 100.0, "percent_covered_display": "100.00", "missing_lines": 0, "excluded_lines": 1, "num_branches": 0, "num_partial_branches": 0, "covered_branches": 0, "missing_branches": 0}, "missing_lines": [], "excluded_lines": [286], "contexts": {"341": [""], "272": [""], "250": [""], "245": [""], "240": [""], "235": [""], "230": [""], "218": [""], "210": [""], "21": [""], "1": [""], "15": [""], "16": [""], "17": [""], "18": [""], "22": [""], "319": [""], "32": [""], "33": [""], "40": [""], "34": [""], "41": [""], "46": [""], "42": [""], "43": [""], "47": [""], "51": [""], "48": [""], "52": [""], "56": [""], "53": [""], "57": [""], "64": [""], "58": [""], "65": [""], "70": [""], "66": [""], "67": [""], "71": [""], "75": [""], "72": [""], "76": [""], "82": [""], "77": [""], "78": [""], "79": [""], "83": [""], "92": [""], "84": [""], "85": [""], "86": [""], "93": [""], "100": [""], "94": [""], "101": [""], "106": [""], "102": [""], "103": [""], "107": [""], "112": [""], "108": [""], "109": [""], "113": [""], "120": [""], "114": [""], "121": [""], "126": [""], "122": [""], "123": [""], "127": [""], "134": [""], "128": [""], "135": [""], "140": [""], "136": [""], "137": [""], "141": [""], "148": [""], "142": [""], "149": [""], "154": [""], "150": [""], "151": [""], "155": [""], "160": [""], "156": [""], "157": [""], "161": [""], "168": [""], "162": [""], "169": [""], "177": [""], "170": [""], "171": [""], "178": [""], "185": [""], "179": [""], "186": [""], "195": [""], "187": [""], "188": [""], "189": [""], "196": [""], "206": [""], "197": [""], "198": [""], "199": [""], "200": [""], "207": [""], "208": [""], "214": [""], "212": [""], "215": [""], "216": [""], "227": [""], "222": [""], "228": [""], "232": [""], "233": [""], "237": [""], "238": [""], "242": [""], "243": [""], "247": [""], "248": [""], "269": [""], "256": [""], "262": [""], "270": [""], "279": [""], "274": [""], "277": [""], "293": [""], "306": [""], "320": [""], "345": [""]}, "executed_branches": [], "missing_branches": []}, "Settings.get_stripe_config": {"executed_lines": [], "summary": {"covered_lines": 0, "num_statements": 1, "percent_covered": 0.0, "percent_covered_display": "0.00", "missing_lines": 1, "excluded_lines": 0, "num_branches": 0, "num_partial_branches": 0, "covered_branches": 0, "missing_branches": 0}, "missing_lines": [300], "excluded_lines": [], "contexts": {"341": [""], "272": [""], "250": [""], "245": [""], "240": [""], "235": [""], "230": [""], "218": [""], "210": [""], "21": [""], "1": [""], "15": [""], "16": [""], "17": [""], "18": [""], "22": [""], "319": [""], "32": [""], "33": [""], "40": [""], "34": [""], "41": [""], "46": [""], "42": [""], "43": [""], "47": [""], "51": [""], "48": [""], "52": [""], "56": [""], "53": [""], "57": [""], "64": [""], "58": [""], "65": [""], "70": [""], "66": [""], "67": [""], "71": [""], "75": [""], "72": [""], "76": [""], "82": [""], "77": [""], "78": [""], "79": [""], "83": [""], "92": [""], "84": [""], "85": [""], "86": [""], "93": [""], "100": [""], "94": [""], "101": [""], "106": [""], "102": [""], "103": [""], "107": [""], "112": [""], "108": [""], "109": [""], "113": [""], "120": [""], "114": [""], "121": [""], "126": [""], "122": [""], "123": [""], "127": [""], "134": [""], "128": [""], "135": [""], "140": [""], "136": [""], "137": [""], "141": [""], "148": [""], "142": [""], "149": [""], "154": [""], "150": [""], "151": [""], "155": [""], "160": [""], "156": [""], "157": [""], "161": [""], "168": [""], "162": [""], "169": [""], "177": [""], "170": [""], "171": [""], "178": [""], "185": [""], "179": [""], "186": [""], "195": [""], "187": [""], "188": [""], "189": [""], "196": [""], "206": [""], "197": [""], "198": [""], "199": [""], "200": [""], "207": [""], "208": [""], "214": [""], "212": [""], "215": [""], "216": [""], "227": [""], "222": [""], "228": [""], "232": [""], "233": [""], "237": [""], "238": [""], "242": [""], "243": [""], "247": [""], "248": [""], "269": [""], "256": [""], "262": [""], "270": [""], "279": [""], "274": [""], "277": [""], "293": [""], "306": [""], "320": [""], "345": [""]}, "executed_branches": [], "missing_branches": []}, "Settings.get_email_config": {"executed_lines": [], "summary": {"covered_lines": 0, "num_statements": 1, "percent_covered": 0.0, "percent_covered_display": "0.00", "missing_lines": 1, "excluded_lines": 0, "num_branches": 0, "num_partial_branches": 0, "covered_branches": 0, "missing_branches": 0}, "missing_lines": [313], "excluded_lines": [], "contexts": {"341": [""], "272": [""], "250": [""], "245": [""], "240": [""], "235": [""], "230": [""], "218": [""], "210": [""], "21": [""], "1": [""], "15": [""], "16": [""], "17": [""], "18": [""], "22": [""], "319": [""], "32": [""], "33": [""], "40": [""], "34": [""], "41": [""], "46": [""], "42": [""], "43": [""], "47": [""], "51": [""], "48": [""], "52": [""], "56": [""], "53": [""], "57": [""], "64": [""], "58": [""], "65": [""], "70": [""], "66": [""], "67": [""], "71": [""], "75": [""], "72": [""], "76": [""], "82": [""], "77": [""], "78": [""], "79": [""], "83": [""], "92": [""], "84": [""], "85": [""], "86": [""], "93": [""], "100": [""], "94": [""], "101": [""], "106": [""], "102": [""], "103": [""], "107": [""], "112": [""], "108": [""], "109": [""], "113": [""], "120": [""], "114": [""], "121": [""], "126": [""], "122": [""], "123": [""], "127": [""], "134": [""], "128": [""], "135": [""], "140": [""], "136": [""], "137": [""], "141": [""], "148": [""], "142": [""], "149": [""], "154": [""], "150": [""], "151": [""], "155": [""], "160": [""], "156": [""], "157": [""], "161": [""], "168": [""], "162": [""], "169": [""], "177": [""], "170": [""], "171": [""], "178": [""], "185": [""], "179": [""], "186": [""], "195": [""], "187": [""], "188": [""], "189": [""], "196": [""], "206": [""], "197": [""], "198": [""], "199": [""], "200": [""], "207": [""], "208": [""], "214": [""], "212": [""], "215": [""], "216": [""], "227": [""], "222": [""], "228": [""], "232": [""], "233": [""], "237": [""], "238": [""], "242": [""], "243": [""], "247": [""], "248": [""], "269": [""], "256": [""], "262": [""], "270": [""], "279": [""], "274": [""], "277": [""], "293": [""], "306": [""], "320": [""], "345": [""]}, "executed_branches": [], "missing_branches": []}, "get_settings": {"executed_lines": [341], "summary": {"covered_lines": 1, "num_statements": 1, "percent_covered": 100.0, "percent_covered_display": "100.00", "missing_lines": 0, "excluded_lines": 0, "num_branches": 0, "num_partial_branches": 0, "covered_branches": 0, "missing_branches": 0}, "missing_lines": [], "excluded_lines": [], "contexts": {"341": [""], "272": [""], "250": [""], "245": [""], "240": [""], "235": [""], "230": [""], "218": [""], "210": [""], "21": [""], "1": [""], "15": [""], "16": [""], "17": [""], "18": [""], "22": [""], "319": [""], "32": [""], "33": [""], "40": [""], "34": [""], "41": [""], "46": [""], "42": [""], "43": [""], "47": [""], "51": [""], "48": [""], "52": [""], "56": [""], "53": [""], "57": [""], "64": [""], "58": [""], "65": [""], "70": [""], "66": [""], "67": [""], "71": [""], "75": [""], "72": [""], "76": [""], "82": [""], "77": [""], "78": [""], "79": [""], "83": [""], "92": [""], "84": [""], "85": [""], "86": [""], "93": [""], "100": [""], "94": [""], "101": [""], "106": [""], "102": [""], "103": [""], "107": [""], "112": [""], "108": [""], "109": [""], "113": [""], "120": [""], "114": [""], "121": [""], "126": [""], "122": [""], "123": [""], "127": [""], "134": [""], "128": [""], "135": [""], "140": [""], "136": [""], "137": [""], "141": [""], "148": [""], "142": [""], "149": [""], "154": [""], "150": [""], "151": [""], "155": [""], "160": [""], "156": [""], "157": [""], "161": [""], "168": [""], "162": [""], "169": [""], "177": [""], "170": [""], "171": [""], "178": [""], "185": [""], "179": [""], "186": [""], "195": [""], "187": [""], "188": [""], "189": [""], "196": [""], "206": [""], "197": [""], "198": [""], "199": [""], "200": [""], "207": [""], "208": [""], "214": [""], "212": [""], "215": [""], "216": [""], "227": [""], "222": [""], "228": [""], "232": [""], "233": [""], "237": [""], "238": [""], "242": [""], "243": [""], "247": [""], "248": [""], "269": [""], "256": [""], "262": [""], "270": [""], "279": [""], "274": [""], "277": [""], "293": [""], "306": [""], "320": [""], "345": [""]}, "executed_branches": [], "missing_branches": []}, "": {"executed_lines": [1, 15, 16, 17, 18, 21, 22, 32, 40, 46, 51, 56, 64, 70, 75, 82, 92, 100, 106, 112, 120, 126, 134, 140, 148, 154, 160, 168, 177, 185, 195, 206, 207, 208, 214, 215, 216, 227, 228, 232, 233, 237, 238, 242, 243, 247, 248, 269, 270, 279, 293, 306, 319, 320, 345], "summary": {"covered_lines": 35, "num_statements": 35, "percent_covered": 100.0, "percent_covered_display": "100.00", "missing_lines": 0, "excluded_lines": 18, "num_branches": 0, "num_partial_branches": 0, "covered_branches": 0, "missing_branches": 0}, "missing_lines": [], "excluded_lines": [40, 46, 56, 64, 92, 100, 106, 120, 134, 148, 154, 168, 206, 207, 208, 214, 215, 216], "contexts": {"341": [""], "272": [""], "250": [""], "245": [""], "240": [""], "235": [""], "230": [""], "218": [""], "210": [""], "21": [""], "1": [""], "15": [""], "16": [""], "17": [""], "18": [""], "22": [""], "319": [""], "32": [""], "33": [""], "40": [""], "34": [""], "41": [""], "46": [""], "42": [""], "43": [""], "47": [""], "51": [""], "48": [""], "52": [""], "56": [""], "53": [""], "57": [""], "64": [""], "58": [""], "65": [""], "70": [""], "66": [""], "67": [""], "71": [""], "75": [""], "72": [""], "76": [""], "82": [""], "77": [""], "78": [""], "79": [""], "83": [""], "92": [""], "84": [""], "85": [""], "86": [""], "93": [""], "100": [""], "94": [""], "101": [""], "106": [""], "102": [""], "103": [""], "107": [""], "112": [""], "108": [""], "109": [""], "113": [""], "120": [""], "114": [""], "121": [""], "126": [""], "122": [""], "123": [""], "127": [""], "134": [""], "128": [""], "135": [""], "140": [""], "136": [""], "137": [""], "141": [""], "148": [""], "142": [""], "149": [""], "154": [""], "150": [""], "151": [""], "155": [""], "160": [""], "156": [""], "157": [""], "161": [""], "168": [""], "162": [""], "169": [""], "177": [""], "170": [""], "171": [""], "178": [""], "185": [""], "179": [""], "186": [""], "195": [""], "187": [""], "188": [""], "189": [""], "196": [""], "206": [""], "197": [""], "198": [""], "199": [""], "200": [""], "207": [""], "208": [""], "214": [""], "212": [""], "215": [""], "216": [""], "227": [""], "222": [""], "228": [""], "232": [""], "233": [""], "237": [""], "238": [""], "242": [""], "243": [""], "247": [""], "248": [""], "269": [""], "256": [""], "262": [""], "270": [""], "279": [""], "274": [""], "277": [""], "293": [""], "306": [""], "320": [""], "345": [""]}, "executed_branches": [], "missing_branches": []}}, "classes": {"Settings": {"executed_lines": [210, 212, 218, 222, 230, 235, 240, 245, 250, 256, 262, 272, 274, 277], "summary": {"covered_lines": 10, "num_statements": 16, "percent_covered": 58.333333333333336, "percent_covered_display": "58.33", "missing_lines": 6, "excluded_lines": 11, "num_branches": 8, "num_partial_branches": 4, "covered_branches": 4, "missing_branches": 4}, "missing_lines": [251, 257, 273, 275, 300, 313], "excluded_lines": [209, 210, 211, 212, 217, 218, 219, 220, 221, 222, 286], "contexts": {"341": [""], "272": [""], "250": [""], "245": [""], "240": [""], "235": [""], "230": [""], "218": [""], "210": [""], "21": [""], "1": [""], "15": [""], "16": [""], "17": [""], "18": [""], "22": [""], "319": [""], "32": [""], "33": [""], "40": [""], "34": [""], "41": [""], "46": [""], "42": [""], "43": [""], "47": [""], "51": [""], "48": [""], "52": [""], "56": [""], "53": [""], "57": [""], "64": [""], "58": [""], "65": [""], "70": [""], "66": [""], "67": [""], "71": [""], "75": [""], "72": [""], "76": [""], "82": [""], "77": [""], "78": [""], "79": [""], "83": [""], "92": [""], "84": [""], "85": [""], "86": [""], "93": [""], "100": [""], "94": [""], "101": [""], "106": [""], "102": [""], "103": [""], "107": [""], "112": [""], "108": [""], "109": [""], "113": [""], "120": [""], "114": [""], "121": [""], "126": [""], "122": [""], "123": [""], "127": [""], "134": [""], "128": [""], "135": [""], "140": [""], "136": [""], "137": [""], "141": [""], "148": [""], "142": [""], "149": [""], "154": [""], "150": [""], "151": [""], "155": [""], "160": [""], "156": [""], "157": [""], "161": [""], "168": [""], "162": [""], "169": [""], "177": [""], "170": [""], "171": [""], "178": [""], "185": [""], "179": [""], "186": [""], "195": [""], "187": [""], "188": [""], "189": [""], "196": [""], "206": [""], "197": [""], "198": [""], "199": [""], "200": [""], "207": [""], "208": [""], "214": [""], "212": [""], "215": [""], "216": [""], "227": [""], "222": [""], "228": [""], "232": [""], "233": [""], "237": [""], "238": [""], "242": [""], "243": [""], "247": [""], "248": [""], "269": [""], "256": [""], "262": [""], "270": [""], "279": [""], "274": [""], "277": [""], "293": [""], "306": [""], "320": [""], "345": [""]}, "executed_branches": [[250, 256], [256, 262], [272, 274], [274, 277]], "missing_branches": [[250, 251], [256, 257], [272, 273], [274, 275]]}, "": {"executed_lines": [1, 15, 16, 17, 18, 21, 22, 32, 40, 46, 51, 56, 64, 70, 75, 82, 92, 100, 106, 112, 120, 126, 134, 140, 148, 154, 160, 168, 177, 185, 195, 206, 207, 208, 214, 215, 216, 227, 228, 232, 233, 237, 238, 242, 243, 247, 248, 269, 270, 279, 293, 306, 319, 320, 341, 345], "summary": {"covered_lines": 36, "num_statements": 36, "percent_covered": 100.0, "percent_covered_display": "100.00", "missing_lines": 0, "excluded_lines": 18, "num_branches": 0, "num_partial_branches": 0, "covered_branches": 0, "missing_branches": 0}, "missing_lines": [], "excluded_lines": [40, 46, 56, 64, 92, 100, 106, 120, 134, 148, 154, 168, 206, 207, 208, 214, 215, 216], "contexts": {"341": [""], "272": [""], "250": [""], "245": [""], "240": [""], "235": [""], "230": [""], "218": [""], "210": [""], "21": [""], "1": [""], "15": [""], "16": [""], "17": [""], "18": [""], "22": [""], "319": [""], "32": [""], "33": [""], "40": [""], "34": [""], "41": [""], "46": [""], "42": [""], "43": [""], "47": [""], "51": [""], "48": [""], "52": [""], "56": [""], "53": [""], "57": [""], "64": [""], "58": [""], "65": [""], "70": [""], "66": [""], "67": [""], "71": [""], "75": [""], "72": [""], "76": [""], "82": [""], "77": [""], "78": [""], "79": [""], "83": [""], "92": [""], "84": [""], "85": [""], "86": [""], "93": [""], "100": [""], "94": [""], "101": [""], "106": [""], "102": [""], "103": [""], "107": [""], "112": [""], "108": [""], "109": [""], "113": [""], "120": [""], "114": [""], "121": [""], "126": [""], "122": [""], "123": [""], "127": [""], "134": [""], "128": [""], "135": [""], "140": [""], "136": [""], "137": [""], "141": [""], "148": [""], "142": [""], "149": [""], "154": [""], "150": [""], "151": [""], "155": [""], "160": [""], "156": [""], "157": [""], "161": [""], "168": [""], "162": [""], "169": [""], "177": [""], "170": [""], "171": [""], "178": [""], "185": [""], "179": [""], "186": [""], "195": [""], "187": [""], "188": [""], "189": [""], "196": [""], "206": [""], "197": [""], "198": [""], "199": [""], "200": [""], "207": [""], "208": [""], "214": [""], "212": [""], "215": [""], "216": [""], "227": [""], "222": [""], "228": [""], "232": [""], "233": [""], "237": [""], "238": [""], "242": [""], "243": [""], "247": [""], "248": [""], "269": [""], "256": [""], "262": [""], "270": [""], "279": [""], "274": [""], "277": [""], "293": [""], "306": [""], "320": [""], "345": [""]}, "executed_branches": [], "missing_branches": []}}}, "middleware/__init__.py": {"executed_lines": [1, 24, 49, 82], "summary": {"covered_lines": 3, "num_statements": 3, "percent_covered": 100.0, "percent_covered_display": "100.00", "missing_lines": 0, "excluded_lines": 0, "num_branches": 0, "num_partial_branches": 0, "covered_branches": 0, "missing_branches": 0}, "missing_lines": [], "excluded_lines": [], "contexts": {"1": [""], "24": [""], "49": [""], "82": [""]}, "executed_branches": [], "missing_branches": [], "functions": {"": {"executed_lines": [1, 24, 49, 82], "summary": {"covered_lines": 3, "num_statements": 3, "percent_covered": 100.0, "percent_covered_display": "100.00", "missing_lines": 0, "excluded_lines": 0, "num_branches": 0, "num_partial_branches": 0, "covered_branches": 0, "missing_branches": 0}, "missing_lines": [], "excluded_lines": [], "contexts": {"1": [""], "24": [""], "49": [""], "82": [""]}, "executed_branches": [], "missing_branches": []}}, "classes": {"": {"executed_lines": [1, 24, 49, 82], "summary": {"covered_lines": 3, "num_statements": 3, "percent_covered": 100.0, "percent_covered_display": "100.00", "missing_lines": 0, "excluded_lines": 0, "num_branches": 0, "num_partial_branches": 0, "covered_branches": 0, "missing_branches": 0}, "missing_lines": [], "excluded_lines": [], "contexts": {"1": [""], "24": [""], "49": [""], "82": [""]}, "executed_branches": [], "missing_branches": []}}}, "middleware/auth_middleware.py": {"executed_lines": [1, 27, 28, 29, 30, 32, 33, 34, 35, 37, 38, 41, 44, 51, 99, 134, 172, 209, 264, 323, 324, 333, 352, 353, 375, 384, 416, 455, 508, 521, 534, 547, 564, 573, 602], "summary": {"covered_lines": 32, "num_statements": 136, "percent_covered": 18.823529411764707, "percent_covered_display": "18.82", "missing_lines": 104, "excluded_lines": 13, "num_branches": 34, "num_partial_branches": 0, "covered_branches": 0, "missing_branches": 34}, "missing_lines": [76, 77, 79, 81, 90, 96, 113, 114, 116, 118, 125, 131, 151, 152, 157, 158, 159, 164, 165, 188, 189, 190, 191, 196, 197, 198, 231, 232, 235, 236, 243, 244, 245, 247, 248, 255, 287, 289, 290, 292, 293, 294, 296, 297, 299, 300, 301, 303, 304, 306, 313, 314, 315, 316, 349, 382, 400, 401, 403, 404, 409, 436, 437, 439, 440, 441, 447, 448, 450, 452, 473, 474, 475, 477, 478, 479, 485, 486, 487, 489, 490, 495, 497, 499, 501, 518, 531, 544, 557, 591, 592, 593, 594, 596, 597, 599, 624, 625, 627, 628, 629, 630, 632, 634], "excluded_lines": [1, 57, 100, 135, 173, 353, 438, 476, 509, 522, 535, 548, 606], "contexts": {"352": [""], "323": [""], "1": [""], "27": [""], "28": [""], "29": [""], "30": [""], "32": [""], "33": [""], "34": [""], "35": [""], "37": [""], "38": [""], "41": [""], "44": [""], "51": [""], "52": [""], "99": [""], "53": [""], "54": [""], "55": [""], "56": [""], "134": [""], "172": [""], "210": [""], "209": [""], "265": [""], "211": [""], "264": [""], "266": [""], "324": [""], "335": [""], "333": [""], "336": [""], "353": [""], "416": [""], "375": [""], "386": [""], "384": [""], "387": [""], "455": [""], "508": [""], "521": [""], "534": [""], "547": [""], "565": [""], "564": [""], "573": [""], "566": [""], "567": [""], "568": [""], "569": [""], "603": [""], "602": [""], "604": [""], "605": [""]}, "executed_branches": [], "missing_branches": [[76, 77], [76, 79], [113, 114], [113, 116], [190, 191], [190, 196], [235, 236], [235, 243], [247, 248], [247, 255], [289, 290], [289, 292], [296, 297], [296, 299], [303, 304], [303, 306], [403, 404], [403, 409], [440, 441], [440, 447], [478, 479], [478, 485], [489, 490], [489, 495], [591, 592], [591, 593], [593, 594], [593, 596], [624, 625], [624, 627], [628, 629], [628, 634], [629, 630], [629, 632]], "functions": {"create_access_token": {"executed_lines": [], "summary": {"covered_lines": 0, "num_statements": 6, "percent_covered": 0.0, "percent_covered_display": "0.00", "missing_lines": 6, "excluded_lines": 1, "num_branches": 2, "num_partial_branches": 0, "covered_branches": 0, "missing_branches": 2}, "missing_lines": [76, 77, 79, 81, 90, 96], "excluded_lines": [57], "contexts": {"352": [""], "323": [""], "1": [""], "27": [""], "28": [""], "29": [""], "30": [""], "32": [""], "33": [""], "34": [""], "35": [""], "37": [""], "38": [""], "41": [""], "44": [""], "51": [""], "52": [""], "99": [""], "53": [""], "54": [""], "55": [""], "56": [""], "134": [""], "172": [""], "210": [""], "209": [""], "265": [""], "211": [""], "264": [""], "266": [""], "324": [""], "335": [""], "333": [""], "336": [""], "353": [""], "416": [""], "375": [""], "386": [""], "384": [""], "387": [""], "455": [""], "508": [""], "521": [""], "534": [""], "547": [""], "565": [""], "564": [""], "573": [""], "566": [""], "567": [""], "568": [""], "569": [""], "603": [""], "602": [""], "604": [""], "605": [""]}, "executed_branches": [], "missing_branches": [[76, 77], [76, 79]]}, "create_refresh_token": {"executed_lines": [], "summary": {"covered_lines": 0, "num_statements": 6, "percent_covered": 0.0, "percent_covered_display": "0.00", "missing_lines": 6, "excluded_lines": 1, "num_branches": 2, "num_partial_branches": 0, "covered_branches": 0, "missing_branches": 2}, "missing_lines": [113, 114, 116, 118, 125, 131], "excluded_lines": [100], "contexts": {"352": [""], "323": [""], "1": [""], "27": [""], "28": [""], "29": [""], "30": [""], "32": [""], "33": [""], "34": [""], "35": [""], "37": [""], "38": [""], "41": [""], "44": [""], "51": [""], "52": [""], "99": [""], "53": [""], "54": [""], "55": [""], "56": [""], "134": [""], "172": [""], "210": [""], "209": [""], "265": [""], "211": [""], "264": [""], "266": [""], "324": [""], "335": [""], "333": [""], "336": [""], "353": [""], "416": [""], "375": [""], "386": [""], "384": [""], "387": [""], "455": [""], "508": [""], "521": [""], "534": [""], "547": [""], "565": [""], "564": [""], "573": [""], "566": [""], "567": [""], "568": [""], "569": [""], "603": [""], "602": [""], "604": [""], "605": [""]}, "executed_branches": [], "missing_branches": [[113, 114], [113, 116]]}, "decode_token": {"executed_lines": [], "summary": {"covered_lines": 0, "num_statements": 7, "percent_covered": 0.0, "percent_covered_display": "0.00", "missing_lines": 7, "excluded_lines": 1, "num_branches": 0, "num_partial_branches": 0, "covered_branches": 0, "missing_branches": 0}, "missing_lines": [151, 152, 157, 158, 159, 164, 165], "excluded_lines": [135], "contexts": {"352": [""], "323": [""], "1": [""], "27": [""], "28": [""], "29": [""], "30": [""], "32": [""], "33": [""], "34": [""], "35": [""], "37": [""], "38": [""], "41": [""], "44": [""], "51": [""], "52": [""], "99": [""], "53": [""], "54": [""], "55": [""], "56": [""], "134": [""], "172": [""], "210": [""], "209": [""], "265": [""], "211": [""], "264": [""], "266": [""], "324": [""], "335": [""], "333": [""], "336": [""], "353": [""], "416": [""], "375": [""], "386": [""], "384": [""], "387": [""], "455": [""], "508": [""], "521": [""], "534": [""], "547": [""], "565": [""], "564": [""], "573": [""], "566": [""], "567": [""], "568": [""], "569": [""], "603": [""], "602": [""], "604": [""], "605": [""]}, "executed_branches": [], "missing_branches": []}, "extract_token_from_header": {"executed_lines": [], "summary": {"covered_lines": 0, "num_statements": 7, "percent_covered": 0.0, "percent_covered_display": "0.00", "missing_lines": 7, "excluded_lines": 1, "num_branches": 2, "num_partial_branches": 0, "covered_branches": 0, "missing_branches": 2}, "missing_lines": [188, 189, 190, 191, 196, 197, 198], "excluded_lines": [173], "contexts": {"352": [""], "323": [""], "1": [""], "27": [""], "28": [""], "29": [""], "30": [""], "32": [""], "33": [""], "34": [""], "35": [""], "37": [""], "38": [""], "41": [""], "44": [""], "51": [""], "52": [""], "99": [""], "53": [""], "54": [""], "55": [""], "56": [""], "134": [""], "172": [""], "210": [""], "209": [""], "265": [""], "211": [""], "264": [""], "266": [""], "324": [""], "335": [""], "333": [""], "336": [""], "353": [""], "416": [""], "375": [""], "386": [""], "384": [""], "387": [""], "455": [""], "508": [""], "521": [""], "534": [""], "547": [""], "565": [""], "564": [""], "573": [""], "566": [""], "567": [""], "568": [""], "569": [""], "603": [""], "602": [""], "604": [""], "605": [""]}, "executed_branches": [], "missing_branches": [[190, 191], [190, 196]]}, "get_current_user": {"executed_lines": [], "summary": {"covered_lines": 0, "num_statements": 10, "percent_covered": 0.0, "percent_covered_display": "0.00", "missing_lines": 10, "excluded_lines": 0, "num_branches": 4, "num_partial_branches": 0, "covered_branches": 0, "missing_branches": 4}, "missing_lines": [231, 232, 235, 236, 243, 244, 245, 247, 248, 255], "excluded_lines": [], "contexts": {"352": [""], "323": [""], "1": [""], "27": [""], "28": [""], "29": [""], "30": [""], "32": [""], "33": [""], "34": [""], "35": [""], "37": [""], "38": [""], "41": [""], "44": [""], "51": [""], "52": [""], "99": [""], "53": [""], "54": [""], "55": [""], "56": [""], "134": [""], "172": [""], "210": [""], "209": [""], "265": [""], "211": [""], "264": [""], "266": [""], "324": [""], "335": [""], "333": [""], "336": [""], "353": [""], "416": [""], "375": [""], "386": [""], "384": [""], "387": [""], "455": [""], "508": [""], "521": [""], "534": [""], "547": [""], "565": [""], "564": [""], "573": [""], "566": [""], "567": [""], "568": [""], "569": [""], "603": [""], "602": [""], "604": [""], "605": [""]}, "executed_branches": [], "missing_branches": [[235, 236], [235, 243], [247, 248], [247, 255]]}, "get_optional_user": {"executed_lines": [], "summary": {"covered_lines": 0, "num_statements": 18, "percent_covered": 0.0, "percent_covered_display": "0.00", "missing_lines": 18, "excluded_lines": 0, "num_branches": 6, "num_partial_branches": 0, "covered_branches": 0, "missing_branches": 6}, "missing_lines": [287, 289, 290, 292, 293, 294, 296, 297, 299, 300, 301, 303, 304, 306, 313, 314, 315, 316], "excluded_lines": [], "contexts": {"352": [""], "323": [""], "1": [""], "27": [""], "28": [""], "29": [""], "30": [""], "32": [""], "33": [""], "34": [""], "35": [""], "37": [""], "38": [""], "41": [""], "44": [""], "51": [""], "52": [""], "99": [""], "53": [""], "54": [""], "55": [""], "56": [""], "134": [""], "172": [""], "210": [""], "209": [""], "265": [""], "211": [""], "264": [""], "266": [""], "324": [""], "335": [""], "333": [""], "336": [""], "353": [""], "416": [""], "375": [""], "386": [""], "384": [""], "387": [""], "455": [""], "508": [""], "521": [""], "534": [""], "547": [""], "565": [""], "564": [""], "573": [""], "566": [""], "567": [""], "568": [""], "569": [""], "603": [""], "602": [""], "604": [""], "605": [""]}, "executed_branches": [], "missing_branches": [[289, 290], [289, 292], [296, 297], [296, 299], [303, 304], [303, 306]]}, "CurrentUser.__call__": {"executed_lines": [], "summary": {"covered_lines": 0, "num_statements": 1, "percent_covered": 0.0, "percent_covered_display": "0.00", "missing_lines": 1, "excluded_lines": 0, "num_branches": 0, "num_partial_branches": 0, "covered_branches": 0, "missing_branches": 0}, "missing_lines": [349], "excluded_lines": [], "contexts": {"352": [""], "323": [""], "1": [""], "27": [""], "28": [""], "29": [""], "30": [""], "32": [""], "33": [""], "34": [""], "35": [""], "37": [""], "38": [""], "41": [""], "44": [""], "51": [""], "52": [""], "99": [""], "53": [""], "54": [""], "55": [""], "56": [""], "134": [""], "172": [""], "210": [""], "209": [""], "265": [""], "211": [""], "264": [""], "266": [""], "324": [""], "335": [""], "333": [""], "336": [""], "353": [""], "416": [""], "375": [""], "386": [""], "384": [""], "387": [""], "455": [""], "508": [""], "521": [""], "534": [""], "547": [""], "565": [""], "564": [""], "573": [""], "566": [""], "567": [""], "568": [""], "569": [""], "603": [""], "602": [""], "604": [""], "605": [""]}, "executed_branches": [], "missing_branches": []}, "RoleChecker.__init__": {"executed_lines": [], "summary": {"covered_lines": 0, "num_statements": 1, "percent_covered": 0.0, "percent_covered_display": "0.00", "missing_lines": 1, "excluded_lines": 0, "num_branches": 0, "num_partial_branches": 0, "covered_branches": 0, "missing_branches": 0}, "missing_lines": [382], "excluded_lines": [], "contexts": {"352": [""], "323": [""], "1": [""], "27": [""], "28": [""], "29": [""], "30": [""], "32": [""], "33": [""], "34": [""], "35": [""], "37": [""], "38": [""], "41": [""], "44": [""], "51": [""], "52": [""], "99": [""], "53": [""], "54": [""], "55": [""], "56": [""], "134": [""], "172": [""], "210": [""], "209": [""], "265": [""], "211": [""], "264": [""], "266": [""], "324": [""], "335": [""], "333": [""], "336": [""], "353": [""], "416": [""], "375": [""], "386": [""], "384": [""], "387": [""], "455": [""], "508": [""], "521": [""], "534": [""], "547": [""], "565": [""], "564": [""], "573": [""], "566": [""], "567": [""], "568": [""], "569": [""], "603": [""], "602": [""], "604": [""], "605": [""]}, "executed_branches": [], "missing_branches": []}, "RoleChecker.__call__": {"executed_lines": [], "summary": {"covered_lines": 0, "num_statements": 5, "percent_covered": 0.0, "percent_covered_display": "0.00", "missing_lines": 5, "excluded_lines": 0, "num_branches": 2, "num_partial_branches": 0, "covered_branches": 0, "missing_branches": 2}, "missing_lines": [400, 401, 403, 404, 409], "excluded_lines": [], "contexts": {"352": [""], "323": [""], "1": [""], "27": [""], "28": [""], "29": [""], "30": [""], "32": [""], "33": [""], "34": [""], "35": [""], "37": [""], "38": [""], "41": [""], "44": [""], "51": [""], "52": [""], "99": [""], "53": [""], "54": [""], "55": [""], "56": [""], "134": [""], "172": [""], "210": [""], "209": [""], "265": [""], "211": [""], "264": [""], "266": [""], "324": [""], "335": [""], "333": [""], "336": [""], "353": [""], "416": [""], "375": [""], "386": [""], "384": [""], "387": [""], "455": [""], "508": [""], "521": [""], "534": [""], "547": [""], "565": [""], "564": [""], "573": [""], "566": [""], "567": [""], "568": [""], "569": [""], "603": [""], "602": [""], "604": [""], "605": [""]}, "executed_branches": [], "missing_branches": [[403, 404], [403, 409]]}, "require_auth": {"executed_lines": [], "summary": {"covered_lines": 0, "num_statements": 3, "percent_covered": 0.0, "percent_covered_display": "0.00", "missing_lines": 3, "excluded_lines": 1, "num_branches": 0, "num_partial_branches": 0, "covered_branches": 0, "missing_branches": 0}, "missing_lines": [436, 437, 452], "excluded_lines": [438], "contexts": {"352": [""], "323": [""], "1": [""], "27": [""], "28": [""], "29": [""], "30": [""], "32": [""], "33": [""], "34": [""], "35": [""], "37": [""], "38": [""], "41": [""], "44": [""], "51": [""], "52": [""], "99": [""], "53": [""], "54": [""], "55": [""], "56": [""], "134": [""], "172": [""], "210": [""], "209": [""], "265": [""], "211": [""], "264": [""], "266": [""], "324": [""], "335": [""], "333": [""], "336": [""], "353": [""], "416": [""], "375": [""], "386": [""], "384": [""], "387": [""], "455": [""], "508": [""], "521": [""], "534": [""], "547": [""], "565": [""], "564": [""], "573": [""], "566": [""], "567": [""], "568": [""], "569": [""], "603": [""], "602": [""], "604": [""], "605": [""]}, "executed_branches": [], "missing_branches": []}, "require_auth.wrapper": {"executed_lines": [], "summary": {"covered_lines": 0, "num_statements": 6, "percent_covered": 0.0, "percent_covered_display": "0.00", "missing_lines": 6, "excluded_lines": 0, "num_branches": 2, "num_partial_branches": 0, "covered_branches": 0, "missing_branches": 2}, "missing_lines": [439, 440, 441, 447, 448, 450], "excluded_lines": [], "contexts": {"352": [""], "323": [""], "1": [""], "27": [""], "28": [""], "29": [""], "30": [""], "32": [""], "33": [""], "34": [""], "35": [""], "37": [""], "38": [""], "41": [""], "44": [""], "51": [""], "52": [""], "99": [""], "53": [""], "54": [""], "55": [""], "56": [""], "134": [""], "172": [""], "210": [""], "209": [""], "265": [""], "211": [""], "264": [""], "266": [""], "324": [""], "335": [""], "333": [""], "336": [""], "353": [""], "416": [""], "375": [""], "386": [""], "384": [""], "387": [""], "455": [""], "508": [""], "521": [""], "534": [""], "547": [""], "565": [""], "564": [""], "573": [""], "566": [""], "567": [""], "568": [""], "569": [""], "603": [""], "602": [""], "604": [""], "605": [""]}, "executed_branches": [], "missing_branches": [[440, 441], [440, 447]]}, "require_role": {"executed_lines": [], "summary": {"covered_lines": 0, "num_statements": 3, "percent_covered": 0.0, "percent_covered_display": "0.00", "missing_lines": 3, "excluded_lines": 0, "num_branches": 0, "num_partial_branches": 0, "covered_branches": 0, "missing_branches": 0}, "missing_lines": [473, 474, 501], "excluded_lines": [], "contexts": {"352": [""], "323": [""], "1": [""], "27": [""], "28": [""], "29": [""], "30": [""], "32": [""], "33": [""], "34": [""], "35": [""], "37": [""], "38": [""], "41": [""], "44": [""], "51": [""], "52": [""], "99": [""], "53": [""], "54": [""], "55": [""], "56": [""], "134": [""], "172": [""], "210": [""], "209": [""], "265": [""], "211": [""], "264": [""], "266": [""], "324": [""], "335": [""], "333": [""], "336": [""], "353": [""], "416": [""], "375": [""], "386": [""], "384": [""], "387": [""], "455": [""], "508": [""], "521": [""], "534": [""], "547": [""], "565": [""], "564": [""], "573": [""], "566": [""], "567": [""], "568": [""], "569": [""], "603": [""], "602": [""], "604": [""], "605": [""]}, "executed_branches": [], "missing_branches": []}, "require_role.decorator": {"executed_lines": [], "summary": {"covered_lines": 0, "num_statements": 2, "percent_covered": 0.0, "percent_covered_display": "0.00", "missing_lines": 2, "excluded_lines": 1, "num_branches": 0, "num_partial_branches": 0, "covered_branches": 0, "missing_branches": 0}, "missing_lines": [475, 499], "excluded_lines": [476], "contexts": {"352": [""], "323": [""], "1": [""], "27": [""], "28": [""], "29": [""], "30": [""], "32": [""], "33": [""], "34": [""], "35": [""], "37": [""], "38": [""], "41": [""], "44": [""], "51": [""], "52": [""], "99": [""], "53": [""], "54": [""], "55": [""], "56": [""], "134": [""], "172": [""], "210": [""], "209": [""], "265": [""], "211": [""], "264": [""], "266": [""], "324": [""], "335": [""], "333": [""], "336": [""], "353": [""], "416": [""], "375": [""], "386": [""], "384": [""], "387": [""], "455": [""], "508": [""], "521": [""], "534": [""], "547": [""], "565": [""], "564": [""], "573": [""], "566": [""], "567": [""], "568": [""], "569": [""], "603": [""], "602": [""], "604": [""], "605": [""]}, "executed_branches": [], "missing_branches": []}, "require_role.decorator.wrapper": {"executed_lines": [], "summary": {"covered_lines": 0, "num_statements": 10, "percent_covered": 0.0, "percent_covered_display": "0.00", "missing_lines": 10, "excluded_lines": 0, "num_branches": 4, "num_partial_branches": 0, "covered_branches": 0, "missing_branches": 4}, "missing_lines": [477, 478, 479, 485, 486, 487, 489, 490, 495, 497], "excluded_lines": [], "contexts": {"352": [""], "323": [""], "1": [""], "27": [""], "28": [""], "29": [""], "30": [""], "32": [""], "33": [""], "34": [""], "35": [""], "37": [""], "38": [""], "41": [""], "44": [""], "51": [""], "52": [""], "99": [""], "53": [""], "54": [""], "55": [""], "56": [""], "134": [""], "172": [""], "210": [""], "209": [""], "265": [""], "211": [""], "264": [""], "266": [""], "324": [""], "335": [""], "333": [""], "336": [""], "353": [""], "416": [""], "375": [""], "386": [""], "384": [""], "387": [""], "455": [""], "508": [""], "521": [""], "534": [""], "547": [""], "565": [""], "564": [""], "573": [""], "566": [""], "567": [""], "568": [""], "569": [""], "603": [""], "602": [""], "604": [""], "605": [""]}, "executed_branches": [], "missing_branches": [[478, 479], [478, 485], [489, 490], [489, 495]]}, "require_admin": {"executed_lines": [], "summary": {"covered_lines": 0, "num_statements": 1, "percent_covered": 0.0, "percent_covered_display": "0.00", "missing_lines": 1, "excluded_lines": 1, "num_branches": 0, "num_partial_branches": 0, "covered_branches": 0, "missing_branches": 0}, "missing_lines": [518], "excluded_lines": [509], "contexts": {"352": [""], "323": [""], "1": [""], "27": [""], "28": [""], "29": [""], "30": [""], "32": [""], "33": [""], "34": [""], "35": [""], "37": [""], "38": [""], "41": [""], "44": [""], "51": [""], "52": [""], "99": [""], "53": [""], "54": [""], "55": [""], "56": [""], "134": [""], "172": [""], "210": [""], "209": [""], "265": [""], "211": [""], "264": [""], "266": [""], "324": [""], "335": [""], "333": [""], "336": [""], "353": [""], "416": [""], "375": [""], "386": [""], "384": [""], "387": [""], "455": [""], "508": [""], "521": [""], "534": [""], "547": [""], "565": [""], "564": [""], "573": [""], "566": [""], "567": [""], "568": [""], "569": [""], "603": [""], "602": [""], "604": [""], "605": [""]}, "executed_branches": [], "missing_branches": []}, "require_board_member": {"executed_lines": [], "summary": {"covered_lines": 0, "num_statements": 1, "percent_covered": 0.0, "percent_covered_display": "0.00", "missing_lines": 1, "excluded_lines": 1, "num_branches": 0, "num_partial_branches": 0, "covered_branches": 0, "missing_branches": 0}, "missing_lines": [531], "excluded_lines": [522], "contexts": {"352": [""], "323": [""], "1": [""], "27": [""], "28": [""], "29": [""], "30": [""], "32": [""], "33": [""], "34": [""], "35": [""], "37": [""], "38": [""], "41": [""], "44": [""], "51": [""], "52": [""], "99": [""], "53": [""], "54": [""], "55": [""], "56": [""], "134": [""], "172": [""], "210": [""], "209": [""], "265": [""], "211": [""], "264": [""], "266": [""], "324": [""], "335": [""], "333": [""], "336": [""], "353": [""], "416": [""], "375": [""], "386": [""], "384": [""], "387": [""], "455": [""], "508": [""], "521": [""], "534": [""], "547": [""], "565": [""], "564": [""], "573": [""], "566": [""], "567": [""], "568": [""], "569": [""], "603": [""], "602": [""], "604": [""], "605": [""]}, "executed_branches": [], "missing_branches": []}, "require_instructor": {"executed_lines": [], "summary": {"covered_lines": 0, "num_statements": 1, "percent_covered": 0.0, "percent_covered_display": "0.00", "missing_lines": 1, "excluded_lines": 1, "num_branches": 0, "num_partial_branches": 0, "covered_branches": 0, "missing_branches": 0}, "missing_lines": [544], "excluded_lines": [535], "contexts": {"352": [""], "323": [""], "1": [""], "27": [""], "28": [""], "29": [""], "30": [""], "32": [""], "33": [""], "34": [""], "35": [""], "37": [""], "38": [""], "41": [""], "44": [""], "51": [""], "52": [""], "99": [""], "53": [""], "54": [""], "55": [""], "56": [""], "134": [""], "172": [""], "210": [""], "209": [""], "265": [""], "211": [""], "264": [""], "266": [""], "324": [""], "335": [""], "333": [""], "336": [""], "353": [""], "416": [""], "375": [""], "386": [""], "384": [""], "387": [""], "455": [""], "508": [""], "521": [""], "534": [""], "547": [""], "565": [""], "564": [""], "573": [""], "566": [""], "567": [""], "568": [""], "569": [""], "603": [""], "602": [""], "604": [""], "605": [""]}, "executed_branches": [], "missing_branches": []}, "require_member": {"executed_lines": [], "summary": {"covered_lines": 0, "num_statements": 1, "percent_covered": 0.0, "percent_covered_display": "0.00", "missing_lines": 1, "excluded_lines": 1, "num_branches": 0, "num_partial_branches": 0, "covered_branches": 0, "missing_branches": 0}, "missing_lines": [557], "excluded_lines": [548], "contexts": {"352": [""], "323": [""], "1": [""], "27": [""], "28": [""], "29": [""], "30": [""], "32": [""], "33": [""], "34": [""], "35": [""], "37": [""], "38": [""], "41": [""], "44": [""], "51": [""], "52": [""], "99": [""], "53": [""], "54": [""], "55": [""], "56": [""], "134": [""], "172": [""], "210": [""], "209": [""], "265": [""], "211": [""], "264": [""], "266": [""], "324": [""], "335": [""], "333": [""], "336": [""], "353": [""], "416": [""], "375": [""], "386": [""], "384": [""], "387": [""], "455": [""], "508": [""], "521": [""], "534": [""], "547": [""], "565": [""], "564": [""], "573": [""], "566": [""], "567": [""], "568": [""], "569": [""], "603": [""], "602": [""], "604": [""], "605": [""]}, "executed_branches": [], "missing_branches": []}, "has_role_level": {"executed_lines": [], "summary": {"covered_lines": 0, "num_statements": 7, "percent_covered": 0.0, "percent_covered_display": "0.00", "missing_lines": 7, "excluded_lines": 0, "num_branches": 4, "num_partial_branches": 0, "covered_branches": 0, "missing_branches": 4}, "missing_lines": [591, 592, 593, 594, 596, 597, 599], "excluded_lines": [], "contexts": {"352": [""], "323": [""], "1": [""], "27": [""], "28": [""], "29": [""], "30": [""], "32": [""], "33": [""], "34": [""], "35": [""], "37": [""], "38": [""], "41": [""], "44": [""], "51": [""], "52": [""], "99": [""], "53": [""], "54": [""], "55": [""], "56": [""], "134": [""], "172": [""], "210": [""], "209": [""], "265": [""], "211": [""], "264": [""], "266": [""], "324": [""], "335": [""], "333": [""], "336": [""], "353": [""], "416": [""], "375": [""], "386": [""], "384": [""], "387": [""], "455": [""], "508": [""], "521": [""], "534": [""], "547": [""], "565": [""], "564": [""], "573": [""], "566": [""], "567": [""], "568": [""], "569": [""], "603": [""], "602": [""], "604": [""], "605": [""]}, "executed_branches": [], "missing_branches": [[591, 592], [591, 593], [593, 594], [593, 596]]}, "check_role_permission": {"executed_lines": [], "summary": {"covered_lines": 0, "num_statements": 8, "percent_covered": 0.0, "percent_covered_display": "0.00", "missing_lines": 8, "excluded_lines": 1, "num_branches": 6, "num_partial_branches": 0, "covered_branches": 0, "missing_branches": 6}, "missing_lines": [624, 625, 627, 628, 629, 630, 632, 634], "excluded_lines": [606], "contexts": {"352": [""], "323": [""], "1": [""], "27": [""], "28": [""], "29": [""], "30": [""], "32": [""], "33": [""], "34": [""], "35": [""], "37": [""], "38": [""], "41": [""], "44": [""], "51": [""], "52": [""], "99": [""], "53": [""], "54": [""], "55": [""], "56": [""], "134": [""], "172": [""], "210": [""], "209": [""], "265": [""], "211": [""], "264": [""], "266": [""], "324": [""], "335": [""], "333": [""], "336": [""], "353": [""], "416": [""], "375": [""], "386": [""], "384": [""], "387": [""], "455": [""], "508": [""], "521": [""], "534": [""], "547": [""], "565": [""], "564": [""], "573": [""], "566": [""], "567": [""], "568": [""], "569": [""], "603": [""], "602": [""], "604": [""], "605": [""]}, "executed_branches": [], "missing_branches": [[624, 625], [624, 627], [628, 629], [628, 634], [629, 630], [629, 632]]}, "": {"executed_lines": [1, 27, 28, 29, 30, 32, 33, 34, 35, 37, 38, 41, 44, 51, 99, 134, 172, 209, 264, 323, 324, 333, 352, 353, 375, 384, 416, 455, 508, 521, 534, 547, 564, 573, 602], "summary": {"covered_lines": 32, "num_statements": 32, "percent_covered": 100.0, "percent_covered_display": "100.00", "missing_lines": 0, "excluded_lines": 2, "num_branches": 0, "num_partial_branches": 0, "covered_branches": 0, "missing_branches": 0}, "missing_lines": [], "excluded_lines": [1, 353], "contexts": {"352": [""], "323": [""], "1": [""], "27": [""], "28": [""], "29": [""], "30": [""], "32": [""], "33": [""], "34": [""], "35": [""], "37": [""], "38": [""], "41": [""], "44": [""], "51": [""], "52": [""], "99": [""], "53": [""], "54": [""], "55": [""], "56": [""], "134": [""], "172": [""], "210": [""], "209": [""], "265": [""], "211": [""], "264": [""], "266": [""], "324": [""], "335": [""], "333": [""], "336": [""], "353": [""], "416": [""], "375": [""], "386": [""], "384": [""], "387": [""], "455": [""], "508": [""], "521": [""], "534": [""], "547": [""], "565": [""], "564": [""], "573": [""], "566": [""], "567": [""], "568": [""], "569": [""], "603": [""], "602": [""], "604": [""], "605": [""]}, "executed_branches": [], "missing_branches": []}}, "classes": {"CurrentUser": {"executed_lines": [], "summary": {"covered_lines": 0, "num_statements": 1, "percent_covered": 0.0, "percent_covered_display": "0.00", "missing_lines": 1, "excluded_lines": 0, "num_branches": 0, "num_partial_branches": 0, "covered_branches": 0, "missing_branches": 0}, "missing_lines": [349], "excluded_lines": [], "contexts": {"352": [""], "323": [""], "1": [""], "27": [""], "28": [""], "29": [""], "30": [""], "32": [""], "33": [""], "34": [""], "35": [""], "37": [""], "38": [""], "41": [""], "44": [""], "51": [""], "52": [""], "99": [""], "53": [""], "54": [""], "55": [""], "56": [""], "134": [""], "172": [""], "210": [""], "209": [""], "265": [""], "211": [""], "264": [""], "266": [""], "324": [""], "335": [""], "333": [""], "336": [""], "353": [""], "416": [""], "375": [""], "386": [""], "384": [""], "387": [""], "455": [""], "508": [""], "521": [""], "534": [""], "547": [""], "565": [""], "564": [""], "573": [""], "566": [""], "567": [""], "568": [""], "569": [""], "603": [""], "602": [""], "604": [""], "605": [""]}, "executed_branches": [], "missing_branches": []}, "RoleChecker": {"executed_lines": [], "summary": {"covered_lines": 0, "num_statements": 6, "percent_covered": 0.0, "percent_covered_display": "0.00", "missing_lines": 6, "excluded_lines": 0, "num_branches": 2, "num_partial_branches": 0, "covered_branches": 0, "missing_branches": 2}, "missing_lines": [382, 400, 401, 403, 404, 409], "excluded_lines": [], "contexts": {"352": [""], "323": [""], "1": [""], "27": [""], "28": [""], "29": [""], "30": [""], "32": [""], "33": [""], "34": [""], "35": [""], "37": [""], "38": [""], "41": [""], "44": [""], "51": [""], "52": [""], "99": [""], "53": [""], "54": [""], "55": [""], "56": [""], "134": [""], "172": [""], "210": [""], "209": [""], "265": [""], "211": [""], "264": [""], "266": [""], "324": [""], "335": [""], "333": [""], "336": [""], "353": [""], "416": [""], "375": [""], "386": [""], "384": [""], "387": [""], "455": [""], "508": [""], "521": [""], "534": [""], "547": [""], "565": [""], "564": [""], "573": [""], "566": [""], "567": [""], "568": [""], "569": [""], "603": [""], "602": [""], "604": [""], "605": [""]}, "executed_branches": [], "missing_branches": [[403, 404], [403, 409]]}, "": {"executed_lines": [1, 27, 28, 29, 30, 32, 33, 34, 35, 37, 38, 41, 44, 51, 99, 134, 172, 209, 264, 323, 324, 333, 352, 353, 375, 384, 416, 455, 508, 521, 534, 547, 564, 573, 602], "summary": {"covered_lines": 32, "num_statements": 129, "percent_covered": 19.875776397515526, "percent_covered_display": "19.88", "missing_lines": 97, "excluded_lines": 13, "num_branches": 32, "num_partial_branches": 0, "covered_branches": 0, "missing_branches": 32}, "missing_lines": [76, 77, 79, 81, 90, 96, 113, 114, 116, 118, 125, 131, 151, 152, 157, 158, 159, 164, 165, 188, 189, 190, 191, 196, 197, 198, 231, 232, 235, 236, 243, 244, 245, 247, 248, 255, 287, 289, 290, 292, 293, 294, 296, 297, 299, 300, 301, 303, 304, 306, 313, 314, 315, 316, 436, 437, 439, 440, 441, 447, 448, 450, 452, 473, 474, 475, 477, 478, 479, 485, 486, 487, 489, 490, 495, 497, 499, 501, 518, 531, 544, 557, 591, 592, 593, 594, 596, 597, 599, 624, 625, 627, 628, 629, 630, 632, 634], "excluded_lines": [1, 57, 100, 135, 173, 353, 438, 476, 509, 522, 535, 548, 606], "contexts": {"352": [""], "323": [""], "1": [""], "27": [""], "28": [""], "29": [""], "30": [""], "32": [""], "33": [""], "34": [""], "35": [""], "37": [""], "38": [""], "41": [""], "44": [""], "51": [""], "52": [""], "99": [""], "53": [""], "54": [""], "55": [""], "56": [""], "134": [""], "172": [""], "210": [""], "209": [""], "265": [""], "211": [""], "264": [""], "266": [""], "324": [""], "335": [""], "333": [""], "336": [""], "353": [""], "416": [""], "375": [""], "386": [""], "384": [""], "387": [""], "455": [""], "508": [""], "521": [""], "534": [""], "547": [""], "565": [""], "564": [""], "573": [""], "566": [""], "567": [""], "568": [""], "569": [""], "603": [""], "602": [""], "604": [""], "605": [""]}, "executed_branches": [], "missing_branches": [[76, 77], [76, 79], [113, 114], [113, 116], [190, 191], [190, 196], [235, 236], [235, 243], [247, 248], [247, 255], [289, 290], [289, 292], [296, 297], [296, 299], [303, 304], [303, 306], [440, 441], [440, 447], [478, 479], [478, 485], [489, 490], [489, 495], [591, 592], [591, 593], [593, 594], [593, 596], [624, 625], [624, 627], [628, 629], [628, 634], [629, 630], [629, 632]]}}}, "middleware/permissions.py": {"executed_lines": [1, 23, 24, 25, 27, 44, 65, 87, 122, 168, 210, 286, 327, 364, 412, 452, 497, 539, 584, 620, 647, 677], "summary": {"covered_lines": 21, "num_statements": 148, "percent_covered": 8.75, "percent_covered_display": "8.75", "missing_lines": 127, "excluded_lines": 5, "num_branches": 92, "num_partial_branches": 0, "covered_branches": 0, "missing_branches": 92}, "missing_lines": [62, 80, 113, 116, 117, 119, 145, 146, 149, 150, 153, 154, 158, 161, 162, 163, 165, 192, 193, 196, 197, 200, 201, 203, 237, 238, 239, 240, 242, 247, 248, 251, 252, 255, 256, 257, 258, 260, 266, 267, 270, 271, 272, 273, 275, 280, 281, 283, 309, 310, 313, 314, 317, 318, 321, 322, 324, 346, 347, 350, 351, 354, 355, 357, 394, 395, 398, 399, 402, 403, 406, 407, 409, 434, 435, 438, 439, 442, 443, 445, 476, 477, 480, 481, 482, 483, 485, 491, 492, 494, 517, 518, 521, 522, 525, 526, 529, 530, 532, 558, 559, 562, 563, 565, 566, 569, 570, 573, 574, 575, 578, 579, 581, 602, 603, 606, 607, 610, 611, 613, 640, 641, 670, 671, 701, 702, 704], "excluded_lines": [45, 369, 624, 652, 682], "contexts": {"1": [""], "23": [""], "24": [""], "25": [""], "27": [""], "44": [""], "65": [""], "87": [""], "88": [""], "123": [""], "89": [""], "90": [""], "122": [""], "169": [""], "124": [""], "125": [""], "168": [""], "210": [""], "170": [""], "171": [""], "211": [""], "287": [""], "212": [""], "213": [""], "286": [""], "328": [""], "288": [""], "289": [""], "327": [""], "364": [""], "329": [""], "330": [""], "365": [""], "413": [""], "366": [""], "367": [""], "368": [""], "412": [""], "452": [""], "414": [""], "415": [""], "453": [""], "498": [""], "454": [""], "455": [""], "497": [""], "539": [""], "499": [""], "500": [""], "540": [""], "585": [""], "541": [""], "542": [""], "584": [""], "620": [""], "586": [""], "587": [""], "621": [""], "647": [""], "622": [""], "623": [""], "648": [""], "677": [""], "649": [""], "650": [""], "651": [""], "678": [""], "679": [""], "680": [""], "681": [""]}, "executed_branches": [], "missing_branches": [[116, 117], [116, 119], [149, 150], [149, 153], [153, 154], [153, 161], [154, 158], [154, 161], [161, 162], [161, 165], [162, 163], [162, 165], [196, 197], [196, 200], [200, 201], [200, 203], [237, 238], [237, 251], [238, 239], [238, 240], [242, 247], [242, 248], [251, 252], [251, 255], [255, 256], [255, 270], [256, 257], [256, 258], [260, 266], [260, 267], [270, 271], [270, 283], [271, 272], [271, 273], [275, 280], [275, 281], [313, 314], [313, 317], [317, 318], [317, 321], [321, 322], [321, 324], [350, 351], [350, 354], [354, 355], [354, 357], [398, 399], [398, 402], [402, 403], [402, 406], [406, 407], [406, 409], [438, 439], [438, 442], [442, 443], [442, 445], [476, 477], [476, 480], [480, 481], [480, 494], [481, 482], [481, 483], [485, 491], [485, 492], [521, 522], [521, 525], [525, 526], [525, 529], [529, 530], [529, 532], [558, 559], [558, 562], [562, 563], [562, 565], [569, 570], [569, 573], [573, 574], [573, 578], [574, 575], [574, 578], [578, 579], [578, 581], [606, 607], [606, 610], 
[...]
es": 0, "excluded_lines": 0, "num_branches": 2, "num_partial_branches": 0, "covered_branches": 2, "missing_branches": 0}, "missing_lines": [], "excluded_lines": [], "contexts": {"687": [""], "123": [""], "86": [""], "53": [""], "48": [""], "43": [""], "38": [""], "33": [""], "28": [""], "1": [""], "9": [""], "10": [""], "11": [""], "12": [""], "14": [""], "15": [""], "16": [""], "18": [""], "21": [""], "22": [""], "23": [""], "24": [""], "29": [""], "30": [""], "34": [""], "35": [""], "39": [""], "40": [""], "44": [""], "45": [""], "49": [""], "50": [""], "54": [""], "675": [""], "66": [""], "68": [""], "108": [""], "69": [""], "70": [""], "71": [""], "72": [""], "73": [""], "87": [""], "88": [""], "90": [""], "92": [""], "96": [""], "95": [""], "102": [""], "97": [""], "98": [""], "104": [""], "106": [""], "145": [""], "109": [""], "110": [""], "111": [""], "126": [""], "127": [""], "134": [""], "128": [""], "129": [""], "130": [""], "135": [""], "140": [""], "136": [""], "137": [""], "141": [""], "143": [""], "158": [""], "210": [""], "212": [""], "251": [""], "213": [""], "214": [""], "215": [""], "249": [""], "290": [""], "252": [""], "253": [""], "292": [""], "338": [""], "293": [""], "294": [""], "295": [""], "296": [""], "297": [""], "340": [""], "383": [""], "341": [""], "342": [""], "343": [""], "344": [""], "381": [""], "415": [""], "384": [""], "385": [""], "417": [""], "466": [""], "418": [""], "419": [""], "420": [""], "421": [""], "422": [""], "468": [""], "533": [""], "469": [""], "470": [""], "471": [""], "472": [""], "535": [""], "588": [""], "536": [""], "537": [""], "586": [""], "616": [""], "589": [""], "618": [""], "659": [""], "619": [""], "620": [""], "621": [""], "665": [""], "669": [""], "678": [""], "694": [""], "688": [""], "690": [""]}, "executed_branches": [[687, 688], [687, 690]], "missing_branches": []}, "": {"executed_lines": [1, 9, 10, 11, 12, 14, 15, 16, 18, 21, 22, 28, 29, 30, 33, 34, 35, 38, 39, 40, 43, 44, 45, 48, 49, 50, 53, 54, 66, 106, 145, 158, 210, 249, 290, 338, 381, 415, 466, 533, 586, 616, 659, 665, 669, 675, 678, 694], "summary": {"covered_lines": 36, "num_statements": 36, "percent_covered": 100.0, "percent_covered_display": "100.00", "missing_lines": 0, "excluded_lines": 5, "num_branches": 0, "num_partial_branches": 0, "covered_branches": 0, "missing_branches": 0}, "missing_lines": [], "excluded_lines": [30, 35, 40, 45, 50], "contexts": {"687": [""], "123": [""], "86": [""], "53": [""], "48": [""], "43": [""], "38": [""], "33": [""], "28": [""], "1": [""], "9": [""], "10": [""], "11": [""], "12": [""], "14": [""], "15": [""], "16": [""], "18": [""], "21": [""], "22": [""], "23": [""], "24": [""], "29": [""], "30": [""], "34": [""], "35": [""], "39": [""], "40": [""], "44": [""], "45": [""], "49": [""], "50": [""], "54": [""], "675": [""], "66": [""], "68": [""], "108": [""], "69": [""], "70": [""], "71": [""], "72": [""], "73": [""], "87": [""], "88": [""], "90": [""], "92": [""], "96": [""], "95": [""], "102": [""], "97": [""], "98": [""], "104": [""], "106": [""], "145": [""], "109": [""], "110": [""], "111": [""], "126": [""], "127": [""], "134": [""], "128": [""], "129": [""], "130": [""], "135": [""], "140": [""], "136": [""], "137": [""], "141": [""], "143": [""], "158": [""], "210": [""], "212": [""], "251": [""], "213": [""], "214": [""], "215": [""], "249": [""], "290": [""], "252": [""], "253": [""], "292": [""], "338": [""], "293": [""], "294": [""], "295": [""], "296": [""], "297": [""], "340": [""], "383": [""], "341": [""], "342": [""], "343": [""], "344": [""], "381": [""], "415": [""], "384": [""], "385": [""], "417": [""], "466": [""], "418": [""], "419": [""], "420": [""], "421": [""], "422": [""], "468": [""], "533": [""], "469": [""], "470": [""], "471": [""], "472": [""], "535": [""], "588": [""], "536": [""], "537": [""], "586": [""], "616": [""], "589": [""], "618": [""], "659": [""], "619": [""], "620": [""], "621": [""], "665": [""], "669": [""], "678": [""], "694": [""], "688": [""], "690": [""]}, "executed_branches": [], "missing_branches": []}}, "classes": {"ZeroDBError": {"executed_lines": [], "summary": {"covered_lines": 0, "num_statements": 0, "percent_covered": 100.0, "percent_covered_display": "100.00", "missing_lines": 0, "excluded_lines": 0, "num_branches": 0, "num_partial_branches": 0, "covered_branches": 0, "missing_branches": 0}, "missing_lines": [], "excluded_lines": [], "contexts": {"687": [""], "123": [""], "86": [""], "53": [""], "48": [""], "43": [""], "38": [""], "33": [""], "28": [""], "1": [""], "9": [""], "10": [""], "11": [""], "12": [""], "14": [""], "15": [""], "16": [""], "18": [""], "21": [""], "22": [""], "23": [""], "24": [""], "29": [""], "30": [""], "34": [""], "35": [""], "39": [""], "40": [""], "44": [""], "45": [""], "49": [""], "50": [""], "54": [""], "675": [""], "66": [""], "68": [""], "108": [""], "69": [""], "70": [""], "71": [""], "72": [""], "73": [""], "87": [""], "88": [""], "90": [""], "92": [""], "96": [""], "95": [""], "102": [""], "97": [""], "98": [""], "104": [""], "106": [""], "145": [""], "109": [""], "110": [""], "111": [""], "126": [""], "127": [""], "134": [""], "128": [""], "129": [""], "130": [""], "135": [""], "140": [""], "136": [""], "137": [""], "141": [""], "143": [""], "158": [""], "210": [""], "212": [""], "251": [""], "213": [""], "214": [""], "215": [""], "249": [""], "290": [""], "252": [""], "253": [""], "292": [""], "338": [""], "293": [""], "294": [""], "295": [""], "296": [""], "297": [""], "340": [""], "383": [""], "341": [""], "342": [""], "343": [""], "344": [""], "381": [""], "415": [""], "384": [""], "385": [""], "417": [""], "466": [""], "418": [""], "419": [""], "420": [""], "421": [""], "422": [""], "468": [""], "533": [""], "469": [""], "470": [""], "471": [""], "472": [""], "535": [""], "588": [""], "536": [""], "537": [""], "586": [""], "616": [""], "589": [""], "618": [""], "659": [""], "619": [""], "620": [""], "621": [""], "665": [""], "669": [""], "678": [""], "694": [""], "688": [""], "690": [""]}, "executed_branches": [], "missing_branches": []}, "ZeroDBConnectionError": {"executed_lines": [], "summary": {"covered_lines": 0, "num_statements": 0, "percent_covered": 100.0, "percent_covered_display": "100.00", "missing_lines": 0, "excluded_lines": 0, "num_branches": 0, "num_partial_branches": 0, "covered_branches": 0, "missing_branches": 0}, "missing_lines": [], "excluded_lines": [], "contexts": {"687": [""], "123": [""], "86": [""], "53": [""], "48": [""], "43": [""], "38": [""], "33": [""], "28": [""], "1": [""], "9": [""], "10": [""], "11": [""], "12": [""], "14": [""], "15": [""], "16": [""], "18": [""], "21": [""], "22": [""], "23": [""], "24": [""], "29": [""], "30": [""], "34": [""], "35": [""], "39": [""], "40": [""], "44": [""], "45": [""], "49": [""], "50": [""], "54": [""], "675": [""], "66": [""], "68": [""], "108": [""], "69": [""], "70": [""], "71": [""], "72": [""], "73": [""], "87": [""], "88": [""], "90": [""], "92": [""], "96": [""], "95": [""], "102": [""], "97": [""], "98": [""], "104": [""], "106": [""], "145": [""], "109": [""], "110": [""], "111": [""], "126": [""], "127": [""], "134": [""], "128": [""], "129": [""], "130": [""], "135": [""], "140": [""], "136": [""], "137": [""], "141": [""], "143": [""], "158": [""], "210": [""], "212": [""], "251": [""], "213": [""], "214": [""], "215": [""], "249": [""], "290": [""], "252": [""], "253": [""], "292": [""], "338": [""], "293": [""], "294": [""], "295": [""], "296": [""], "297": [""], "340": [""], "383": [""], "341": [""], "342": [""], "343": [""], "344": [""], "381": [""], "415": [""], "384": [""], "385": [""], "417": [""], "466": [""], "418": [""], "419": [""], "420": [""], "421": [""], "422": [""], "468": [""], "533": [""], "469": [""], "470": [""], "471": [""], "472": [""], "535": [""], "588": [""], "536": [""], "537": [""], "586": [""], "616": [""], "589": [""], "618": [""], "659": [""], "619": [""], "620": [""], "621": [""], "665": [""], "669": [""], "678": [""], "694": [""], "688": [""], "690": [""]}, "executed_branches": [], "missing_branches": []}, "ZeroDBAuthenticationError": {"executed_lines": [], "summary": {"covered_lines": 0, "num_statements": 0, "percent_covered": 100.0, "percent_covered_display": "100.00", "missing_lines": 0, "excluded_lines": 0, "num_branches": 0, "num_partial_branches": 0, "covered_branches": 0, "missing_branches": 0}, "missing_lines": [], "excluded_lines": [], "contexts": {"687": [""], "123": [""], "86": [""], "53": [""], "48": [""], "43": [""], "38": [""], "33": [""], "28": [""], "1": [""], "9": [""], "10": [""], "11": [""], "12": [""], "14": [""], "15": [""], "16": [""], "18": [""], "21": [""], "22": [""], "23": [""], "24": [""], "29": [""], "30": [""], "34": [""], "35": [""], "39": [""], "40": [""], "44": [""], "45": [""], "49": [""], "50": [""], "54": [""], "675": [""], "66": [""], "68": [""], "108": [""], "69": [""], "70": [""], "71": [""], "72": [""], "73": [""], "87": [""], "88": [""], "90": [""], "92": [""], "96": [""], "95": [""], "102": [""], "97": [""], "98": [""], "104": [""], "106": [""], "145": [""], "109": [""], "110": [""], "111": [""], "126": [""], "127": [""], "134": [""], "128": [""], "129": [""], "130": [""], "135": [""], "140": [""], "136": [""], "137": [""], "141": [""], "143": [""], "158": [""], "210": [""], "212": [""], "251": [""], "213": [""], "214": [""], "215": [""], "249": [""], "290": [""], "252": [""], "253": [""], "292": [""], "338": [""], "293": [""], "294": [""], "295": [""], "296": [""], "297": [""], "340": [""], "383": [""], "341": [""], "342": [""], "343": [""], "344": [""], "381": [""], "415": [""], "384": [""], "385": [""], "417": [""], "466": [""], "418": [""], "419": [""], "420": [""], "421": [""], "422": [""], "468": [""], "533": [""], "469": [""], "470": [""], "471": [""], "472": [""], "535": [""], "588": [""], "536": [""], "537": [""], "586": [""], "616": [""], "589": [""], "618": [""], "659": [""], "619": [""], "620": [""], "621": [""], "665": [""], "669": [""], "678": [""], "694": [""], "688": [""], "690": [""]}, "executed_branches": [], "missing_branches": []}, "ZeroDBNotFoundError": {"executed_lines": [], "summary": {"covered_lines": 0, "num_statements": 0, "percent_covered": 100.0, "percent_covered_display": "100.00", "missing_lines": 0, "excluded_lines": 0, "num_branches": 0, "num_partial_branches": 0, "covered_branches": 0, "missing_branches": 0}, "missing_lines": [], "excluded_lines": [], "contexts": {"687": [""], "123": [""], "86": [""], "53": [""], "48": [""], "43": [""], "38": [""], "33": [""], "28": [""], "1": [""], "9": [""], "10": [""], "11": [""], "12": [""], "14": [""], "15": [""], "16": [""], "18": [""], "21": [""], "22": [""], "23": [""], "24": [""], "29": [""], "30": [""], "34": [""], "35": [""], "39": [""], "40": [""], "44": [""], "45": [""], "49": [""], "50": [""], "54": [""], "675": [""], "66": [""], "68": [""], "108": [""], "69": [""], "70": [""], "71": [""], "72": [""], "73": [""], "87": [""], "88": [""], "90": [""], "92": [""], "96": [""], "95": [""], "102": [""], "97": [""], "98": [""], "104": [""], "106": [""], "145": [""], "109": [""], "110": [""], "111": [""], "126": [""], "127": [""], "134": [""], "128": [""], "129": [""], "130": [""], "135": [""], "140": [""], "136": [""], "137": [""], "141": [""], "143": [""], "158": [""], "210": [""], "212": [""], "251": [""], "213": [""], "214": [""], "215": [""], "249": [""], "290": [""], "252": [""], "253": [""], "292": [""], "338": [""], "293": [""], "294": [""], "295": [""], "296": [""], "297": [""], "340": [""], "383": [""], "341": [""], "342": [""], "343": [""], "344": [""], "381": [""], "415": [""], "384": [""], "385": [""], "417": [""], "466": [""], "418": [""], "419": [""], "420": [""], "421": [""], "422": [""], "468": [""], "533": [""], "469": [""], "470": [""], "471": [""], "472": [""], "535": [""], "588": [""], "536": [""], "537": [""], "586": [""], "616": [""], "589": [""], "618": [""], "659": [""], "619": [""], "620": [""], "621": [""], "665": [""], "669": [""], "678": [""], "694": [""], "688": [""], "690": [""]}, "executed_branches": [], "missing_branches": []}, "ZeroDBValidationError": {"executed_lines": [], "summary": {"covered_lines": 0, "num_statements": 0, "percent_covered": 100.0, "percent_covered_display": "100.00", "missing_lines": 0, "excluded_lines": 0, "num_branches": 0, "num_partial_branches": 0, "covered_branches": 0, "missing_branches": 0}, "missing_lines": [], "excluded_lines": [], "contexts": {"687": [""], "123": [""], "86": [""], "53": [""], "48": [""], "43": [""], "38": [""], "33": [""], "28": [""], "1": [""], "9": [""], "10": [""], "11": [""], "12": [""], "14": [""], "15": [""], "16": [""], "18": [""], "21": [""], "22": [""], "23": [""], "24": [""], "29": [""], "30": [""], "34": [""], "35": [""], "39": [""], "40": [""], "44": [""], "45": [""], "49": [""], "50": [""], "54": [""], "675": [""], "66": [""], "68": [""], "108": [""], "69": [""], "70": [""], "71": [""], "72": [""], "73": [""], "87": [""], "88": [""], "90": [""], "92": [""], "96": [""], "95": [""], "102": [""], "97": [""], "98": [""], "104": [""], "106": [""], "145": [""], "109": [""], "110": [""], "111": [""], "126": [""], "127": [""], "134": [""], "128": [""], "129": [""], "130": [""], "135": [""], "140": [""], "136": [""], "137": [""], "141": [""], "143": [""], "158": [""], "210": [""], "212": [""], "251": [""], "213": [""], "214": [""], "215": [""], "249": [""], "290": [""], "252": [""], "253": [""], "292": [""], "338": [""], "293": [""], "294": [""], "295": [""], "296": [""], "297": [""], "340": [""], "383": [""], "341": [""], "342": [""], "343": [""], "344": [""], "381": [""], "415": [""], "384": [""], "385": [""], "417": [""], "466": [""], "418": [""], "419": [""], "420": [""], "421": [""], "422": [""], "468": [""], "533": [""], "469": [""], "470": [""], "471": [""], "472": [""], "535": [""], "588": [""], "536": [""], "537": [""], "586": [""], "616": [""], "589": [""], "618": [""], "659": [""], "619": [""], "620": [""], "621": [""], "665": [""], "669": [""], "678": [""], "694": [""], "688": [""], "690": [""]}, "executed_branches": [], "missing_branches": []}, "ZeroDBClient": {"executed_lines": [86, 87, 88, 90, 92, 95, 102, 104, 123, 126, 134, 140, 141, 143], "summary": {"covered_lines": 14, "num_statements": 168, "percent_covered": 7.920792079207921, "percent_covered_display": "7.92", "missing_lines": 154, "excluded_lines": 0, "num_branches": 34, "num_partial_branches": 2, "covered_branches": 2, "missing_branches": 32}, "missing_lines": [91, 93, 155, 156, 174, 175, 176, 177, 178, 179, 180, 181, 182, 184, 186, 187, 188, 189, 190, 191, 192, 193, 194, 196, 197, 198, 199, 200, 201, 202, 203, 204, 205, 206, 231, 233, 234, 235, 237, 238, 245, 246, 247, 268, 270, 271, 272, 277, 278, 279, 280, 281, 282, 283, 284, 285, 286, 287, 288, 314, 316, 322, 323, 325, 326, 333, 334, 335, 336, 362, 364, 369, 370, 377, 378, 379, 400, 402, 403, 409, 410, 411, 440, 442, 448, 449, 451, 452, 459, 460, 461, 462, 489, 490, 492, 493, 495, 496, 498, 499, 500, 502, 505, 509, 510, 511, 513, 517, 518, 527, 529, 530, 531, 552, 554, 555, 563, 564, 565, 566, 567, 568, 570, 571, 573, 575, 576, 578, 579, 580, 581, 582, 584, 603, 605, 606, 612, 613, 614, 636, 638, 643, 644, 646, 647, 654, 655, 656, 657, 661, 662, 663, 667, 671], "excluded_lines": [], "contexts": {"687": [""], "123": [""], "86": [""], "53": [""], "48": [""], "43": [""], "38": [""], "33": [""], "28": [""], "1": [""], "9": [""], "10": [""], "11": [""], "12": [""], "14": [""], "15": [""], "16": [""], "18": [""], "21": [""], "22": [""], "23": [""], "24": [""], "29": [""], "30": [""], "34": [""], "35": [""], "39": [""], "40": [""], "44": [""], "45": [""], "49": [""], "50": [""], "54": [""], "675": [""], "66": [""], "68": [""], "108": [""], "69": [""], "70": [""], "71": [""], "72": [""], "73": [""], "87": [""], "88": [""], "90": [""], "92": [""], "96": [""], "95": [""], "102": [""], "97": [""], "98": [""], "104": [""], "106": [""], "145": [""], "109": [""], "110": [""], "111": [""], "126": [""], "127": [""], "134": [""], "128": [""], "129": [""], "130": [""], "135": [""], "140": [""], "136": [""], "137": [""], "141": [""], "143": [""], "158": [""], "210": [""], "212": [""], "251": [""], "213": [""], "214": [""], "215": [""], "249": [""], "290": [""], "252": [""], "253": [""], "292": [""], "338": [""], "293": [""], "294": [""], "295": [""], "296": [""], "297": [""], "340": [""], "383": [""], "341": [""], "342": [""], "343": [""], "344": [""], "381": [""], "415": [""], "384": [""], "385": [""], "417": [""], "466": [""], "418": [""], "419": [""], "420": [""], "421": [""], "422": [""], "468": [""], "533": [""], "469": [""], "470": [""], "471": [""], "472": [""], "535": [""], "588": [""], "536": [""], "537": [""], "586": [""], "616": [""], "589": [""], "618": [""], "659": [""], "619": [""], "620": [""], "621": [""], "665": [""], "669": [""], "678": [""], "694": [""], "688": [""], "690": [""]}, "executed_branches": [[90, 92], [92, 95]], "missing_branches": [[90, 91], [92, 93], [186, 187], [186, 189], [189, 190], [189, 192], [192, 193], [192, 196], [234, 235], [234, 237], [322, 323], [322, 325], [448, 449], [448, 451], [492, 493], [492, 495], [495, 496], [495, 498], [498, 499], [498, 502], [510, 511], [510, 513], [563, 564], [563, 575], [570, 571], [570, 573], [578, 579], [578, 584], [643, 644], [643, 646], [661, -659], [661, 662]]}, "": {"executed_lines": [1, 9, 10, 11, 12, 14, 15, 16, 18, 21, 22, 28, 29, 30, 33, 34, 35, 38, 39, 40, 43, 44, 45, 48, 49, 50, 53, 54, 66, 106, 145, 158, 210, 249, 290, 338, 381, 415, 466, 533, 586, 616, 659, 665, 669, 675, 678, 687, 688, 690, 694], "summary": {"covered_lines": 39, "num_statements": 39, "percent_covered": 100.0, "percent_covered_display": "100.00", "missing_lines": 0, "excluded_lines": 5, "num_branches": 2, "num_partial_branches": 0, "covered_branches": 2, "missing_branches": 0}, "missing_lines": [], "excluded_lines": [30, 35, 40, 45, 50], "contexts": {"687": [""], "123": [""], "86": [""], "53": [""], "48": [""], "43": [""], "38": [""], "33": [""], "28": [""], "1": [""], "9": [""], "10": [""], "11": [""], "12": [""], "14": [""], "15": [""], "16": [""], "18": [""], "21": [""], "22": [""], "23": [""], "24": [""], "29": [""], "30": [""], "34": [""], "35": [""], "39": [""], "40": [""], "44": [""], "45": [""], "49": [""], "50": [""], "54": [""], "675": [""], "66": [""], "68": [""], "108": [""], "69": [""], "70": [""], "71": [""], "72": [""], "73": [""], "87": [""], "88": [""], "90": [""], "92": [""], "96": [""], "95": [""], "102": [""], "97": [""], "98": [""], "104": [""], "106": [""], "145": [""], "109": [""], "110": [""], "111": [""], "126": [""], "127": [""], "134": [""], "128": [""], "129": [""], "130": [""], "135": [""], "140": [""], "136": [""], "137": [""], "141": [""], "143": [""], "158": [""], "210": [""], "212": [""], "251": [""], "213": [""], "214": [""], "215": [""], "249": [""], "290": [""], "252": [""], "253": [""], "292": [""], "338": [""], "293": [""], "294": [""], "295": [""], "296": [""], "297": [""], "340": [""], "383": [""], "341": [""], "342": [""], "343": [""], "344": [""], "381": [""], "415": [""], "384": [""], "385": [""], "417": [""], "466": [""], "418": [""], "419": [""], "420": [""], "421": [""], "422": [""], "468": [""], "533": [""], "469": [""], "470": [""], "471": [""], "472": [""], "535": [""], "588": [""], "536": [""], "537": [""], "586": [""], "616": [""], "589": [""], "618": [""], "659": [""], "619": [""], "620": [""], "621": [""], "665": [""], "669": [""], "678": [""], "694": [""], "688": [""], "690": [""]}, "executed_branches": [[687, 688], [687, 690]], "missing_branches": []}}}}, "totals": {"covered_lines": 834, "num_statements": 1389, "percent_covered": 53.96729254996971, "percent_covered_display": "53.97", "missing_lines": 555, "excluded_lines": 1021, "num_branches": 262, "num_partial_branches": 21, "covered_branches": 57, "missing_branches": 205}}